{"C:\\Projects\\hsse-project\\reactjs\\src\\App.js": {"path":"C:\\Projects\\hsse-project\\reactjs\\src\\App.js","statementMap":{"0":{"start":{"line":1,"column":13},"end":{"line":1,"column":75}},"1":{"start":{"line":1,"column":94},"end":{"line":1,"column":144}},"2":{"start":{"line":22,"column":13},"end":{"line":22,"column":29}},"3":{"start":{"line":22,"column":44},"end":{"line":22,"column":74}},"4":{"start":{"line":22,"column":97},"end":{"line":22,"column":124}},"5":{"start":{"line":22,"column":139},"end":{"line":22,"column":156}},"6":{"start":{"line":22,"column":172},"end":{"line":22,"column":203}},"7":{"start":{"line":22,"column":218},"end":{"line":22,"column":237}},"8":{"start":{"line":22,"column":253},"end":{"line":22,"column":284}},"9":{"start":{"line":22,"column":285},"end":{"line":22,"column":305}},"10":{"start":{"line":22,"column":305},"end":{"line":22,"column":340}},"11":{"start":{"line":23,"column":0},"end":{"line":23,"column":29}},"12":{"start":{"line":23,"column":67},"end":{"line":23,"column":121}},"13":{"start":{"line":26,"column":0},"end":{"line":26,"column":52}},"14":{"start":{"line":26,"column":36},"end":{"line":26,"column":50}},"15":{"start":{"line":36,"column":25},"end":{"line":36,"column":91}},"16":{"start":{"line":38,"column":8},"end":{"line":40,"column":138}},"17":{"start":{"line":44,"column":6},"end":{"line":47,"column":4}}},"fnMap":{"0":{"name":"_interopRequireDefault","decl":{"start":{"line":23,"column":38},"end":{"line":23,"column":60}},"loc":{"start":{"line":23,"column":66},"end":{"line":23,"column":122}},"line":23},"1":{"name":"(anonymous_1)","decl":{"start":{"line":26,"column":31},"end":{"line":26,"column":32}},"loc":{"start":{"line":26,"column":36},"end":{"line":26,"column":50}},"line":26},"2":{"name":"(anonymous_2)","decl":{"start":{"line":30,"column":4},"end":{"line":30,"column":5}},"loc":{"start":{"line":30,"column":13},"end":{"line":44,"column":5}},"line":30}},"branchMap":{"0":{"loc":{"start":{"line":23,"column":74},"end":{"line":23,"column":120}},"type":"cond-expr","locations":[{"start":{"line":23,"column":98},"end":{"line":23,"column":101}},{"start":{"line":23,"column":104},"end":{"line":23,"column":120}}],"line":23},"1":{"loc":{"start":{"line":23,"column":74},"end":{"line":23,"column":95}},"type":"binary-expr","locations":[{"start":{"line":23,"column":74},"end":{"line":23,"column":77}},{"start":{"line":23,"column":81},"end":{"line":23,"column":95}}],"line":23},"2":{"loc":{"start":{"line":36,"column":25},"end":{"line":36,"column":91}},"type":"cond-expr","locations":[{"start":{"line":36,"column":66},"end":{"line":36,"column":69}},{"start":{"line":36,"column":72},"end":{"line":36,"column":91}}],"line":36},"3":{"loc":{"start":{"line":36,"column":72},"end":{"line":36,"column":91}},"type":"binary-expr","locations":[{"start":{"line":36,"column":72},"end":{"line":36,"column":84}},{"start":{"line":36,"column":88},"end":{"line":36,"column":91}}],"line":36}},"s":{"0":0,"1":0,"2":0,"3":0,"4":0,"5":0,"6":0,"7":0,"8":0,"9":0,"10":0,"11":0,"12":0,"13":0,"14":0,"15":0,"16":0,"17":0},"f":{"0":0,"1":0,"2":0},"b":{"0":[0,0],"1":[0,0],"2":[0,0],"3":[0,0]}}
,"C:\\Projects\\hsse-project\\reactjs\\src\\Menu.js": {"path":"C:\\Projects\\hsse-project\\reactjs\\src\\Menu.js","statementMap":{"0":{"start":{"line":1,"column":13},"end":{"line":1,"column":75}},"1":{"start":{"line":1,"column":88},"end":{"line":378,"column":39}},"2":{"start":{"line":378,"column":40},"end":{"line":384,"column":5}}},"fnMap":{},"branchMap":{},"s":{"0":0,"1":0,"2":0},"f":{},"b":{}}
,"C:\\Projects\\hsse-project\\reactjs\\src\\Root.js": {"path":"C:\\Projects\\hsse-project\\reactjs\\src\\Root.js","statementMap":{"0":{"start":{"line":1,"column":13},"end":{"line":1,"column":75}},"1":{"start":{"line":1,"column":94},"end":{"line":1,"column":145}},"2":{"start":{"line":1,"column":159},"end":{"line":1,"column":175}},"3":{"start":{"line":1,"column":190},"end":{"line":1,"column":220}},"4":{"start":{"line":2,"column":18},"end":{"line":2,"column":40}},"5":{"start":{"line":3,"column":13},"end":{"line":3,"column":29}},"6":{"start":{"line":4,"column":18},"end":{"line":4,"column":40}},"7":{"start":{"line":4,"column":60},"end":{"line":4,"column":95}},"8":{"start":{"line":6,"column":16},"end":{"line":6,"column":37}},"9":{"start":{"line":6,"column":55},"end":{"line":6,"column":88}},"10":{"start":{"line":6,"column":127},"end":{"line":6,"column":181}},"11":{"start":{"line":6,"column":182},"end":{"line":21,"column":2}},"12":{"start":{"line":10,"column":18},"end":{"line":13,"column":54}},"13":{"start":{"line":16,"column":4},"end":{"line":18,"column":18}}},"fnMap":{"0":{"name":"_interopRequireDefault","decl":{"start":{"line":6,"column":98},"end":{"line":6,"column":120}},"loc":{"start":{"line":6,"column":126},"end":{"line":6,"column":182}},"line":6},"1":{"name":"(anonymous_1)","decl":{"start":{"line":8,"column":0},"end":{"line":8,"column":1}},"loc":{"start":{"line":8,"column":93},"end":{"line":21,"column":1}},"line":8}},"branchMap":{"0":{"loc":{"start":{"line":6,"column":134},"end":{"line":6,"column":180}},"type":"cond-expr","locations":[{"start":{"line":6,"column":158},"end":{"line":6,"column":161}},{"start":{"line":6,"column":164},"end":{"line":6,"column":180}}],"line":6},"1":{"loc":{"start":{"line":6,"column":134},"end":{"line":6,"column":155}},"type":"binary-expr","locations":[{"start":{"line":6,"column":134},"end":{"line":6,"column":137}},{"start":{"line":6,"column":141},"end":{"line":6,"column":155}}],"line":6},"2":{"loc":{"start":{"line":8,"column":13},"end":{"line":8,"column":86}},"type":"default-arg","locations":[{"start":{"line":8,"column":28},"end":{"line":8,"column":86}}],"line":8}},"s":{"0":0,"1":0,"2":0,"3":0,"4":0,"5":0,"6":0,"7":0,"8":0,"9":0,"10":0,"11":0,"12":0,"13":0},"f":{"0":0,"1":0},"b":{"0":[0,0],"1":[0,0],"2":[0]}}
,"C:\\Projects\\hsse-project\\reactjs\\src\\Routes.js": {"path":"C:\\Projects\\hsse-project\\reactjs\\src\\Routes.js","statementMap":{"0":{"start":{"line":1,"column":13},"end":{"line":1,"column":75}},"1":{"start":{"line":1,"column":94},"end":{"line":1,"column":147}},"2":{"start":{"line":10,"column":13},"end":{"line":10,"column":29}},"3":{"start":{"line":10,"column":44},"end":{"line":10,"column":74}},"4":{"start":{"line":10,"column":97},"end":{"line":10,"column":124}},"5":{"start":{"line":10,"column":153},"end":{"line":10,"column":186}},"6":{"start":{"line":10,"column":199},"end":{"line":10,"column":234}},"7":{"start":{"line":10,"column":248},"end":{"line":10,"column":277}},"8":{"start":{"line":10,"column":294},"end":{"line":10,"column":333}},"9":{"start":{"line":10,"column":351},"end":{"line":10,"column":384}},"10":{"start":{"line":10,"column":403},"end":{"line":10,"column":448}},"11":{"start":{"line":10,"column":468},"end":{"line":10,"column":503}},"12":{"start":{"line":11,"column":19},"end":{"line":11,"column":64}},"13":{"start":{"line":11,"column":84},"end":{"line":11,"column":120}},"14":{"start":{"line":13,"column":15},"end":{"line":13,"column":54}},"15":{"start":{"line":13,"column":71},"end":{"line":13,"column":103}},"16":{"start":{"line":15,"column":15},"end":{"line":15,"column":55}},"17":{"start":{"line":15,"column":72},"end":{"line":15,"column":104}},"18":{"start":{"line":16,"column":21},"end":{"line":16,"column":67}},"19":{"start":{"line":16,"column":90},"end":{"line":16,"column":128}},"20":{"start":{"line":17,"column":18},"end":{"line":17,"column":61}},"21":{"start":{"line":17,"column":81},"end":{"line":17,"column":116}},"22":{"start":{"line":18,"column":16},"end":{"line":18,"column":57}},"23":{"start":{"line":18,"column":75},"end":{"line":18,"column":108}},"24":{"start":{"line":19,"column":15},"end":{"line":19,"column":55}},"25":{"start":{"line":19,"column":72},"end":{"line":19,"column":104}},"26":{"start":{"line":20,"column":17},"end":{"line":20,"column":59}},"27":{"start":{"line":20,"column":78},"end":{"line":20,"column":112}},"28":{"start":{"line":21,"column":25},"end":{"line":21,"column":75}},"29":{"start":{"line":21,"column":102},"end":{"line":21,"column":144}},"30":{"start":{"line":22,"column":16},"end":{"line":22,"column":57}},"31":{"start":{"line":22,"column":75},"end":{"line":22,"column":108}},"32":{"start":{"line":23,"column":16},"end":{"line":23,"column":57}},"33":{"start":{"line":23,"column":75},"end":{"line":23,"column":108}},"34":{"start":{"line":24,"column":13},"end":{"line":24,"column":51}},"35":{"start":{"line":24,"column":66},"end":{"line":24,"column":96}},"36":{"start":{"line":25,"column":12},"end":{"line":25,"column":49}},"37":{"start":{"line":25,"column":63},"end":{"line":25,"column":92}},"38":{"start":{"line":26,"column":19},"end":{"line":26,"column":63}},"39":{"start":{"line":26,"column":84},"end":{"line":26,"column":120}},"40":{"start":{"line":27,"column":18},"end":{"line":27,"column":61}},"41":{"start":{"line":27,"column":81},"end":{"line":27,"column":116}},"42":{"start":{"line":28,"column":17},"end":{"line":28,"column":59}},"43":{"start":{"line":28,"column":78},"end":{"line":28,"column":112}},"44":{"start":{"line":29,"column":20},"end":{"line":29,"column":65}},"45":{"start":{"line":29,"column":87},"end":{"line":29,"column":124}},"46":{"start":{"line":30,"column":14},"end":{"line":30,"column":53}},"47":{"start":{"line":30,"column":69},"end":{"line":30,"column":100}},"48":{"start":{"line":32,"column":17},"end":{"line":32,"column":57}},"49":{"start":{"line":32,"column":76},"end":{"line":32,"column":110}},"50":{"start":{"line":33,"column":19},"end":{"line":33,"column":61}},"51":{"start":{"line":33,"column":82},"end":{"line":33,"column":118}},"52":{"start":{"line":34,"column":20},"end":{"line":34,"column":63}},"53":{"start":{"line":34,"column":85},"end":{"line":34,"column":122}},"54":{"start":{"line":35,"column":19},"end":{"line":35,"column":61}},"55":{"start":{"line":35,"column":82},"end":{"line":35,"column":118}},"56":{"start":{"line":36,"column":21},"end":{"line":36,"column":65}},"57":{"start":{"line":36,"column":88},"end":{"line":36,"column":126}},"58":{"start":{"line":38,"column":18},"end":{"line":38,"column":57}},"59":{"start":{"line":38,"column":77},"end":{"line":38,"column":112}},"60":{"start":{"line":39,"column":18},"end":{"line":39,"column":57}},"61":{"start":{"line":39,"column":77},"end":{"line":39,"column":112}},"62":{"start":{"line":41,"column":21},"end":{"line":41,"column":65}},"63":{"start":{"line":41,"column":88},"end":{"line":41,"column":126}},"64":{"start":{"line":42,"column":21},"end":{"line":42,"column":65}},"65":{"start":{"line":42,"column":88},"end":{"line":42,"column":126}},"66":{"start":{"line":43,"column":21},"end":{"line":43,"column":65}},"67":{"start":{"line":43,"column":88},"end":{"line":43,"column":126}},"68":{"start":{"line":44,"column":16},"end":{"line":44,"column":55}},"69":{"start":{"line":44,"column":73},"end":{"line":44,"column":106}},"70":{"start":{"line":46,"column":20},"end":{"line":46,"column":62}},"71":{"start":{"line":46,"column":84},"end":{"line":46,"column":121}},"72":{"start":{"line":47,"column":20},"end":{"line":47,"column":62}},"73":{"start":{"line":47,"column":84},"end":{"line":47,"column":121}},"74":{"start":{"line":48,"column":22},"end":{"line":48,"column":66}},"75":{"start":{"line":48,"column":90},"end":{"line":48,"column":129}},"76":{"start":{"line":49,"column":18},"end":{"line":49,"column":58}},"77":{"start":{"line":49,"column":78},"end":{"line":49,"column":113}},"78":{"start":{"line":50,"column":18},"end":{"line":50,"column":58}},"79":{"start":{"line":50,"column":78},"end":{"line":50,"column":113}},"80":{"start":{"line":51,"column":19},"end":{"line":51,"column":60}},"81":{"start":{"line":51,"column":81},"end":{"line":51,"column":117}},"82":{"start":{"line":53,"column":13},"end":{"line":53,"column":48}},"83":{"start":{"line":53,"column":63},"end":{"line":53,"column":93}},"84":{"start":{"line":54,"column":16},"end":{"line":54,"column":54}},"85":{"start":{"line":54,"column":72},"end":{"line":54,"column":105}},"86":{"start":{"line":55,"column":15},"end":{"line":55,"column":52}},"87":{"start":{"line":55,"column":69},"end":{"line":55,"column":101}},"88":{"start":{"line":56,"column":12},"end":{"line":56,"column":46}},"89":{"start":{"line":56,"column":60},"end":{"line":56,"column":89}},"90":{"start":{"line":57,"column":16},"end":{"line":57,"column":54}},"91":{"start":{"line":57,"column":72},"end":{"line":57,"column":105}},"92":{"start":{"line":58,"column":13},"end":{"line":58,"column":51}},"93":{"start":{"line":58,"column":66},"end":{"line":58,"column":96}},"94":{"start":{"line":59,"column":19},"end":{"line":59,"column":60}},"95":{"start":{"line":59,"column":81},"end":{"line":59,"column":117}},"96":{"start":{"line":61,"column":15},"end":{"line":61,"column":53}},"97":{"start":{"line":61,"column":70},"end":{"line":61,"column":102}},"98":{"start":{"line":62,"column":16},"end":{"line":62,"column":55}},"99":{"start":{"line":62,"column":73},"end":{"line":62,"column":106}},"100":{"start":{"line":63,"column":16},"end":{"line":63,"column":55}},"101":{"start":{"line":63,"column":73},"end":{"line":63,"column":106}},"102":{"start":{"line":64,"column":15},"end":{"line":64,"column":53}},"103":{"start":{"line":64,"column":70},"end":{"line":64,"column":102}},"104":{"start":{"line":65,"column":14},"end":{"line":65,"column":51}},"105":{"start":{"line":65,"column":67},"end":{"line":65,"column":98}},"106":{"start":{"line":66,"column":12},"end":{"line":66,"column":47}},"107":{"start":{"line":66,"column":61},"end":{"line":66,"column":90}},"108":{"start":{"line":67,"column":15},"end":{"line":67,"column":53}},"109":{"start":{"line":67,"column":70},"end":{"line":67,"column":102}},"110":{"start":{"line":68,"column":18},"end":{"line":68,"column":59}},"111":{"start":{"line":68,"column":79},"end":{"line":68,"column":114}},"112":{"start":{"line":69,"column":22},"end":{"line":69,"column":67}},"113":{"start":{"line":69,"column":91},"end":{"line":69,"column":130}},"114":{"start":{"line":70,"column":16},"end":{"line":70,"column":55}},"115":{"start":{"line":70,"column":73},"end":{"line":70,"column":106}},"116":{"start":{"line":71,"column":11},"end":{"line":71,"column":45}},"117":{"start":{"line":71,"column":58},"end":{"line":71,"column":86}},"118":{"start":{"line":72,"column":19},"end":{"line":72,"column":61}},"119":{"start":{"line":72,"column":82},"end":{"line":72,"column":118}},"120":{"start":{"line":73,"column":17},"end":{"line":73,"column":57}},"121":{"start":{"line":73,"column":76},"end":{"line":73,"column":110}},"122":{"start":{"line":74,"column":18},"end":{"line":74,"column":59}},"123":{"start":{"line":74,"column":79},"end":{"line":74,"column":114}},"124":{"start":{"line":75,"column":13},"end":{"line":75,"column":49}},"125":{"start":{"line":75,"column":64},"end":{"line":75,"column":94}},"126":{"start":{"line":76,"column":22},"end":{"line":76,"column":67}},"127":{"start":{"line":76,"column":91},"end":{"line":76,"column":130}},"128":{"start":{"line":77,"column":16},"end":{"line":77,"column":55}},"129":{"start":{"line":77,"column":73},"end":{"line":77,"column":106}},"130":{"start":{"line":78,"column":16},"end":{"line":78,"column":55}},"131":{"start":{"line":78,"column":73},"end":{"line":78,"column":106}},"132":{"start":{"line":79,"column":19},"end":{"line":79,"column":61}},"133":{"start":{"line":79,"column":82},"end":{"line":79,"column":118}},"134":{"start":{"line":80,"column":18},"end":{"line":80,"column":59}},"135":{"start":{"line":80,"column":79},"end":{"line":80,"column":114}},"136":{"start":{"line":81,"column":17},"end":{"line":81,"column":57}},"137":{"start":{"line":81,"column":76},"end":{"line":81,"column":110}},"138":{"start":{"line":83,"column":23},"end":{"line":83,"column":72}},"139":{"start":{"line":83,"column":97},"end":{"line":83,"column":137}},"140":{"start":{"line":84,"column":26},"end":{"line":84,"column":78}},"141":{"start":{"line":84,"column":106},"end":{"line":84,"column":149}},"142":{"start":{"line":85,"column":25},"end":{"line":85,"column":76}},"143":{"start":{"line":85,"column":103},"end":{"line":85,"column":145}},"144":{"start":{"line":86,"column":28},"end":{"line":86,"column":82}},"145":{"start":{"line":86,"column":112},"end":{"line":86,"column":157}},"146":{"start":{"line":87,"column":25},"end":{"line":87,"column":76}},"147":{"start":{"line":87,"column":103},"end":{"line":87,"column":145}},"148":{"start":{"line":89,"column":16},"end":{"line":89,"column":53}},"149":{"start":{"line":89,"column":71},"end":{"line":89,"column":104}},"150":{"start":{"line":90,"column":16},"end":{"line":90,"column":53}},"151":{"start":{"line":90,"column":71},"end":{"line":90,"column":104}},"152":{"start":{"line":91,"column":20},"end":{"line":91,"column":61}},"153":{"start":{"line":91,"column":83},"end":{"line":91,"column":120}},"154":{"start":{"line":92,"column":23},"end":{"line":92,"column":67}},"155":{"start":{"line":92,"column":92},"end":{"line":92,"column":132}},"156":{"start":{"line":94,"column":23},"end":{"line":94,"column":68}},"157":{"start":{"line":94,"column":93},"end":{"line":94,"column":133}},"158":{"start":{"line":95,"column":19},"end":{"line":95,"column":60}},"159":{"start":{"line":95,"column":81},"end":{"line":95,"column":117}},"160":{"start":{"line":96,"column":23},"end":{"line":96,"column":68}},"161":{"start":{"line":96,"column":93},"end":{"line":96,"column":133}},"162":{"start":{"line":96,"column":172},"end":{"line":96,"column":226}},"163":{"start":{"line":102,"column":20},"end":{"line":109,"column":15}},"164":{"start":{"line":112,"column":15},"end":{"line":249,"column":1}},"165":{"start":{"line":113,"column":23},"end":{"line":113,"column":61}},"166":{"start":{"line":114,"column":20},"end":{"line":114,"column":45}},"167":{"start":{"line":127,"column":26},"end":{"line":127,"column":38}},"168":{"start":{"line":129,"column":4},"end":{"line":248,"column":5}},"169":{"start":{"line":130,"column":8},"end":{"line":140,"column":210}},"170":{"start":{"line":146,"column":8},"end":{"line":240,"column":186}},"171":{"start":{"line":249,"column":2},"end":{"line":251,"column":40}}},"fnMap":{"0":{"name":"_interopRequireDefault","decl":{"start":{"line":96,"column":143},"end":{"line":96,"column":165}},"loc":{"start":{"line":96,"column":171},"end":{"line":96,"column":227}},"line":96},"1":{"name":"(anonymous_1)","decl":{"start":{"line":112,"column":15},"end":{"line":112,"column":16}},"loc":{"start":{"line":112,"column":33},"end":{"line":249,"column":1}},"line":112}},"branchMap":{"0":{"loc":{"start":{"line":96,"column":179},"end":{"line":96,"column":225}},"type":"cond-expr","locations":[{"start":{"line":96,"column":203},"end":{"line":96,"column":206}},{"start":{"line":96,"column":209},"end":{"line":96,"column":225}}],"line":96},"1":{"loc":{"start":{"line":96,"column":179},"end":{"line":96,"column":200}},"type":"binary-expr","locations":[{"start":{"line":96,"column":179},"end":{"line":96,"column":182}},{"start":{"line":96,"column":186},"end":{"line":96,"column":200}}],"line":96},"2":{"loc":{"start":{"line":113,"column":23},"end":{"line":113,"column":61}},"type":"binary-expr","locations":[{"start":{"line":113,"column":23},"end":{"line":113,"column":54}},{"start":{"line":113,"column":58},"end":{"line":113,"column":61}}],"line":113},"3":{"loc":{"start":{"line":129,"column":4},"end":{"line":248,"column":5}},"type":"if","locations":[{"start":{"line":129,"column":4},"end":{"line":248,"column":5}},{"start":{"line":129,"column":4},"end":{"line":248,"column":5}}],"line":129}},"s":{"0":0,"1":0,"2":0,"3":0,"4":0,"5":0,"6":0,"7":0,"8":0,"9":0,"10":0,"11":0,"12":0,"13":0,"14":0,"15":0,"16":0,"17":0,"18":0,"19":0,"20":0,"21":0,"22":0,"23":0,"24":0,"25":0,"26":0,"27":0,"28":0,"29":0,"30":0,"31":0,"32":0,"33":0,"34":0,"35":0,"36":0,"37":0,"38":0,"39":0,"40":0,"41":0,"42":0,"43":0,"44":0,"45":0,"46":0,"47":0,"48":0,"49":0,"50":0,"51":0,"52":0,"53":0,"54":0,"55":0,"56":0,"57":0,"58":0,"59":0,"60":0,"61":0,"62":0,"63":0,"64":0,"65":0,"66":0,"67":0,"68":0,"69":0,"70":0,"71":0,"72":0,"73":0,"74":0,"75":0,"76":0,"77":0,"78":0,"79":0,"80":0,"81":0,"82":0,"83":0,"84":0,"85":0,"86":0,"87":0,"88":0,"89":0,"90":0,"91":0,"92":0,"93":0,"94":0,"95":0,"96":0,"97":0,"98":0,"99":0,"100":0,"101":0,"102":0,"103":0,"104":0,"105":0,"106":0,"107":0,"108":0,"109":0,"110":0,"111":0,"112":0,"113":0,"114":0,"115":0,"116":0,"117":0,"118":0,"119":0,"120":0,"121":0,"122":0,"123":0,"124":0,"125":0,"126":0,"127":0,"128":0,"129":0,"130":0,"131":0,"132":0,"133":0,"134":0,"135":0,"136":0,"137":0,"138":0,"139":0,"140":0,"141":0,"142":0,"143":0,"144":0,"145":0,"146":0,"147":0,"148":0,"149":0,"150":0,"151":0,"152":0,"153":0,"154":0,"155":0,"156":0,"157":0,"158":0,"159":0,"160":0,"161":0,"162":0,"163":0,"164":0,"165":0,"166":0,"167":0,"168":0,"169":0,"170":0,"171":0},"f":{"0":0,"1":0},"b":{"0":[0,0],"1":[0,0],"2":[0,0],"3":[0,0]}}
,"C:\\Projects\\hsse-project\\reactjs\\src\\Vendor.js": {"path":"C:\\Projects\\hsse-project\\reactjs\\src\\Vendor.js","statementMap":{"0":{"start":{"line":2,"column":0},"end":{"line":2,"column":26}},"1":{"start":{"line":4,"column":0},"end":{"line":4,"column":32}},"2":{"start":{"line":6,"column":0},"end":{"line":6,"column":68}},"3":{"start":{"line":7,"column":0},"end":{"line":7,"column":69}},"4":{"start":{"line":8,"column":0},"end":{"line":8,"column":67}},"5":{"start":{"line":9,"column":0},"end":{"line":9,"column":70}},"6":{"start":{"line":11,"column":0},"end":{"line":11,"column":39}},"7":{"start":{"line":13,"column":0},"end":{"line":13,"column":55}},"8":{"start":{"line":15,"column":0},"end":{"line":15,"column":51}},"9":{"start":{"line":16,"column":0},"end":{"line":16,"column":56}}},"fnMap":{},"branchMap":{},"s":{"0":0,"1":0,"2":0,"3":0,"4":0,"5":0,"6":0,"7":0,"8":0,"9":0},"f":{},"b":{}}
,"C:\\Projects\\hsse-project\\reactjs\\src\\i18n.js": {"path":"C:\\Projects\\hsse-project\\reactjs\\src\\i18n.js","statementMap":{"0":{"start":{"line":1,"column":13},"end":{"line":1,"column":75}},"1":{"start":{"line":1,"column":90},"end":{"line":1,"column":108}},"2":{"start":{"line":1,"column":125},"end":{"line":1,"column":157}},"3":{"start":{"line":2,"column":25},"end":{"line":2,"column":55}},"4":{"start":{"line":2,"column":82},"end":{"line":2,"column":124}},"5":{"start":{"line":4,"column":20},"end":{"line":4,"column":44}},"6":{"start":{"line":4,"column":83},"end":{"line":4,"column":137}},"7":{"start":{"line":6,"column":0},"end":{"line":20,"column":24}},"8":{"start":{"line":21,"column":0},"end":{"line":25,"column":18}}},"fnMap":{"0":{"name":"_interopRequireDefault","decl":{"start":{"line":4,"column":54},"end":{"line":4,"column":76}},"loc":{"start":{"line":4,"column":82},"end":{"line":4,"column":138}},"line":4}},"branchMap":{"0":{"loc":{"start":{"line":4,"column":90},"end":{"line":4,"column":136}},"type":"cond-expr","locations":[{"start":{"line":4,"column":114},"end":{"line":4,"column":117}},{"start":{"line":4,"column":120},"end":{"line":4,"column":136}}],"line":4},"1":{"loc":{"start":{"line":4,"column":90},"end":{"line":4,"column":111}},"type":"binary-expr","locations":[{"start":{"line":4,"column":90},"end":{"line":4,"column":93}},{"start":{"line":4,"column":97},"end":{"line":4,"column":111}}],"line":4}},"s":{"0":0,"1":0,"2":0,"3":0,"4":0,"5":0,"6":0,"7":0,"8":0},"f":{"0":0},"b":{"0":[0,0],"1":[0,0]}}
,"C:\\Projects\\hsse-project\\reactjs\\src\\index.js": {"path":"C:\\Projects\\hsse-project\\reactjs\\src\\index.js","statementMap":{"0":{"start":{"line":1,"column":32},"end":{"line":1,"column":84}},"1":{"start":{"line":1,"column":98},"end":{"line":1,"column":114}},"2":{"start":{"line":1,"column":129},"end":{"line":1,"column":159}},"3":{"start":{"line":2,"column":16},"end":{"line":2,"column":36}},"4":{"start":{"line":2,"column":54},"end":{"line":2,"column":87}},"5":{"start":{"line":4,"column":12},"end":{"line":4,"column":29}},"6":{"start":{"line":4,"column":43},"end":{"line":4,"column":72}},"7":{"start":{"line":5,"column":11},"end":{"line":5,"column":27}},"8":{"start":{"line":5,"column":40},"end":{"line":5,"column":68}},"9":{"start":{"line":7,"column":0},"end":{"line":7,"column":18}},"10":{"start":{"line":7,"column":56},"end":{"line":7,"column":110}},"11":{"start":{"line":9,"column":0},"end":{"line":13,"column":32}}},"fnMap":{"0":{"name":"_interopRequireDefault","decl":{"start":{"line":7,"column":27},"end":{"line":7,"column":49}},"loc":{"start":{"line":7,"column":55},"end":{"line":7,"column":111}},"line":7}},"branchMap":{"0":{"loc":{"start":{"line":7,"column":63},"end":{"line":7,"column":109}},"type":"cond-expr","locations":[{"start":{"line":7,"column":87},"end":{"line":7,"column":90}},{"start":{"line":7,"column":93},"end":{"line":7,"column":109}}],"line":7},"1":{"loc":{"start":{"line":7,"column":63},"end":{"line":7,"column":84}},"type":"binary-expr","locations":[{"start":{"line":7,"column":63},"end":{"line":7,"column":66}},{"start":{"line":7,"column":70},"end":{"line":7,"column":84}}],"line":7}},"s":{"0":0,"1":0,"2":0,"3":0,"4":0,"5":0,"6":0,"7":0,"8":0,"9":0,"10":0,"11":0},"f":{"0":0},"b":{"0":[0,0],"1":[0,0]}}
,"C:\\Projects\\hsse-project\\reactjs\\src\\modernizr.js": {"path":"C:\\Projects\\hsse-project\\reactjs\\src\\modernizr.js","statementMap":{"0":{"start":{"line":4,"column":0},"end":{"line":4,"column":10925}},"1":{"start":{"line":4,"column":39},"end":{"line":4,"column":61}},"2":{"start":{"line":4,"column":100},"end":{"line":4,"column":673}},"3":{"start":{"line":4,"column":117},"end":{"line":4,"column":673}},"4":{"start":{"line":4,"column":143},"end":{"line":4,"column":357}},"5":{"start":{"line":4,"column":267},"end":{"line":4,"column":357}},"6":{"start":{"line":4,"column":314},"end":{"line":4,"column":357}},"7":{"start":{"line":4,"column":357},"end":{"line":4,"column":672}},"8":{"start":{"line":4,"column":429},"end":{"line":4,"column":672}},"9":{"start":{"line":4,"column":697},"end":{"line":4,"column":708}},"10":{"start":{"line":4,"column":713},"end":{"line":4,"column":748}},"11":{"start":{"line":4,"column":749},"end":{"line":4,"column":897}},"12":{"start":{"line":4,"column":817},"end":{"line":4,"column":859}},"13":{"start":{"line":4,"column":860},"end":{"line":4,"column":896}},"14":{"start":{"line":4,"column":897},"end":{"line":4,"column":1012}},"15":{"start":{"line":4,"column":1027},"end":{"line":4,"column":1217}},"16":{"start":{"line":4,"column":1236},"end":{"line":4,"column":1266}},"17":{"start":{"line":4,"column":1289},"end":{"line":4,"column":1295}},"18":{"start":{"line":4,"column":1296},"end":{"line":4,"column":1352}},"19":{"start":{"line":4,"column":1393},"end":{"line":4,"column":1404}},"20":{"start":{"line":4,"column":1409},"end":{"line":4,"column":1417}},"21":{"start":{"line":4,"column":1422},"end":{"line":4,"column":1425}},"22":{"start":{"line":4,"column":1426},"end":{"line":4,"column":1522}},"23":{"start":{"line":4,"column":1447},"end":{"line":4,"column":1522}},"24":{"start":{"line":4,"column":1460},"end":{"line":4,"column":1522}},"25":{"start":{"line":4,"column":1522},"end":{"line":4,"column":1981}},"26":{"start":{"line":4,"column":1997},"end":{"line":4,"column":2099}},"27":{"start":{"line":4,"column":2043},"end":{"line":4,"column":2072}},"28":{"start":{"line":4,"column":2127},"end":{"line":4,"column":2460}},"29":{"start":{"line":4,"column":2157},"end":{"line":4,"column":2192}},"30":{"start":{"line":4,"column":2200},"end":{"line":4,"column":2209}},"31":{"start":{"line":4,"column":2210},"end":{"line":4,"column":2407}},"32":{"start":{"line":4,"column":2226},"end":{"line":4,"column":2259}},"33":{"start":{"line":4,"column":2264},"end":{"line":4,"column":2407}},"34":{"start":{"line":4,"column":2280},"end":{"line":4,"column":2305}},"35":{"start":{"line":4,"column":2306},"end":{"line":4,"column":2406}},"36":{"start":{"line":4,"column":2414},"end":{"line":4,"column":2460}},"37":{"start":{"line":4,"column":2460},"end":{"line":4,"column":2469}},"38":{"start":{"line":4,"column":2496},"end":{"line":4,"column":2504}},"39":{"start":{"line":4,"column":2505},"end":{"line":4,"column":2611}},"40":{"start":{"line":4,"column":2545},"end":{"line":4,"column":2600}},"41":{"start":{"line":4,"column":2558},"end":{"line":4,"column":2600}},"42":{"start":{"line":4,"column":2590},"end":{"line":4,"column":2600}},"43":{"start":{"line":4,"column":2600},"end":{"line":4,"column":2610}},"44":{"start":{"line":4,"column":2611},"end":{"line":4,"column":2856}},"45":{"start":{"line":4,"column":2640},"end":{"line":4,"column":2701}},"46":{"start":{"line":4,"column":2663},"end":{"line":4,"column":2701}},"47":{"start":{"line":4,"column":2701},"end":{"line":4,"column":2855}},"48":{"start":{"line":4,"column":2808},"end":{"line":4,"column":2852}},"49":{"start":{"line":4,"column":2856},"end":{"line":4,"column":2865}},"50":{"start":{"line":4,"column":2881},"end":{"line":4,"column":2986}},"51":{"start":{"line":4,"column":2938},"end":{"line":4,"column":2965}},"52":{"start":{"line":4,"column":3025},"end":{"line":4,"column":3065}},"53":{"start":{"line":4,"column":3066},"end":{"line":4,"column":3173}},"54":{"start":{"line":4,"column":3131},"end":{"line":4,"column":3138}},"55":{"start":{"line":4,"column":3139},"end":{"line":4,"column":3172}},"56":{"start":{"line":4,"column":3163},"end":{"line":4,"column":3172}},"57":{"start":{"line":4,"column":3173},"end":{"line":4,"column":3316}},"58":{"start":{"line":4,"column":3256},"end":{"line":4,"column":3316}},"59":{"start":{"line":4,"column":3316},"end":{"line":4,"column":3576}},"60":{"start":{"line":4,"column":3354},"end":{"line":4,"column":3576}},"61":{"start":{"line":4,"column":3428},"end":{"line":4,"column":3488}},"62":{"start":{"line":4,"column":3456},"end":{"line":4,"column":3488}},"63":{"start":{"line":4,"column":3488},"end":{"line":4,"column":3522}},"64":{"start":{"line":4,"column":3493},"end":{"line":4,"column":3508}},"65":{"start":{"line":4,"column":3522},"end":{"line":4,"column":3575}},"66":{"start":{"line":4,"column":3543},"end":{"line":4,"column":3575}},"67":{"start":{"line":4,"column":3576},"end":{"line":4,"column":3591}},"68":{"start":{"line":4,"column":3610},"end":{"line":4,"column":3661}},"69":{"start":{"line":4,"column":3630},"end":{"line":4,"column":3659}},"70":{"start":{"line":4,"column":3689},"end":{"line":4,"column":3797}},"71":{"start":{"line":4,"column":3706},"end":{"line":4,"column":3797}},"72":{"start":{"line":4,"column":3721},"end":{"line":4,"column":3797}},"73":{"start":{"line":4,"column":3797},"end":{"line":4,"column":3807}},"74":{"start":{"line":4,"column":3843},"end":{"line":4,"column":3881}},"75":{"start":{"line":4,"column":3886},"end":{"line":4,"column":3928}},"76":{"start":{"line":4,"column":3929},"end":{"line":4,"column":4051}},"77":{"start":{"line":4,"column":4073},"end":{"line":4,"column":4097}},"78":{"start":{"line":4,"column":4116},"end":{"line":4,"column":4612}},"79":{"start":{"line":4,"column":4142},"end":{"line":4,"column":4181}},"80":{"start":{"line":4,"column":4159},"end":{"line":4,"column":4181}},"81":{"start":{"line":4,"column":4187},"end":{"line":4,"column":4207}},"82":{"start":{"line":4,"column":4215},"end":{"line":4,"column":4227}},"83":{"start":{"line":4,"column":4232},"end":{"line":4,"column":4247}},"84":{"start":{"line":4,"column":4248},"end":{"line":4,"column":4326}},"85":{"start":{"line":4,"column":4309},"end":{"line":4,"column":4326}},"86":{"start":{"line":4,"column":4326},"end":{"line":4,"column":4611}},"87":{"start":{"line":4,"column":4612},"end":{"line":4,"column":4629}},"88":{"start":{"line":4,"column":4638},"end":{"line":4,"column":4640}},"89":{"start":{"line":4,"column":4645},"end":{"line":4,"column":4966}},"90":{"start":{"line":4,"column":4788},"end":{"line":4,"column":4792}},"91":{"start":{"line":4,"column":4793},"end":{"line":4,"column":4831}},"92":{"start":{"line":4,"column":4817},"end":{"line":4,"column":4825}},"93":{"start":{"line":4,"column":4863},"end":{"line":4,"column":4902}},"94":{"start":{"line":4,"column":4933},"end":{"line":4,"column":4963}},"95":{"start":{"line":4,"column":4979},"end":{"line":4,"column":4993}},"96":{"start":{"line":4,"column":4994},"end":{"line":4,"column":5047}},"97":{"start":{"line":4,"column":5055},"end":{"line":4,"column":5057}},"98":{"start":{"line":4,"column":5062},"end":{"line":4,"column":5079}},"99":{"start":{"line":4,"column":5084},"end":{"line":4,"column":5118}},"100":{"start":{"line":4,"column":5119},"end":{"line":4,"column":5313}},"101":{"start":{"line":4,"column":5181},"end":{"line":4,"column":5187}},"102":{"start":{"line":4,"column":5192},"end":{"line":4,"column":5199}},"103":{"start":{"line":4,"column":5204},"end":{"line":4,"column":5228}},"104":{"start":{"line":4,"column":5229},"end":{"line":4,"column":5310}},"105":{"start":{"line":4,"column":5321},"end":{"line":4,"column":5338}},"106":{"start":{"line":4,"column":5343},"end":{"line":4,"column":5384}},"107":{"start":{"line":4,"column":5385},"end":{"line":4,"column":5406}},"108":{"start":{"line":4,"column":5414},"end":{"line":4,"column":5438}},"109":{"start":{"line":4,"column":5439},"end":{"line":4,"column":5487}},"110":{"start":{"line":4,"column":5470},"end":{"line":4,"column":5484}},"111":{"start":{"line":4,"column":5495},"end":{"line":4,"column":5518}},"112":{"start":{"line":4,"column":5519},"end":{"line":4,"column":5571}},"113":{"start":{"line":4,"column":5553},"end":{"line":4,"column":5568}},"114":{"start":{"line":4,"column":5579},"end":{"line":4,"column":5634}},"115":{"start":{"line":4,"column":5635},"end":{"line":4,"column":6157}},"116":{"start":{"line":4,"column":5742},"end":{"line":4,"column":5824}},"117":{"start":{"line":4,"column":6165},"end":{"line":4,"column":6238}},"118":{"start":{"line":4,"column":6239},"end":{"line":4,"column":6550}},"119":{"start":{"line":4,"column":6306},"end":{"line":4,"column":6314}},"120":{"start":{"line":4,"column":6319},"end":{"line":4,"column":6332}},"121":{"start":{"line":4,"column":6337},"end":{"line":4,"column":6343}},"122":{"start":{"line":4,"column":6344},"end":{"line":4,"column":6405}},"123":{"start":{"line":4,"column":6457},"end":{"line":4,"column":6547}},"124":{"start":{"line":4,"column":6558},"end":{"line":4,"column":6574}},"125":{"start":{"line":4,"column":6579},"end":{"line":4,"column":6612}},"126":{"start":{"line":4,"column":6617},"end":{"line":4,"column":6635}},"127":{"start":{"line":4,"column":6636},"end":{"line":4,"column":7846}},"128":{"start":{"line":4,"column":6733},"end":{"line":4,"column":6762}},"129":{"start":{"line":4,"column":6767},"end":{"line":4,"column":6796}},"130":{"start":{"line":4,"column":6797},"end":{"line":4,"column":7164}},"131":{"start":{"line":4,"column":6857},"end":{"line":4,"column":6887}},"132":{"start":{"line":4,"column":6888},"end":{"line":4,"column":7163}},"133":{"start":{"line":4,"column":7111},"end":{"line":4,"column":7160}},"134":{"start":{"line":4,"column":7164},"end":{"line":4,"column":7173}},"135":{"start":{"line":4,"column":7234},"end":{"line":4,"column":7239}},"136":{"start":{"line":4,"column":7244},"end":{"line":4,"column":7246}},"137":{"start":{"line":4,"column":7247},"end":{"line":4,"column":7714}},"138":{"start":{"line":4,"column":7854},"end":{"line":4,"column":8041}},"139":{"start":{"line":4,"column":7875},"end":{"line":4,"column":7894}},"140":{"start":{"line":4,"column":7899},"end":{"line":4,"column":7927}},"141":{"start":{"line":4,"column":7932},"end":{"line":4,"column":8023}},"142":{"start":{"line":4,"column":8024},"end":{"line":4,"column":8038}},"143":{"start":{"line":4,"column":8042},"end":{"line":4,"column":8518}},"144":{"start":{"line":4,"column":8164},"end":{"line":4,"column":8194}},"145":{"start":{"line":4,"column":8199},"end":{"line":4,"column":8222}},"146":{"start":{"line":4,"column":8227},"end":{"line":4,"column":8305}},"147":{"start":{"line":4,"column":8310},"end":{"line":4,"column":8360}},"148":{"start":{"line":4,"column":8361},"end":{"line":4,"column":8394}},"149":{"start":{"line":4,"column":8524},"end":{"line":4,"column":9259}},"150":{"start":{"line":4,"column":8546},"end":{"line":4,"column":8563}},"151":{"start":{"line":4,"column":8564},"end":{"line":4,"column":8734}},"152":{"start":{"line":4,"column":8631},"end":{"line":4,"column":8691}},"153":{"start":{"line":4,"column":8712},"end":{"line":4,"column":8732}},"154":{"start":{"line":4,"column":8774},"end":{"line":4,"column":8924}},"155":{"start":{"line":4,"column":8882},"end":{"line":4,"column":8918}},"156":{"start":{"line":4,"column":8957},"end":{"line":4,"column":9097}},"157":{"start":{"line":4,"column":8982},"end":{"line":4,"column":8992}},"158":{"start":{"line":4,"column":8993},"end":{"line":4,"column":9096}},"159":{"start":{"line":4,"column":9026},"end":{"line":4,"column":9071}},"160":{"start":{"line":4,"column":9057},"end":{"line":4,"column":9071}},"161":{"start":{"line":4,"column":9131},"end":{"line":4,"column":9145}},"162":{"start":{"line":4,"column":9267},"end":{"line":4,"column":9278}},"163":{"start":{"line":4,"column":9279},"end":{"line":4,"column":10817}},"164":{"start":{"line":4,"column":9326},"end":{"line":4,"column":9444}},"165":{"start":{"line":4,"column":9501},"end":{"line":4,"column":9503}},"166":{"start":{"line":4,"column":9504},"end":{"line":4,"column":9622}},"167":{"start":{"line":4,"column":9509},"end":{"line":4,"column":9608}},"168":{"start":{"line":4,"column":9622},"end":{"line":4,"column":9631}},"169":{"start":{"line":4,"column":9686},"end":{"line":4,"column":9814}},"170":{"start":{"line":4,"column":9870},"end":{"line":4,"column":9878}},"171":{"start":{"line":4,"column":9879},"end":{"line":4,"column":10019}},"172":{"start":{"line":4,"column":10062},"end":{"line":4,"column":10178}},"173":{"start":{"line":4,"column":10237},"end":{"line":4,"column":10248}},"174":{"start":{"line":4,"column":10249},"end":{"line":4,"column":10344}},"175":{"start":{"line":4,"column":10254},"end":{"line":4,"column":10320}},"176":{"start":{"line":4,"column":10333},"end":{"line":4,"column":10343}},"177":{"start":{"line":4,"column":10405},"end":{"line":4,"column":10416}},"178":{"start":{"line":4,"column":10417},"end":{"line":4,"column":10516}},"179":{"start":{"line":4,"column":10422},"end":{"line":4,"column":10492}},"180":{"start":{"line":4,"column":10505},"end":{"line":4,"column":10515}},"181":{"start":{"line":4,"column":10632},"end":{"line":4,"column":10644}},"182":{"start":{"line":4,"column":10645},"end":{"line":4,"column":10762}},"183":{"start":{"line":4,"column":10817},"end":{"line":4,"column":10881}},"184":{"start":{"line":4,"column":10863},"end":{"line":4,"column":10881}},"185":{"start":{"line":4,"column":10881},"end":{"line":4,"column":10905}}},"fnMap":{"0":{"name":"(anonymous_0)","decl":{"start":{"line":4,"column":1},"end":{"line":4,"column":2}},"loc":{"start":{"line":4,"column":20},"end":{"line":4,"column":10906}},"line":4},"1":{"name":"r","decl":{"start":{"line":4,"column":30},"end":{"line":4,"column":31}},"loc":{"start":{"line":4,"column":38},"end":{"line":4,"column":62}},"line":4},"2":{"name":"s","decl":{"start":{"line":4,"column":71},"end":{"line":4,"column":72}},"loc":{"start":{"line":4,"column":75},"end":{"line":4,"column":674}},"line":4},"3":{"name":"o","decl":{"start":{"line":4,"column":683},"end":{"line":4,"column":684}},"loc":{"start":{"line":4,"column":688},"end":{"line":4,"column":1013}},"line":4},"4":{"name":"i","decl":{"start":{"line":4,"column":1022},"end":{"line":4,"column":1023}},"loc":{"start":{"line":4,"column":1026},"end":{"line":4,"column":1218}},"line":4},"5":{"name":"a","decl":{"start":{"line":4,"column":1227},"end":{"line":4,"column":1228}},"loc":{"start":{"line":4,"column":1235},"end":{"line":4,"column":1267}},"line":4},"6":{"name":"l","decl":{"start":{"line":4,"column":1276},"end":{"line":4,"column":1277}},"loc":{"start":{"line":4,"column":1280},"end":{"line":4,"column":1353}},"line":4},"7":{"name":"d","decl":{"start":{"line":4,"column":1362},"end":{"line":4,"column":1363}},"loc":{"start":{"line":4,"column":1376},"end":{"line":4,"column":1982}},"line":4},"8":{"name":"u","decl":{"start":{"line":4,"column":1991},"end":{"line":4,"column":1992}},"loc":{"start":{"line":4,"column":1996},"end":{"line":4,"column":2100}},"line":4},"9":{"name":"(anonymous_9)","decl":{"start":{"line":4,"column":2026},"end":{"line":4,"column":2027}},"loc":{"start":{"line":4,"column":2042},"end":{"line":4,"column":2073}},"line":4},"10":{"name":"c","decl":{"start":{"line":4,"column":2109},"end":{"line":4,"column":2110}},"loc":{"start":{"line":4,"column":2120},"end":{"line":4,"column":2470}},"line":4},"11":{"name":"f","decl":{"start":{"line":4,"column":2479},"end":{"line":4,"column":2480}},"loc":{"start":{"line":4,"column":2487},"end":{"line":4,"column":2866}},"line":4},"12":{"name":"(anonymous_12)","decl":{"start":{"line":4,"column":2794},"end":{"line":4,"column":2795}},"loc":{"start":{"line":4,"column":2807},"end":{"line":4,"column":2853}},"line":4},"13":{"name":"p","decl":{"start":{"line":4,"column":2875},"end":{"line":4,"column":2876}},"loc":{"start":{"line":4,"column":2880},"end":{"line":4,"column":2987}},"line":4},"14":{"name":"(anonymous_14)","decl":{"start":{"line":4,"column":2918},"end":{"line":4,"column":2919}},"loc":{"start":{"line":4,"column":2937},"end":{"line":4,"column":2966}},"line":4},"15":{"name":"g","decl":{"start":{"line":4,"column":2996},"end":{"line":4,"column":2997}},"loc":{"start":{"line":4,"column":3010},"end":{"line":4,"column":3592}},"line":4},"16":{"name":"l","decl":{"start":{"line":4,"column":3020},"end":{"line":4,"column":3021}},"loc":{"start":{"line":4,"column":3024},"end":{"line":4,"column":3066}},"line":4},"17":{"name":"m","decl":{"start":{"line":4,"column":3601},"end":{"line":4,"column":3602}},"loc":{"start":{"line":4,"column":3609},"end":{"line":4,"column":3662}},"line":4},"18":{"name":"(anonymous_18)","decl":{"start":{"line":4,"column":3617},"end":{"line":4,"column":3618}},"loc":{"start":{"line":4,"column":3629},"end":{"line":4,"column":3660}},"line":4},"19":{"name":"h","decl":{"start":{"line":4,"column":3671},"end":{"line":4,"column":3672}},"loc":{"start":{"line":4,"column":3682},"end":{"line":4,"column":3808}},"line":4},"20":{"name":"v","decl":{"start":{"line":4,"column":3817},"end":{"line":4,"column":3818}},"loc":{"start":{"line":4,"column":3834},"end":{"line":4,"column":4052}},"line":4},"21":{"name":"y","decl":{"start":{"line":4,"column":4061},"end":{"line":4,"column":4062}},"loc":{"start":{"line":4,"column":4072},"end":{"line":4,"column":4098}},"line":4},"22":{"name":"w","decl":{"start":{"line":4,"column":4107},"end":{"line":4,"column":4108}},"loc":{"start":{"line":4,"column":4115},"end":{"line":4,"column":4630}},"line":4},"23":{"name":"(anonymous_23)","decl":{"start":{"line":4,"column":4763},"end":{"line":4,"column":4764}},"loc":{"start":{"line":4,"column":4779},"end":{"line":4,"column":4832}},"line":4},"24":{"name":"(anonymous_24)","decl":{"start":{"line":4,"column":4804},"end":{"line":4,"column":4805}},"loc":{"start":{"line":4,"column":4816},"end":{"line":4,"column":4826}},"line":4},"25":{"name":"(anonymous_25)","decl":{"start":{"line":4,"column":4843},"end":{"line":4,"column":4844}},"loc":{"start":{"line":4,"column":4862},"end":{"line":4,"column":4903}},"line":4},"26":{"name":"(anonymous_26)","decl":{"start":{"line":4,"column":4919},"end":{"line":4,"column":4920}},"loc":{"start":{"line":4,"column":4932},"end":{"line":4,"column":4964}},"line":4},"27":{"name":"(anonymous_27)","decl":{"start":{"line":4,"column":4979},"end":{"line":4,"column":4980}},"loc":{"start":{"line":4,"column":4991},"end":{"line":4,"column":4993}},"line":4},"28":{"name":"(anonymous_28)","decl":{"start":{"line":4,"column":5160},"end":{"line":4,"column":5161}},"loc":{"start":{"line":4,"column":5172},"end":{"line":4,"column":5311}},"line":4},"29":{"name":"(anonymous_29)","decl":{"start":{"line":4,"column":5457},"end":{"line":4,"column":5458}},"loc":{"start":{"line":4,"column":5469},"end":{"line":4,"column":5485}},"line":4},"30":{"name":"(anonymous_30)","decl":{"start":{"line":4,"column":5540},"end":{"line":4,"column":5541}},"loc":{"start":{"line":4,"column":5552},"end":{"line":4,"column":5569}},"line":4},"31":{"name":"(anonymous_31)","decl":{"start":{"line":4,"column":5729},"end":{"line":4,"column":5730}},"loc":{"start":{"line":4,"column":5741},"end":{"line":4,"column":5825}},"line":4},"32":{"name":"(anonymous_32)","decl":{"start":{"line":4,"column":6285},"end":{"line":4,"column":6286}},"loc":{"start":{"line":4,"column":6297},"end":{"line":4,"column":6406}},"line":4},"33":{"name":"(anonymous_33)","decl":{"start":{"line":4,"column":6444},"end":{"line":4,"column":6445}},"loc":{"start":{"line":4,"column":6456},"end":{"line":4,"column":6548}},"line":4},"34":{"name":"(anonymous_34)","decl":{"start":{"line":4,"column":6712},"end":{"line":4,"column":6713}},"loc":{"start":{"line":4,"column":6724},"end":{"line":4,"column":7174}},"line":4},"35":{"name":"(anonymous_35)","decl":{"start":{"line":4,"column":7097},"end":{"line":4,"column":7098}},"loc":{"start":{"line":4,"column":7110},"end":{"line":4,"column":7161}},"line":4},"36":{"name":"(anonymous_36)","decl":{"start":{"line":4,"column":7209},"end":{"line":4,"column":7210}},"loc":{"start":{"line":4,"column":7221},"end":{"line":4,"column":7715}},"line":4},"37":{"name":"(anonymous_37)","decl":{"start":{"line":4,"column":7854},"end":{"line":4,"column":7855}},"loc":{"start":{"line":4,"column":7866},"end":{"line":4,"column":8039}},"line":4},"38":{"name":"(anonymous_38)","decl":{"start":{"line":4,"column":8139},"end":{"line":4,"column":8140}},"loc":{"start":{"line":4,"column":8155},"end":{"line":4,"column":8395}},"line":4},"39":{"name":"(anonymous_39)","decl":{"start":{"line":4,"column":8525},"end":{"line":4,"column":8526}},"loc":{"start":{"line":4,"column":8537},"end":{"line":4,"column":8735}},"line":4},"40":{"name":"(anonymous_40)","decl":{"start":{"line":4,"column":8614},"end":{"line":4,"column":8615}},"loc":{"start":{"line":4,"column":8630},"end":{"line":4,"column":8692}},"line":4},"41":{"name":"(anonymous_41)","decl":{"start":{"line":4,"column":8695},"end":{"line":4,"column":8696}},"loc":{"start":{"line":4,"column":8711},"end":{"line":4,"column":8733}},"line":4},"42":{"name":"(anonymous_42)","decl":{"start":{"line":4,"column":8757},"end":{"line":4,"column":8758}},"loc":{"start":{"line":4,"column":8773},"end":{"line":4,"column":8925}},"line":4},"43":{"name":"(anonymous_43)","decl":{"start":{"line":4,"column":8869},"end":{"line":4,"column":8870}},"loc":{"start":{"line":4,"column":8881},"end":{"line":4,"column":8919}},"line":4},"44":{"name":"(anonymous_44)","decl":{"start":{"line":4,"column":8940},"end":{"line":4,"column":8941}},"loc":{"start":{"line":4,"column":8956},"end":{"line":4,"column":9098}},"line":4},"45":{"name":"(anonymous_45)","decl":{"start":{"line":4,"column":9004},"end":{"line":4,"column":9005}},"loc":{"start":{"line":4,"column":9016},"end":{"line":4,"column":9072}},"line":4},"46":{"name":"(anonymous_46)","decl":{"start":{"line":4,"column":9118},"end":{"line":4,"column":9119}},"loc":{"start":{"line":4,"column":9130},"end":{"line":4,"column":9146}},"line":4},"47":{"name":"(anonymous_47)","decl":{"start":{"line":4,"column":9313},"end":{"line":4,"column":9314}},"loc":{"start":{"line":4,"column":9325},"end":{"line":4,"column":9445}},"line":4},"48":{"name":"(anonymous_48)","decl":{"start":{"line":4,"column":9480},"end":{"line":4,"column":9481}},"loc":{"start":{"line":4,"column":9492},"end":{"line":4,"column":9632}},"line":4},"49":{"name":"(anonymous_49)","decl":{"start":{"line":4,"column":9673},"end":{"line":4,"column":9674}},"loc":{"start":{"line":4,"column":9685},"end":{"line":4,"column":9815}},"line":4},"50":{"name":"(anonymous_50)","decl":{"start":{"line":4,"column":9849},"end":{"line":4,"column":9850}},"loc":{"start":{"line":4,"column":9861},"end":{"line":4,"column":10020}},"line":4},"51":{"name":"(anonymous_51)","decl":{"start":{"line":4,"column":10049},"end":{"line":4,"column":10050}},"loc":{"start":{"line":4,"column":10061},"end":{"line":4,"column":10179}},"line":4},"52":{"name":"(anonymous_52)","decl":{"start":{"line":4,"column":10216},"end":{"line":4,"column":10217}},"loc":{"start":{"line":4,"column":10228},"end":{"line":4,"column":10345}},"line":4},"53":{"name":"(anonymous_53)","decl":{"start":{"line":4,"column":10384},"end":{"line":4,"column":10385}},"loc":{"start":{"line":4,"column":10396},"end":{"line":4,"column":10517}},"line":4},"54":{"name":"(anonymous_54)","decl":{"start":{"line":4,"column":10611},"end":{"line":4,"column":10612}},"loc":{"start":{"line":4,"column":10623},"end":{"line":4,"column":10763}},"line":4}},"branchMap":{"0":{"loc":{"start":{"line":4,"column":117},"end":{"line":4,"column":673}},"type":"if","locations":[{"start":{"line":4,"column":117},"end":{"line":4,"column":673}},{"start":{"line":4,"column":117},"end":{"line":4,"column":673}}],"line":4},"1":{"loc":{"start":{"line":4,"column":143},"end":{"line":4,"column":357}},"type":"if","locations":[{"start":{"line":4,"column":143},"end":{"line":4,"column":357}},{"start":{"line":4,"column":143},"end":{"line":4,"column":357}}],"line":4},"2":{"loc":{"start":{"line":4,"column":165},"end":{"line":4,"column":265}},"type":"binary-expr","locations":[{"start":{"line":4,"column":165},"end":{"line":4,"column":171}},{"start":{"line":4,"column":176},"end":{"line":4,"column":264}}],"line":4},"3":{"loc":{"start":{"line":4,"column":206},"end":{"line":4,"column":264}},"type":"binary-expr","locations":[{"start":{"line":4,"column":206},"end":{"line":4,"column":215}},{"start":{"line":4,"column":219},"end":{"line":4,"column":236}},{"start":{"line":4,"column":240},"end":{"line":4,"column":264}}],"line":4},"4":{"loc":{"start":{"line":4,"column":366},"end":{"line":4,"column":401}},"type":"cond-expr","locations":[{"start":{"line":4,"column":388},"end":{"line":4,"column":394}},{"start":{"line":4,"column":397},"end":{"line":4,"column":401}}],"line":4},"5":{"loc":{"start":{"line":4,"column":457},"end":{"line":4,"column":631}},"type":"cond-expr","locations":[{"start":{"line":4,"column":474},"end":{"line":4,"column":493}},{"start":{"line":4,"column":497},"end":{"line":4,"column":630}}],"line":4},"6":{"loc":{"start":{"line":4,"column":497},"end":{"line":4,"column":603}},"type":"binary-expr","locations":[{"start":{"line":4,"column":497},"end":{"line":4,"column":513}},{"start":{"line":4,"column":517},"end":{"line":4,"column":551}},{"start":{"line":4,"column":556},"end":{"line":4,"column":602}}],"line":4},"7":{"loc":{"start":{"line":4,"column":641},"end":{"line":4,"column":655}},"type":"cond-expr","locations":[{"start":{"line":4,"column":645},"end":{"line":4,"column":647}},{"start":{"line":4,"column":650},"end":{"line":4,"column":655}}],"line":4},"8":{"loc":{"start":{"line":4,"column":713},"end":{"line":4,"column":748}},"type":"binary-expr","locations":[{"start":{"line":4,"column":713},"end":{"line":4,"column":742}},{"start":{"line":4,"column":746},"end":{"line":4,"column":748}}],"line":4},"9":{"loc":{"start":{"line":4,"column":749},"end":{"line":4,"column":897}},"type":"if","locations":[{"start":{"line":4,"column":749},"end":{"line":4,"column":897}},{"start":{"line":4,"column":749},"end":{"line":4,"column":897}}],"line":4},"10":{"loc":{"start":{"line":4,"column":753},"end":{"line":4,"column":773}},"type":"binary-expr","locations":[{"start":{"line":4,"column":753},"end":{"line":4,"column":754}},{"start":{"line":4,"column":759},"end":{"line":4,"column":772}}],"line":4},"11":{"loc":{"start":{"line":4,"column":897},"end":{"line":4,"column":1011}},"type":"binary-expr","locations":[{"start":{"line":4,"column":897},"end":{"line":4,"column":928}},{"start":{"line":4,"column":933},"end":{"line":4,"column":1010}}],"line":4},"12":{"loc":{"start":{"line":4,"column":965},"end":{"line":4,"column":1010}},"type":"cond-expr","locations":[{"start":{"line":4,"column":969},"end":{"line":4,"column":992}},{"start":{"line":4,"column":995},"end":{"line":4,"column":1010}}],"line":4},"13":{"loc":{"start":{"line":4,"column":1034},"end":{"line":4,"column":1216}},"type":"cond-expr","locations":[{"start":{"line":4,"column":1073},"end":{"line":4,"column":1102}},{"start":{"line":4,"column":1105},"end":{"line":4,"column":1216}}],"line":4},"14":{"loc":{"start":{"line":4,"column":1105},"end":{"line":4,"column":1216}},"type":"cond-expr","locations":[{"start":{"line":4,"column":1109},"end":{"line":4,"column":1178}},{"start":{"line":4,"column":1181},"end":{"line":4,"column":1216}}],"line":4},"15":{"loc":{"start":{"line":4,"column":1303},"end":{"line":4,"column":1348}},"type":"binary-expr","locations":[{"start":{"line":4,"column":1303},"end":{"line":4,"column":1304}},{"start":{"line":4,"column":1309},"end":{"line":4,"column":1347}}],"line":4},"16":{"loc":{"start":{"line":4,"column":1315},"end":{"line":4,"column":1333}},"type":"cond-expr","locations":[{"start":{"line":4,"column":1319},"end":{"line":4,"column":1324}},{"start":{"line":4,"column":1327},"end":{"line":4,"column":1333}}],"line":4},"17":{"loc":{"start":{"line":4,"column":1426},"end":{"line":4,"column":1522}},"type":"if","locations":[{"start":{"line":4,"column":1426},"end":{"line":4,"column":1522}},{"start":{"line":4,"column":1426},"end":{"line":4,"column":1522}}],"line":4},"18":{"loc":{"start":{"line":4,"column":1481},"end":{"line":4,"column":1503}},"type":"cond-expr","locations":[{"start":{"line":4,"column":1485},"end":{"line":4,"column":1489}},{"start":{"line":4,"column":1492},"end":{"line":4,"column":1503}}],"line":4},"19":{"loc":{"start":{"line":4,"column":1583},"end":{"line":4,"column":1597}},"type":"cond-expr","locations":[{"start":{"line":4,"column":1592},"end":{"line":4,"column":1593}},{"start":{"line":4,"column":1596},"end":{"line":4,"column":1597}}],"line":4},"20":{"loc":{"start":{"line":4,"column":1633},"end":{"line":4,"column":1709}},"type":"cond-expr","locations":[{"start":{"line":4,"column":1648},"end":{"line":4,"column":1672}},{"start":{"line":4,"column":1675},"end":{"line":4,"column":1709}}],"line":4},"21":{"loc":{"start":{"line":4,"column":1721},"end":{"line":4,"column":1854}},"type":"binary-expr","locations":[{"start":{"line":4,"column":1721},"end":{"line":4,"column":1727}},{"start":{"line":4,"column":1732},"end":{"line":4,"column":1853}}],"line":4},"22":{"loc":{"start":{"line":4,"column":1869},"end":{"line":4,"column":1975}},"type":"cond-expr","locations":[{"start":{"line":4,"column":1879},"end":{"line":4,"column":1944}},{"start":{"line":4,"column":1948},"end":{"line":4,"column":1975}}],"line":4},"23":{"loc":{"start":{"line":4,"column":2127},"end":{"line":4,"column":2460}},"type":"if","locations":[{"start":{"line":4,"column":2127},"end":{"line":4,"column":2460}},{"start":{"line":4,"column":2127},"end":{"line":4,"column":2460}}],"line":4},"24":{"loc":{"start":{"line":4,"column":2210},"end":{"line":4,"column":2407}},"type":"if","locations":[{"start":{"line":4,"column":2210},"end":{"line":4,"column":2407}},{"start":{"line":4,"column":2210},"end":{"line":4,"column":2407}}],"line":4},"25":{"loc":{"start":{"line":4,"column":2226},"end":{"line":4,"column":2258}},"type":"binary-expr","locations":[{"start":{"line":4,"column":2226},"end":{"line":4,"column":2227}},{"start":{"line":4,"column":2232},"end":{"line":4,"column":2257}}],"line":4},"26":{"loc":{"start":{"line":4,"column":2264},"end":{"line":4,"column":2407}},"type":"if","locations":[{"start":{"line":4,"column":2264},"end":{"line":4,"column":2407}},{"start":{"line":4,"column":2264},"end":{"line":4,"column":2407}}],"line":4},"27":{"loc":{"start":{"line":4,"column":2280},"end":{"line":4,"column":2305}},"type":"cond-expr","locations":[{"start":{"line":4,"column":2290},"end":{"line":4,"column":2297}},{"start":{"line":4,"column":2300},"end":{"line":4,"column":2305}}],"line":4},"28":{"loc":{"start":{"line":4,"column":2418},"end":{"line":4,"column":2459}},"type":"binary-expr","locations":[{"start":{"line":4,"column":2418},"end":{"line":4,"column":2420}},{"start":{"line":4,"column":2424},"end":{"line":4,"column":2438}},{"start":{"line":4,"column":2442},"end":{"line":4,"column":2459}}],"line":4},"29":{"loc":{"start":{"line":4,"column":2505},"end":{"line":4,"column":2611}},"type":"if","locations":[{"start":{"line":4,"column":2505},"end":{"line":4,"column":2611}},{"start":{"line":4,"column":2505},"end":{"line":4,"column":2611}}],"line":4},"30":{"loc":{"start":{"line":4,"column":2509},"end":{"line":4,"column":2542}},"type":"binary-expr","locations":[{"start":{"line":4,"column":2509},"end":{"line":4,"column":2519}},{"start":{"line":4,"column":2523},"end":{"line":4,"column":2542}}],"line":4},"31":{"loc":{"start":{"line":4,"column":2558},"end":{"line":4,"column":2600}},"type":"if","locations":[{"start":{"line":4,"column":2558},"end":{"line":4,"column":2600}},{"start":{"line":4,"column":2558},"end":{"line":4,"column":2600}}],"line":4},"32":{"loc":{"start":{"line":4,"column":2611},"end":{"line":4,"column":2856}},"type":"if","locations":[{"start":{"line":4,"column":2611},"end":{"line":4,"column":2856}},{"start":{"line":4,"column":2611},"end":{"line":4,"column":2856}}],"line":4},"33":{"loc":{"start":{"line":4,"column":3025},"end":{"line":4,"column":3064}},"type":"binary-expr","locations":[{"start":{"line":4,"column":3025},"end":{"line":4,"column":3026}},{"start":{"line":4,"column":3031},"end":{"line":4,"column":3063}}],"line":4},"34":{"loc":{"start":{"line":4,"column":3066},"end":{"line":4,"column":3173}},"type":"if","locations":[{"start":{"line":4,"column":3066},"end":{"line":4,"column":3173}},{"start":{"line":4,"column":3066},"end":{"line":4,"column":3173}}],"line":4},"35":{"loc":{"start":{"line":4,"column":3074},"end":{"line":4,"column":3100}},"type":"cond-expr","locations":[{"start":{"line":4,"column":3094},"end":{"line":4,"column":3096}},{"start":{"line":4,"column":3099},"end":{"line":4,"column":3100}}],"line":4},"36":{"loc":{"start":{"line":4,"column":3139},"end":{"line":4,"column":3172}},"type":"if","locations":[{"start":{"line":4,"column":3139},"end":{"line":4,"column":3172}},{"start":{"line":4,"column":3139},"end":{"line":4,"column":3172}}],"line":4},"37":{"loc":{"start":{"line":4,"column":3233},"end":{"line":4,"column":3253}},"type":"binary-expr","locations":[{"start":{"line":4,"column":3233},"end":{"line":4,"column":3241}},{"start":{"line":4,"column":3245},"end":{"line":4,"column":3253}}],"line":4},"38":{"loc":{"start":{"line":4,"column":3354},"end":{"line":4,"column":3576}},"type":"if","locations":[{"start":{"line":4,"column":3354},"end":{"line":4,"column":3576}},{"start":{"line":4,"column":3354},"end":{"line":4,"column":3576}}],"line":4},"39":{"loc":{"start":{"line":4,"column":3384},"end":{"line":4,"column":3407}},"type":"binary-expr","locations":[{"start":{"line":4,"column":3384},"end":{"line":4,"column":3393}},{"start":{"line":4,"column":3398},"end":{"line":4,"column":3406}}],"line":4},"40":{"loc":{"start":{"line":4,"column":3428},"end":{"line":4,"column":3488}},"type":"if","locations":[{"start":{"line":4,"column":3428},"end":{"line":4,"column":3488}},{"start":{"line":4,"column":3428},"end":{"line":4,"column":3488}}],"line":4},"41":{"loc":{"start":{"line":4,"column":3432},"end":{"line":4,"column":3454}},"type":"binary-expr","locations":[{"start":{"line":4,"column":3432},"end":{"line":4,"column":3433}},{"start":{"line":4,"column":3437},"end":{"line":4,"column":3454}}],"line":4},"42":{"loc":{"start":{"line":4,"column":3468},"end":{"line":4,"column":3487}},"type":"cond-expr","locations":[{"start":{"line":4,"column":3481},"end":{"line":4,"column":3482}},{"start":{"line":4,"column":3485},"end":{"line":4,"column":3487}}],"line":4},"43":{"loc":{"start":{"line":4,"column":3522},"end":{"line":4,"column":3575}},"type":"if","locations":[{"start":{"line":4,"column":3522},"end":{"line":4,"column":3575}},{"start":{"line":4,"column":3522},"end":{"line":4,"column":3575}}],"line":4},"44":{"loc":{"start":{"line":4,"column":3555},"end":{"line":4,"column":3574}},"type":"cond-expr","locations":[{"start":{"line":4,"column":3568},"end":{"line":4,"column":3569}},{"start":{"line":4,"column":3572},"end":{"line":4,"column":3574}}],"line":4},"45":{"loc":{"start":{"line":4,"column":3706},"end":{"line":4,"column":3797}},"type":"if","locations":[{"start":{"line":4,"column":3706},"end":{"line":4,"column":3797}},{"start":{"line":4,"column":3706},"end":{"line":4,"column":3797}}],"line":4},"46":{"loc":{"start":{"line":4,"column":3728},"end":{"line":4,"column":3796}},"type":"cond-expr","locations":[{"start":{"line":4,"column":3739},"end":{"line":4,"column":3743}},{"start":{"line":4,"column":3747},"end":{"line":4,"column":3795}}],"line":4},"47":{"loc":{"start":{"line":4,"column":3760},"end":{"line":4,"column":3795}},"type":"cond-expr","locations":[{"start":{"line":4,"column":3779},"end":{"line":4,"column":3791}},{"start":{"line":4,"column":3794},"end":{"line":4,"column":3795}}],"line":4},"48":{"loc":{"start":{"line":4,"column":3784},"end":{"line":4,"column":3790}},"type":"binary-expr","locations":[{"start":{"line":4,"column":3784},"end":{"line":4,"column":3785}},{"start":{"line":4,"column":3789},"end":{"line":4,"column":3790}}],"line":4},"49":{"loc":{"start":{"line":4,"column":3936},"end":{"line":4,"column":4050}},"type":"cond-expr","locations":[{"start":{"line":4,"column":3974},"end":{"line":4,"column":3987}},{"start":{"line":4,"column":3991},"end":{"line":4,"column":4049}}],"line":4},"50":{"loc":{"start":{"line":4,"column":3936},"end":{"line":4,"column":3971}},"type":"binary-expr","locations":[{"start":{"line":4,"column":3936},"end":{"line":4,"column":3950}},{"start":{"line":4,"column":3954},"end":{"line":4,"column":3971}}],"line":4},"51":{"loc":{"start":{"line":4,"column":4116},"end":{"line":4,"column":4612}},"type":"if","locations":[{"start":{"line":4,"column":4116},"end":{"line":4,"column":4612}},{"start":{"line":4,"column":4116},"end":{"line":4,"column":4612}}],"line":4},"52":{"loc":{"start":{"line":4,"column":4159},"end":{"line":4,"column":4180}},"type":"binary-expr","locations":[{"start":{"line":4,"column":4159},"end":{"line":4,"column":4166}},{"start":{"line":4,"column":4170},"end":{"line":4,"column":4180}}],"line":4},"53":{"loc":{"start":{"line":4,"column":4248},"end":{"line":4,"column":4326}},"type":"if","locations":[{"start":{"line":4,"column":4248},"end":{"line":4,"column":4326}},{"start":{"line":4,"column":4248},"end":{"line":4,"column":4326}}],"line":4},"54":{"loc":{"start":{"line":4,"column":4252},"end":{"line":4,"column":4282}},"type":"binary-expr","locations":[{"start":{"line":4,"column":4252},"end":{"line":4,"column":4265}},{"start":{"line":4,"column":4270},"end":{"line":4,"column":4281}}],"line":4},"55":{"loc":{"start":{"line":4,"column":4330},"end":{"line":4,"column":4362}},"type":"cond-expr","locations":[{"start":{"line":4,"column":4355},"end":{"line":4,"column":4358}},{"start":{"line":4,"column":4361},"end":{"line":4,"column":4362}}],"line":4},"56":{"loc":{"start":{"line":4,"column":4364},"end":{"line":4,"column":4537}},"type":"cond-expr","locations":[{"start":{"line":4,"column":4380},"end":{"line":4,"column":4399}},{"start":{"line":4,"column":4403},"end":{"line":4,"column":4536}}],"line":4},"57":{"loc":{"start":{"line":4,"column":4403},"end":{"line":4,"column":4509}},"type":"binary-expr","locations":[{"start":{"line":4,"column":4403},"end":{"line":4,"column":4419}},{"start":{"line":4,"column":4423},"end":{"line":4,"column":4457}},{"start":{"line":4,"column":4462},"end":{"line":4,"column":4508}}],"line":4},"58":{"loc":{"start":{"line":4,"column":4543},"end":{"line":4,"column":4567}},"type":"cond-expr","locations":[{"start":{"line":4,"column":4557},"end":{"line":4,"column":4559}},{"start":{"line":4,"column":4562},"end":{"line":4,"column":4567}}],"line":4},"59":{"loc":{"start":{"line":4,"column":4543},"end":{"line":4,"column":4554}},"type":"binary-expr","locations":[{"start":{"line":4,"column":4543},"end":{"line":4,"column":4544}},{"start":{"line":4,"column":4548},"end":{"line":4,"column":4554}}],"line":4},"60":{"loc":{"start":{"line":4,"column":5343},"end":{"line":4,"column":5384}},"type":"cond-expr","locations":[{"start":{"line":4,"column":5367},"end":{"line":4,"column":5379}},{"start":{"line":4,"column":5382},"end":{"line":4,"column":5384}}],"line":4},"61":{"loc":{"start":{"line":4,"column":5579},"end":{"line":4,"column":5634}},"type":"cond-expr","locations":[{"start":{"line":4,"column":5603},"end":{"line":4,"column":5629}},{"start":{"line":4,"column":5632},"end":{"line":4,"column":5634}}],"line":4},"62":{"loc":{"start":{"line":4,"column":5749},"end":{"line":4,"column":5823}},"type":"binary-expr","locations":[{"start":{"line":4,"column":5749},"end":{"line":4,"column":5784}},{"start":{"line":4,"column":5788},"end":{"line":4,"column":5823}}],"line":4},"63":{"loc":{"start":{"line":4,"column":6165},"end":{"line":4,"column":6238}},"type":"cond-expr","locations":[{"start":{"line":4,"column":6189},"end":{"line":4,"column":6227}},{"start":{"line":4,"column":6230},"end":{"line":4,"column":6238}}],"line":4},"64":{"loc":{"start":{"line":4,"column":6464},"end":{"line":4,"column":6546}},"type":"binary-expr","locations":[{"start":{"line":4,"column":6464},"end":{"line":4,"column":6512}},{"start":{"line":4,"column":6516},"end":{"line":4,"column":6546}}],"line":4},"65":{"loc":{"start":{"line":4,"column":6579},"end":{"line":4,"column":6612}},"type":"binary-expr","locations":[{"start":{"line":4,"column":6579},"end":{"line":4,"column":6589}},{"start":{"line":4,"column":6593},"end":{"line":4,"column":6612}}],"line":4},"66":{"loc":{"start":{"line":4,"column":6666},"end":{"line":4,"column":6672}},"type":"binary-expr","locations":[{"start":{"line":4,"column":6666},"end":{"line":4,"column":6667}},{"start":{"line":4,"column":6671},"end":{"line":4,"column":6672}}],"line":4},"67":{"loc":{"start":{"line":4,"column":6797},"end":{"line":4,"column":7164}},"type":"if","locations":[{"start":{"line":4,"column":6797},"end":{"line":4,"column":7164}},{"start":{"line":4,"column":6797},"end":{"line":4,"column":7164}}],"line":4},"68":{"loc":{"start":{"line":4,"column":6801},"end":{"line":4,"column":6844}},"type":"binary-expr","locations":[{"start":{"line":4,"column":6801},"end":{"line":4,"column":6802}},{"start":{"line":4,"column":6807},"end":{"line":4,"column":6809}},{"start":{"line":4,"column":6813},"end":{"line":4,"column":6843}}],"line":4},"69":{"loc":{"start":{"line":4,"column":6888},"end":{"line":4,"column":7014}},"type":"cond-expr","locations":[{"start":{"line":4,"column":6909},"end":{"line":4,"column":6943}},{"start":{"line":4,"column":6947},"end":{"line":4,"column":7013}}],"line":4},"70":{"loc":{"start":{"line":4,"column":6976},"end":{"line":4,"column":7013}},"type":"binary-expr","locations":[{"start":{"line":4,"column":6976},"end":{"line":4,"column":6977}},{"start":{"line":4,"column":6982},"end":{"line":4,"column":7012}}],"line":4},"71":{"loc":{"start":{"line":4,"column":7115},"end":{"line":4,"column":7159}},"type":"binary-expr","locations":[{"start":{"line":4,"column":7115},"end":{"line":4,"column":7134}},{"start":{"line":4,"column":7138},"end":{"line":4,"column":7159}}],"line":4},"72":{"loc":{"start":{"line":4,"column":7254},"end":{"line":4,"column":7713}},"type":"cond-expr","locations":[{"start":{"line":4,"column":7320},"end":{"line":4,"column":7322}},{"start":{"line":4,"column":7326},"end":{"line":4,"column":7712}}],"line":4},"73":{"loc":{"start":{"line":4,"column":7254},"end":{"line":4,"column":7317}},"type":"binary-expr","locations":[{"start":{"line":4,"column":7254},"end":{"line":4,"column":7255}},{"start":{"line":4,"column":7259},"end":{"line":4,"column":7269}},{"start":{"line":4,"column":7273},"end":{"line":4,"column":7317}}],"line":4},"74":{"loc":{"start":{"line":4,"column":7690},"end":{"line":4,"column":7712}},"type":"binary-expr","locations":[{"start":{"line":4,"column":7690},"end":{"line":4,"column":7697}},{"start":{"line":4,"column":7701},"end":{"line":4,"column":7712}}],"line":4},"75":{"loc":{"start":{"line":4,"column":7932},"end":{"line":4,"column":8023}},"type":"binary-expr","locations":[{"start":{"line":4,"column":7932},"end":{"line":4,"column":7958}},{"start":{"line":4,"column":7962},"end":{"line":4,"column":7993}},{"start":{"line":4,"column":7997},"end":{"line":4,"column":8023}}],"line":4},"76":{"loc":{"start":{"line":4,"column":8031},"end":{"line":4,"column":8037}},"type":"binary-expr","locations":[{"start":{"line":4,"column":8031},"end":{"line":4,"column":8032}},{"start":{"line":4,"column":8036},"end":{"line":4,"column":8037}}],"line":4},"77":{"loc":{"start":{"line":4,"column":8042},"end":{"line":4,"column":8396}},"type":"cond-expr","locations":[{"start":{"line":4,"column":8046},"end":{"line":4,"column":8079}},{"start":{"line":4,"column":8082},"end":{"line":4,"column":8396}}],"line":4},"78":{"loc":{"start":{"line":4,"column":8199},"end":{"line":4,"column":8222}},"type":"binary-expr","locations":[{"start":{"line":4,"column":8199},"end":{"line":4,"column":8206}},{"start":{"line":4,"column":8210},"end":{"line":4,"column":8222}}],"line":4},"79":{"loc":{"start":{"line":4,"column":8227},"end":{"line":4,"column":8305}},"type":"cond-expr","locations":[{"start":{"line":4,"column":8231},"end":{"line":4,"column":8300}},{"start":{"line":4,"column":8303},"end":{"line":4,"column":8305}}],"line":4},"80":{"loc":{"start":{"line":4,"column":8231},"end":{"line":4,"column":8300}},"type":"cond-expr","locations":[{"start":{"line":4,"column":8261},"end":{"line":4,"column":8282}},{"start":{"line":4,"column":8285},"end":{"line":4,"column":8300}}],"line":4},"81":{"loc":{"start":{"line":4,"column":8231},"end":{"line":4,"column":8258}},"type":"binary-expr","locations":[{"start":{"line":4,"column":8231},"end":{"line":4,"column":8241}},{"start":{"line":4,"column":8245},"end":{"line":4,"column":8258}}],"line":4},"82":{"loc":{"start":{"line":4,"column":8285},"end":{"line":4,"column":8300}},"type":"binary-expr","locations":[{"start":{"line":4,"column":8285},"end":{"line":4,"column":8294}},{"start":{"line":4,"column":8298},"end":{"line":4,"column":8300}}],"line":4},"83":{"loc":{"start":{"line":4,"column":8310},"end":{"line":4,"column":8360}},"type":"binary-expr","locations":[{"start":{"line":4,"column":8310},"end":{"line":4,"column":8324}},{"start":{"line":4,"column":8328},"end":{"line":4,"column":8360}}],"line":4},"84":{"loc":{"start":{"line":4,"column":8423},"end":{"line":4,"column":8516}},"type":"binary-expr","locations":[{"start":{"line":4,"column":8423},"end":{"line":4,"column":8442}},{"start":{"line":4,"column":8446},"end":{"line":4,"column":8516}}],"line":4},"85":{"loc":{"start":{"line":4,"column":8568},"end":{"line":4,"column":8733}},"type":"cond-expr","locations":[{"start":{"line":4,"column":8614},"end":{"line":4,"column":8692}},{"start":{"line":4,"column":8695},"end":{"line":4,"column":8733}}],"line":4},"86":{"loc":{"start":{"line":4,"column":8568},"end":{"line":4,"column":8611}},"type":"binary-expr","locations":[{"start":{"line":4,"column":8568},"end":{"line":4,"column":8585}},{"start":{"line":4,"column":8589},"end":{"line":4,"column":8611}}],"line":4},"87":{"loc":{"start":{"line":4,"column":8638},"end":{"line":4,"column":8690}},"type":"binary-expr","locations":[{"start":{"line":4,"column":8638},"end":{"line":4,"column":8644}},{"start":{"line":4,"column":8648},"end":{"line":4,"column":8690}}],"line":4},"88":{"loc":{"start":{"line":4,"column":8774},"end":{"line":4,"column":8805}},"type":"binary-expr","locations":[{"start":{"line":4,"column":8774},"end":{"line":4,"column":8784}},{"start":{"line":4,"column":8789},"end":{"line":4,"column":8804}}],"line":4},"89":{"loc":{"start":{"line":4,"column":8827},"end":{"line":4,"column":8923}},"type":"binary-expr","locations":[{"start":{"line":4,"column":8827},"end":{"line":4,"column":8854}},{"start":{"line":4,"column":8858},"end":{"line":4,"column":8923}}],"line":4},"90":{"loc":{"start":{"line":4,"column":8957},"end":{"line":4,"column":9097}},"type":"if","locations":[{"start":{"line":4,"column":8957},"end":{"line":4,"column":9097}},{"start":{"line":4,"column":8957},"end":{"line":4,"column":9097}}],"line":4},"91":{"loc":{"start":{"line":4,"column":9333},"end":{"line":4,"column":9443}},"type":"binary-expr","locations":[{"start":{"line":4,"column":9333},"end":{"line":4,"column":9352}},{"start":{"line":4,"column":9356},"end":{"line":4,"column":9443}}],"line":4},"92":{"loc":{"start":{"line":4,"column":9513},"end":{"line":4,"column":9607}},"type":"binary-expr","locations":[{"start":{"line":4,"column":9513},"end":{"line":4,"column":9543}},{"start":{"line":4,"column":9547},"end":{"line":4,"column":9607}}],"line":4},"93":{"loc":{"start":{"line":4,"column":9693},"end":{"line":4,"column":9813}},"type":"binary-expr","locations":[{"start":{"line":4,"column":9693},"end":{"line":4,"column":9712}},{"start":{"line":4,"column":9716},"end":{"line":4,"column":9813}}],"line":4},"94":{"loc":{"start":{"line":4,"column":9943},"end":{"line":4,"column":10017}},"type":"binary-expr","locations":[{"start":{"line":4,"column":9943},"end":{"line":4,"column":9972}},{"start":{"line":4,"column":9976},"end":{"line":4,"column":9988}},{"start":{"line":4,"column":9992},"end":{"line":4,"column":10017}}],"line":4},"95":{"loc":{"start":{"line":4,"column":10069},"end":{"line":4,"column":10177}},"type":"binary-expr","locations":[{"start":{"line":4,"column":10069},"end":{"line":4,"column":10088}},{"start":{"line":4,"column":10092},"end":{"line":4,"column":10177}}],"line":4}},"s":{"0":0,"1":0,"2":0,"3":0,"4":0,"5":0,"6":0,"7":0,"8":0,"9":0,"10":0,"11":0,"12":0,"13":0,"14":0,"15":0,"16":0,"17":0,"18":0,"19":0,"20":0,"21":0,"22":0,"23":0,"24":0,"25":0,"26":0,"27":0,"28":0,"29":0,"30":0,"31":0,"32":0,"33":0,"34":0,"35":0,"36":0,"37":0,"38":0,"39":0,"40":0,"41":0,"42":0,"43":0,"44":0,"45":0,"46":0,"47":0,"48":0,"49":0,"50":0,"51":0,"52":0,"53":0,"54":0,"55":0,"56":0,"57":0,"58":0,"59":0,"60":0,"61":0,"62":0,"63":0,"64":0,"65":0,"66":0,"67":0,"68":0,"69":0,"70":0,"71":0,"72":0,"73":0,"74":0,"75":0,"76":0,"77":0,"78":0,"79":0,"80":0,"81":0,"82":0,"83":0,"84":0,"85":0,"86":0,"87":0,"88":0,"89":0,"90":0,"91":0,"92":0,"93":0,"94":0,"95":0,"96":0,"97":0,"98":0,"99":0,"100":0,"101":0,"102":0,"103":0,"104":0,"105":0,"106":0,"107":0,"108":0,"109":0,"110":0,"111":0,"112":0,"113":0,"114":0,"115":0,"116":0,"117":0,"118":0,"119":0,"120":0,"121":0,"122":0,"123":0,"124":0,"125":0,"126":0,"127":0,"128":0,"129":0,"130":0,"131":0,"132":0,"133":0,"134":0,"135":0,"136":0,"137":0,"138":0,"139":0,"140":0,"141":0,"142":0,"143":0,"144":0,"145":0,"146":0,"147":0,"148":0,"149":0,"150":0,"151":0,"152":0,"153":0,"154":0,"155":0,"156":0,"157":0,"158":0,"159":0,"160":0,"161":0,"162":0,"163":0,"164":0,"165":0,"166":0,"167":0,"168":0,"169":0,"170":0,"171":0,"172":0,"173":0,"174":0,"175":0,"176":0,"177":0,"178":0,"179":0,"180":0,"181":0,"182":0,"183":0,"184":0,"185":0},"f":{"0":0,"1":0,"2":0,"3":0,"4":0,"5":0,"6":0,"7":0,"8":0,"9":0,"10":0,"11":0,"12":0,"13":0,"14":0,"15":0,"16":0,"17":0,"18":0,"19":0,"20":0,"21":0,"22":0,"23":0,"24":0,"25":0,"26":0,"27":0,"28":0,"29":0,"30":0,"31":0,"32":0,"33":0,"34":0,"35":0,"36":0,"37":0,"38":0,"39":0,"40":0,"41":0,"42":0,"43":0,"44":0,"45":0,"46":0,"47":0,"48":0,"49":0,"50":0,"51":0,"52":0,"53":0,"54":0},"b":{"0":[0,0],"1":[0,0],"2":[0,0],"3":[0,0,0],"4":[0,0],"5":[0,0],"6":[0,0,0],"7":[0,0],"8":[0,0],"9":[0,0],"10":[0,0],"11":[0,0],"12":[0,0],"13":[0,0],"14":[0,0],"15":[0,0],"16":[0,0],"17":[0,0],"18":[0,0],"19":[0,0],"20":[0,0],"21":[0,0],"22":[0,0],"23":[0,0],"24":[0,0],"25":[0,0],"26":[0,0],"27":[0,0],"28":[0,0,0],"29":[0,0],"30":[0,0],"31":[0,0],"32":[0,0],"33":[0,0],"34":[0,0],"35":[0,0],"36":[0,0],"37":[0,0],"38":[0,0],"39":[0,0],"40":[0,0],"41":[0,0],"42":[0,0],"43":[0,0],"44":[0,0],"45":[0,0],"46":[0,0],"47":[0,0],"48":[0,0],"49":[0,0],"50":[0,0],"51":[0,0],"52":[0,0],"53":[0,0],"54":[0,0],"55":[0,0],"56":[0,0],"57":[0,0,0],"58":[0,0],"59":[0,0],"60":[0,0],"61":[0,0],"62":[0,0],"63":[0,0],"64":[0,0],"65":[0,0],"66":[0,0],"67":[0,0],"68":[0,0,0],"69":[0,0],"70":[0,0],"71":[0,0],"72":[0,0],"73":[0,0,0],"74":[0,0],"75":[0,0,0],"76":[0,0],"77":[0,0],"78":[0,0],"79":[0,0],"80":[0,0],"81":[0,0],"82":[0,0],"83":[0,0],"84":[0,0],"85":[0,0],"86":[0,0],"87":[0,0],"88":[0,0],"89":[0,0],"90":[0,0],"91":[0,0],"92":[0,0],"93":[0,0],"94":[0,0,0],"95":[0,0]}}
,"C:\\Projects\\hsse-project\\reactjs\\src\\actions\\index.js": {"path":"C:\\Projects\\hsse-project\\reactjs\\src\\actions\\index.js","statementMap":{"0":{"start":{"line":6,"column":22},"end":{"line":6,"column":28}},"1":{"start":{"line":8,"column":22},"end":{"line":25,"column":1}},"2":{"start":{"line":8,"column":47},"end":{"line":25,"column":1}},"3":{"start":{"line":10,"column":2},"end":{"line":24,"column":3}},"4":{"start":{"line":11,"column":4},"end":{"line":14,"column":6}},"5":{"start":{"line":16,"column":4},"end":{"line":16,"column":81}},"6":{"start":{"line":18,"column":4},"end":{"line":18,"column":15}},"7":{"start":{"line":22,"column":4},"end":{"line":22,"column":60}},"8":{"start":{"line":27,"column":22},"end":{"line":46,"column":1}},"9":{"start":{"line":27,"column":47},"end":{"line":46,"column":1}},"10":{"start":{"line":29,"column":2},"end":{"line":45,"column":3}},"11":{"start":{"line":30,"column":21},"end":{"line":33,"column":5}},"12":{"start":{"line":35,"column":4},"end":{"line":35,"column":64}},"13":{"start":{"line":37,"column":4},"end":{"line":37,"column":55}},"14":{"start":{"line":39,"column":4},"end":{"line":39,"column":15}},"15":{"start":{"line":43,"column":4},"end":{"line":43,"column":94}},"16":{"start":{"line":48,"column":29},"end":{"line":61,"column":1}},"17":{"start":{"line":48,"column":61},"end":{"line":61,"column":1}},"18":{"start":{"line":49,"column":2},"end":{"line":60,"column":3}},"19":{"start":{"line":50,"column":4},"end":{"line":53,"column":6}},"20":{"start":{"line":55,"column":4},"end":{"line":55,"column":70}},"21":{"start":{"line":57,"column":4},"end":{"line":57,"column":15}},"22":{"start":{"line":59,"column":4},"end":{"line":59,"column":75}},"23":{"start":{"line":63,"column":30},"end":{"line":76,"column":1}},"24":{"start":{"line":63,"column":55},"end":{"line":76,"column":1}},"25":{"start":{"line":64,"column":2},"end":{"line":75,"column":3}},"26":{"start":{"line":65,"column":4},"end":{"line":68,"column":6}},"27":{"start":{"line":70,"column":4},"end":{"line":70,"column":87}},"28":{"start":{"line":72,"column":4},"end":{"line":72,"column":15}},"29":{"start":{"line":74,"column":4},"end":{"line":74,"column":94}},"30":{"start":{"line":79,"column":23},"end":{"line":88,"column":1}},"31":{"start":{"line":81,"column":2},"end":{"line":81,"column":35}},"32":{"start":{"line":83,"column":2},"end":{"line":86,"column":4}},"33":{"start":{"line":92,"column":34},"end":{"line":109,"column":1}},"34":{"start":{"line":92,"column":55},"end":{"line":109,"column":1}},"35":{"start":{"line":94,"column":2},"end":{"line":108,"column":3}},"36":{"start":{"line":95,"column":21},"end":{"line":98,"column":5}},"37":{"start":{"line":100,"column":4},"end":{"line":100,"column":31}},"38":{"start":{"line":102,"column":4},"end":{"line":102,"column":66}},"39":{"start":{"line":106,"column":4},"end":{"line":106,"column":76}}},"fnMap":{"0":{"name":"(anonymous_0)","decl":{"start":{"line":8,"column":22},"end":{"line":8,"column":23}},"loc":{"start":{"line":8,"column":47},"end":{"line":25,"column":1}},"line":8},"1":{"name":"(anonymous_1)","decl":{"start":{"line":8,"column":47},"end":{"line":8,"column":48}},"loc":{"start":{"line":8,"column":65},"end":{"line":25,"column":1}},"line":8},"2":{"name":"(anonymous_2)","decl":{"start":{"line":27,"column":22},"end":{"line":27,"column":23}},"loc":{"start":{"line":27,"column":47},"end":{"line":46,"column":1}},"line":27},"3":{"name":"(anonymous_3)","decl":{"start":{"line":27,"column":47},"end":{"line":27,"column":48}},"loc":{"start":{"line":27,"column":65},"end":{"line":46,"column":1}},"line":27},"4":{"name":"(anonymous_4)","decl":{"start":{"line":48,"column":29},"end":{"line":48,"column":30}},"loc":{"start":{"line":48,"column":61},"end":{"line":61,"column":1}},"line":48},"5":{"name":"(anonymous_5)","decl":{"start":{"line":48,"column":61},"end":{"line":48,"column":62}},"loc":{"start":{"line":48,"column":79},"end":{"line":61,"column":1}},"line":48},"6":{"name":"(anonymous_6)","decl":{"start":{"line":63,"column":30},"end":{"line":63,"column":31}},"loc":{"start":{"line":63,"column":55},"end":{"line":76,"column":1}},"line":63},"7":{"name":"(anonymous_7)","decl":{"start":{"line":63,"column":55},"end":{"line":63,"column":56}},"loc":{"start":{"line
[...]
\\src\\components\\Tables\\DatatableView.js","statementMap":{"0":{"start":{"line":1,"column":13},"end":{"line":1,"column":75}},"1":{"start":{"line":1,"column":94},"end":{"line":1,"column":174}},"2":{"start":{"line":1,"column":188},"end":{"line":1,"column":204}},"3":{"start":{"line":1,"column":219},"end":{"line":1,"column":249}},"4":{"start":{"line":2,"column":22},"end":{"line":2,"column":57}},"5":{"start":{"line":2,"column":81},"end":{"line":2,"column":120}},"6":{"start":{"line":3,"column":18},"end":{"line":3,"column":39}},"7":{"start":{"line":4,"column":14},"end":{"line":4,"column":31}},"8":{"start":{"line":4,"column":47},"end":{"line":4,"column":78}},"9":{"start":{"line":6,"column":17},"end":{"line":6,"column":39}},"10":{"start":{"line":6,"column":58},"end":{"line":6,"column":92}},"11":{"start":{"line":6,"column":131},"end":{"line":6,"column":185}},"12":{"start":{"line":8,"column":78},"end":{"line":93,"column":17}},"13":{"start":{"line":86,"column":37},"end":{"line":86,"column":65}},"14":{"start":{"line":87,"column":33},"end":{"line":87,"column":84}},"15":{"start":{"line":89,"column":12},"end":{"line":92,"column":15}},"16":{"start":{"line":91,"column":16},"end":{"line":91,"column":74}},"17":{"start":{"line":96,"column":8},"end":{"line":1372,"column":168}},"18":{"start":{"line":1382,"column":6},"end":{"line":1386,"column":14}}},"fnMap":{"0":{"name":"_interopRequireDefault","decl":{"start":{"line":6,"column":102},"end":{"line":6,"column":124}},"loc":{"start":{"line":6,"column":130},"end":{"line":6,"column":186}},"line":6},"1":{"name":"(anonymous_1)","decl":{"start":{"line":8,"column":46},"end":{"line":8,"column":47}},"loc":{"start":{"line":8,"column":67},"end":{"line":93,"column":18}},"line":8},"2":{"name":"(anonymous_2)","decl":{"start":{"line":85,"column":29},"end":{"line":85,"column":30}},"loc":{"start":{"line":85,"column":43},"end":{"line":93,"column":9}},"line":85},"3":{"name":"(anonymous_3)","decl":{"start":{"line":90,"column":18},"end":{"line":90,"column":19}},"loc":{"start":{"line":90,"column":30},"end":{"line":92,"column":13}},"line":90},"4":{"name":"(anonymous_4)","decl":{"start":{"line":95,"column":4},"end":{"line":95,"column":5}},"loc":{"start":{"line":95,"column":13},"end":{"line":1382,"column":5}},"line":95}},"branchMap":{"0":{"loc":{"start":{"line":6,"column":138},"end":{"line":6,"column":184}},"type":"cond-expr","locations":[{"start":{"line":6,"column":162},"end":{"line":6,"column":165}},{"start":{"line":6,"column":168},"end":{"line":6,"column":184}}],"line":6},"1":{"loc":{"start":{"line":6,"column":138},"end":{"line":6,"column":159}},"type":"binary-expr","locations":[{"start":{"line":6,"column":138},"end":{"line":6,"column":141}},{"start":{"line":6,"column":145},"end":{"line":6,"column":159}}],"line":6}},"s":{"0":0,"1":0,"2":0,"3":0,"4":0,"5":0,"6":0,"7":0,"8":0,"9":0,"10":0,"11":0,"12":0,"13":0,"14":0,"15":0,"16":0,"17":0,"18":0},"f":{"0":0,"1":0,"2":0,"3":0,"4":0},"b":{"0":[0,0],"1":[0,0]}}
,"C:\\Projects\\hsse-project\\reactjs\\src\\components\\Tables\\TableExtended.js": {"path":"C:\\Projects\\hsse-project\\reactjs\\src\\components\\Tables\\TableExtended.js","statementMap":{"0":{"start":{"line":1,"column":13},"end":{"line":1,"column":75}},"1":{"start":{"line":1,"column":94},"end":{"line":1,"column":174}},"2":{"start":{"line":1,"column":188},"end":{"line":1,"column":204}},"3":{"start":{"line":1,"column":219},"end":{"line":1,"column":249}},"4":{"start":{"line":2,"column":22},"end":{"line":2,"column":57}},"5":{"start":{"line":2,"column":81},"end":{"line":2,"column":120}},"6":{"start":{"line":3,"column":18},"end":{"line":3,"column":39}},"7":{"start":{"line":5,"column":18},"end":{"line":5,"column":52}},"8":{"start":{"line":5,"column":72},"end":{"line":5,"column":107}},"9":{"start":{"line":5,"column":146},"end":{"line":5,"column":200}},"10":{"start":{"line":7,"column":78},"end":{"line":28,"column":17}},"11":{"start":{"line":20,"column":32},"end":{"line":20,"column":79}},"12":{"start":{"line":21,"column":32},"end":{"line":21,"column":79}},"13":{"start":{"line":25,"column":12},"end":{"line":26,"column":166}},"14":{"start":{"line":26,"column":66},"end":{"line":26,"column":161}},"15":{"start":{"line":28,"column":56},"end":{"line":28,"column":169}},"16":{"start":{"line":28,"column":117},"end":{"line":28,"column":164}},"17":{"start":{"line":31,"column":8},"end":{"line":430,"column":208}},"18":{"start":{"line":82,"column":156},"end":{"line":82,"column":185}},"19":{"start":{"line":106,"column":156},"end":{"line":106,"column":185}},"20":{"start":{"line":130,"column":156},"end":{"line":130,"column":185}},"21":{"start":{"line":189,"column":156},"end":{"line":189,"column":185}},"22":{"start":{"line":216,"column":156},"end":{"line":216,"column":185}},"23":{"start":{"line":243,"column":156},"end":{"line":243,"column":185}},"24":{"start":{"line":443,"column":6},"end":{"line":447,"column":14}}},"fnMap":{"0":{"name":"_interopRequireDefault","decl":{"start":{"line":5,"column":117},"end":{"line":5,"column":139}},"loc":{"start":{"line":5,"column":145},"end":{"line":5,"column":201}},"line":5},"1":{"name":"(anonymous_1)","decl":{"start":{"line":7,"column":46},"end":{"line":7,"column":47}},"loc":{"start":{"line":7,"column":67},"end":{"line":28,"column":18}},"line":7},"2":{"name":"(anonymous_2)","decl":{"start":{"line":20,"column":27},"end":{"line":20,"column":28}},"loc":{"start":{"line":20,"column":32},"end":{"line":20,"column":79}},"line":20},"3":{"name":"(anonymous_3)","decl":{"start":{"line":21,"column":27},"end":{"line":21,"column":28}},"loc":{"start":{"line":21,"column":32},"end":{"line":21,"column":79}},"line":21},"4":{"name":"(anonymous_4)","decl":{"start":{"line":24,"column":23},"end":{"line":24,"column":24}},"loc":{"start":{"line":24,"column":44},"end":{"line":28,"column":9}},"line":24},"5":{"name":"(anonymous_5)","decl":{"start":{"line":26,"column":53},"end":{"line":26,"column":54}},"loc":{"start":{"line":26,"column":66},"end":{"line":26,"column":161}},"line":26},"6":{"name":"(anonymous_6)","decl":{"start":{"line":28,"column":18},"end":{"line":28,"column":19}},"loc":{"start":{"line":28,"column":55},"end":{"line":28,"column":170}},"line":28},"7":{"name":"(anonymous_7)","decl":{"start":{"line":28,"column":109},"end":{"line":28,"column":110}},"loc":{"start":{"line":28,"column":117},"end":{"line":28,"column":164}},"line":28},"8":{"name":"(anonymous_8)","decl":{"start":{"line":30,"column":4},"end":{"line":30,"column":5}},"loc":{"start":{"line":30,"column":13},"end":{"line":443,"column":5}},"line":30},"9":{"name":"(anonymous_9)","decl":{"start":{"line":82,"column":151},"end":{"line":82,"column":152}},"loc":{"start":{"line":82,"column":156},"end":{"line":82,"column":185}},"line":82},"10":{"name":"(anonymous_10)","decl":{"start":{"line":106,"column":151},"end":{"line":106,"column":152}},"loc":{"start":{"line":106,"column":156},"end":{"line":106,"column":185}},"line":106},"11":{"name":"(anonymous_11)","decl":{"start":{"line":130,"column":151},"end":{"line":130,"column":152}},"loc":{"start":{"line":130,"column":156},"end":{"line":130,"column":185}},"line":130},"12":{"name":"(anonymous_12)","decl":{"start":{"line":189,"column":151},"end":{"line":189,"column":152}},"loc":{"start":{"line":189,"column":156},"end":{"line":189,"column":185}},"line":189},"13":{"name":"(anonymous_13)","decl":{"start":{"line":216,"column":151},"end":{"line":216,"column":152}},"loc":{"start":{"line":216,"column":156},"end":{"line":216,"column":185}},"line":216},"14":{"name":"(anonymous_14)","decl":{"start":{"line":243,"column":151},"end":{"line":243,"column":152}},"loc":{"start":{"line":243,"column":156},"end":{"line":243,"column":185}},"line":243}},"branchMap":{"0":{"loc":{"start":{"line":5,"column":153},"end":{"line":5,"column":199}},"type":"cond-expr","locations":[{"start":{"line":5,"column":177},"end":{"line":5,"column":180}},{"start":{"line":5,"column":183},"end":{"line":5,"column":199}}],"line":5},"1":{"loc":{"start":{"line":5,"column":153},"end":{"line":5,"column":174}},"type":"binary-expr","locations":[{"start":{"line":5,"column":153},"end":{"line":5,"column":156}},{"start":{"line":5,"column":160},"end":{"line":5,"column":174}}],"line":5},"2":{"loc":{"start":{"line":26,"column":66},"end":{"line":26,"column":161}},"type":"cond-expr","locations":[{"start":{"line":26,"column":80},"end":{"line":26,"column":84}},{"start":{"line":26,"column":87},"end":{"line":26,"column":161}}],"line":26}},"s":{"0":0,"1":0,"2":0,"3":0,"4":0,"5":0,"6":0,"7":0,"8":0,"9":0,"10":0,"11":0,"12":0,"13":0,"14":0,"15":0,"16":0,"17":0,"18":0,"19":0,"20":0,"21":0,"22":0,"23":0,"24":0},"f":{"0":0,"1":0,"2":0,"3":0,"4":0,"5":0,"6":0,"7":0,"8":0,"9":0,"10":0,"11":0,"12":0,"13":0,"14":0},"b":{"0":[0,0],"1":[0,0],"2":[0,0]}}
,"C:\\Projects\\hsse-project\\reactjs\\src\\components\\Tables\\TableStandard.js": {"path":"C:\\Projects\\hsse-project\\reactjs\\src\\components\\Tables\\TableStandard.js","statementMap":{"0":{"start":{"line":1,"column":13},"end":{"line":1,"column":75}},"1":{"start":{"line":1,"column":94},"end":{"line":1,"column":174}},"2":{"start":{"line":1,"column":188},"end":{"line":1,"column":204}},"3":{"start":{"line":1,"column":219},"end":{"line":1,"column":249}},"4":{"start":{"line":2,"column":22},"end":{"line":2,"column":57}},"5":{"start":{"line":2,"column":81},"end":{"line":2,"column":120}},"6":{"start":{"line":3,"column":18},"end":{"line":3,"column":39}},"7":{"start":{"line":3,"column":78},"end":{"line":3,"column":132}},"8":{"start":{"line":7,"column":8},"end":{"line":288,"column":173}},"9":{"start":{"line":299,"column":6},"end":{"line":303,"column":14}}},"fnMap":{"0":{"name":"_interopRequireDefault","decl":{"start":{"line":3,"column":49},"end":{"line":3,"column":71}},"loc":{"start":{"line":3,"column":77},"end":{"line":3,"column":133}},"line":3},"1":{"name":"(anonymous_1)","decl":{"start":{"line":6,"column":4},"end":{"line":6,"column":5}},"loc":{"start":{"line":6,"column":13},"end":{"line":299,"column":5}},"line":6}},"branchMap":{"0":{"loc":{"start":{"line":3,"column":85},"end":{"line":3,"column":131}},"type":"cond-expr","locations":[{"start":{"line":3,"column":109},"end":{"line":3,"column":112}},{"start":{"line":3,"column":115},"end":{"line":3,"column":131}}],"line":3},"1":{"loc":{"start":{"line":3,"column":85},"end":{"line":3,"column":106}},"type":"binary-expr","locations":[{"start":{"line":3,"column":85},"end":{"line":3,"column":88}},{"start":{"line":3,"column":92},"end":{"line":3,"column":106}}],"line":3}},"s":{"0":0,"1":0,"2":0,"3":0,"4":0,"5":0,"6":0,"7":0,"8":0,"9":0},"f":{"0":0,"1":0},"b":{"0":[0,0],"1":[0,0]}}
,"C:\\Projects\\hsse-project\\reactjs\\src\\components\\Widgets\\Widgets.js": {"path":"C:\\Projects\\hsse-project\\reactjs\\src\\components\\Widgets\\Widgets.js","statementMap":{"0":{"start":{"line":1,"column":13},"end":{"line":1,"column":75}},"1":{"start":{"line":1,"column":94},"end":{"line":1,"column":169}},"2":{"start":{"line":1,"column":183},"end":{"line":1,"column":199}},"3":{"start":{"line":1,"column":214},"end":{"line":1,"column":244}},"4":{"start":{"line":2,"column":22},"end":{"line":2,"column":57}},"5":{"start":{"line":2,"column":81},"end":{"line":2,"column":120}},"6":{"start":{"line":3,"column":18},"end":{"line":3,"column":39}},"7":{"start":{"line":4,"column":17},"end":{"line":4,"column":37}},"8":{"start":{"line":5,"column":23},"end":{"line":5,"column":51}},"9":{"start":{"line":7,"column":18},"end":{"line":7,"column":49}},"10":{"start":{"line":7,"column":69},"end":{"line":7,"column":104}},"11":{"start":{"line":7,"column":143},"end":{"line":7,"column":197}},"12":{"start":{"line":10,"column":22},"end":{"line":18,"column":1}},"13":{"start":{"line":18,"column":25},"end":{"line":24,"column":163}},"14":{"start":{"line":23,"column":0},"end":{"line":24,"column":162}},"15":{"start":{"line":28,"column":72},"end":{"line":42,"column":17}},"16":{"start":{"line":37,"column":12},"end":{"line":41,"column":13}},"17":{"start":{"line":38,"column":16},"end":{"line":39,"column":38}},"18":{"start":{"line":45,"column":8},"end":{"line":1028,"column":221}},"19":{"start":{"line":903,"column":52},"end":{"line":903,"column":76}},"20":{"start":{"line":910,"column":52},"end":{"line":910,"column":76}},"21":{"start":{"line":1036,"column":6},"end":{"line":1040,"column":8}}},"fnMap":{"0":{"name":"_interopRequireDefault","decl":{"start":{"line":7,"column":114},"end":{"line":7,"column":136}},"loc":{"start":{"line":7,"column":142},"end":{"line":7,"column":198}},"line":7},"1":{"name":"(anonymous_1)","decl":{"start":{"line":22,"column":0},"end":{"line":22,"column":1}},"loc":{"start":{"line":23,"column":0},"end":{"line":24,"column":162}},"line":23},"2":{"name":"(anonymous_2)","decl":{"start":{"line":28,"column":40},"end":{"line":28,"column":41}},"loc":{"start":{"line":28,"column":61},"end":{"line":42,"column":18}},"line":28},"3":{"name":"(anonymous_3)","decl":{"start":{"line":36,"column":20},"end":{"line":36,"column":21}},"loc":{"start":{"line":36,"column":27},"end":{"line":42,"column":9}},"line":36},"4":{"name":"(anonymous_4)","decl":{"start":{"line":44,"column":4},"end":{"line":44,"column":5}},"loc":{"start":{"line":44,"column":13},"end":{"line":1036,"column":5}},"line":44},"5":{"name":"(anonymous_5)","decl":{"start":{"line":903,"column":45},"end":{"line":903,"column":46}},"loc":{"start":{"line":903,"column":51},"end":{"line":903,"column":77}},"line":903},"6":{"name":"(anonymous_6)","decl":{"start":{"line":910,"column":45},"end":{"line":910,"column":46}},"loc":{"start":{"line":910,"column":51},"end":{"line":910,"column":77}},"line":910}},"branchMap":{"0":{"loc":{"start":{"line":7,"column":150},"end":{"line":7,"column":196}},"type":"cond-expr","locations":[{"start":{"line":7,"column":174},"end":{"line":7,"column":177}},{"start":{"line":7,"column":180},"end":{"line":7,"column":196}}],"line":7},"1":{"loc":{"start":{"line":7,"column":150},"end":{"line":7,"column":171}},"type":"binary-expr","locations":[{"start":{"line":7,"column":150},"end":{"line":7,"column":153}},{"start":{"line":7,"column":157},"end":{"line":7,"column":171}}],"line":7},"2":{"loc":{"start":{"line":37,"column":12},"end":{"line":41,"column":13}},"type":"if","locations":[{"start":{"line":37,"column":12},"end":{"line":41,"column":13}},{"start":{"line":37,"column":12},"end":{"line":41,"column":13}}],"line":37},"3":{"loc":{"start":{"line":902,"column":114},"end":{"line":902,"column":162}},"type":"cond-expr","locations":[{"start":{"line":902,"column":149},"end":{"line":902,"column":157}},{"start":{"line":902,"column":160},"end":{"line":902,"column":162}}],"line":902},"4":{"loc":{"start":{"line":909,"column":110},"end":{"line":909,"column":158}},"type":"cond-expr","locations":[{"start":{"line":909,"column":145},"end":{"line":909,"column":153}},{"start":{"line":909,"column":156},"end":{"line":909,"column":158}}],"line":909}},"s":{"0":0,"1":0,"2":0,"3":0,"4":0,"5":0,"6":0,"7":0,"8":0,"9":0,"10":0,"11":0,"12":0,"13":0,"14":0,"15":0,"16":0,"17":0,"18":0,"19":0,"20":0,"21":0},"f":{"0":0,"1":0,"2":0,"3":0,"4":0,"5":0,"6":0},"b":{"0":[0,0],"1":[0,0],"2":[0,0],"3":[0,0],"4":[0,0]}}
,"C:\\Projects\\hsse-project\\reactjs\\src\\reducers\\HSEArticleReducer.js": {"path":"C:\\Projects\\hsse-project\\reactjs\\src\\reducers\\HSEArticleReducer.js","statementMap":{"0":{"start":{"line":1,"column":13},"end":{"line":1,"column":75}},"1":{"start":{"line":1,"column":75},"end":{"line":20,"column":2}},"2":{"start":{"line":7,"column":4},"end":{"line":16,"column":26}},"3":{"start":{"line":10,"column":12},"end":{"line":10,"column":78}},"4":{"start":{"line":12,"column":12},"end":{"line":12,"column":44}},"5":{"start":{"line":14,"column":12},"end":{"line":14,"column":78}},"6":{"start":{"line":16,"column":12},"end":{"line":16,"column":25}},"7":{"start":{"line":20,"column":15},"end":{"line":20,"column":42}},"8":{"start":{"line":20,"column":65},"end":{"line":20,"column":67}}},"fnMap":{"0":{"name":"(anonymous_0)","decl":{"start":{"line":5,"column":0},"end":{"line":5,"column":1}},"loc":{"start":{"line":5,"column":41},"end":{"line":20,"column":1}},"line":5}},"branchMap":{"0":{"loc":{"start":{"line":5,"column":10},"end":{"line":5,"column":31}},"type":"default-arg","locations":[{"start":{"line":5,"column":18},"end":{"line":5,"column":31}}],"line":5},"1":{"loc":{"start":{"line":7,"column":4},"end":{"line":16,"column":26}},"type":"switch","locations":[{"start":{"line":9,"column":8},"end":{"line":10,"column":78}},{"start":{"line":11,"column":8},"end":{"line":12,"column":44}},{"start":{"line":13,"column":8},"end":{"line":14,"column":78}},{"start":{"line":15,"column":8},"end":{"line":16,"column":25}}],"line":7}},"s":{"0":0,"1":0,"2":0,"3":0,"4":0,"5":0,"6":0,"7":0,"8":0},"f":{"0":0},"b":{"0":[0],"1":[0,0,0,0]}}
,"C:\\Projects\\hsse-project\\reactjs\\src\\reducers\\authReducer.js": {"path":"C:\\Projects\\hsse-project\\reactjs\\src\\reducers\\authReducer.js","statementMap":{"0":{"start":{"line":1,"column":13},"end":{"line":1,"column":75}},"1":{"start":{"line":1,"column":75},"end":{"line":25,"column":2}},"2":{"start":{"line":10,"column":4},"end":{"line":21,"column":26}},"3":{"start":{"line":13,"column":12},"end":{"line":13,"column":79}},"4":{"start":{"line":15,"column":12},"end":{"line":15,"column":78}},"5":{"start":{"line":17,"column":12},"end":{"line":17,"column":80}},"6":{"start":{"line":19,"column":12},"end":{"line":19,"column":87}},"7":{"start":{"line":21,"column":12},"end":{"line":21,"column":25}},"8":{"start":{"line":25,"column":15},"end":{"line":25,"column":42}},"9":{"start":{"line":25,"column":65},"end":{"line":25,"column":104}}},"fnMap":{"0":{"name":"(anonymous_0)","decl":{"start":{"line":8,"column":0},"end":{"line":8,"column":1}},"loc":{"start":{"line":8,"column":41},"end":{"line":25,"column":1}},"line":8}},"branchMap":{"0":{"loc":{"start":{"line":8,"column":10},"end":{"line":8,"column":31}},"type":"default-arg","locations":[{"start":{"line":8,"column":18},"end":{"line":8,"column":31}}],"line":8},"1":{"loc":{"start":{"line":10,"column":4},"end":{"line":21,"column":26}},"type":"switch","locations":[{"start":{"line":12,"column":8},"end":{"line":13,"column":79}},{"start":{"line":14,"column":8},"end":{"line":15,"column":78}},{"start":{"line":16,"column":8},"end":{"line":17,"column":80}},{"start":{"line":18,"column":8},"end":{"line":19,"column":87}},{"start":{"line":20,"column":8},"end":{"line":21,"column":25}}],"line":10}},"s":{"0":0,"1":0,"2":0,"3":0,"4":0,"5":0,"6":0,"7":0,"8":0,"9":0},"f":{"0":0},"b":{"0":[0],"1":[0,0,0,0,0]}}
,"C:\\Projects\\hsse-project\\reactjs\\src\\reducers\\index.js": {"path":"C:\\Projects\\hsse-project\\reactjs\\src\\reducers\\index.js","statementMap":{"0":{"start":{"line":1,"column":13},"end":{"line":1,"column":75}},"1":{"start":{"line":1,"column":88},"end":{"line":1,"column":104}},"2":{"start":{"line":2,"column":17},"end":{"line":2,"column":38}},"3":{"start":{"line":4,"column":19},"end":{"line":4,"column":43}},"4":{"start":{"line":4,"column":64},"end":{"line":4,"column":100}},"5":{"start":{"line":6,"column":25},"end":{"line":6,"column":55}},"6":{"start":{"line":6,"column":82},"end":{"line":6,"column":124}},"7":{"start":{"line":6,"column":163},"end":{"line":6,"column":217}},"8":{"start":{"line":6,"column":218},"end":{"line":11,"column":35}}},"fnMap":{"0":{"name":"_interopRequireDefault","decl":{"start":{"line":6,"column":134},"end":{"line":6,"column":156}},"loc":{"start":{"line":6,"column":162},"end":{"line":6,"column":218}},"line":6}},"branchMap":{"0":{"loc":{"start":{"line":6,"column":170},"end":{"line":6,"column":216}},"type":"cond-expr","locations":[{"start":{"line":6,"column":194},"end":{"line":6,"column":197}},{"start":{"line":6,"column":200},"end":{"line":6,"column":216}}],"line":6},"1":{"loc":{"start":{"line":6,"column":170},"end":{"line":6,"column":191}},"type":"binary-expr","locations":[{"start":{"line":6,"column":170},"end":{"line":6,"column":173}},{"start":{"line":6,"column":177},"end":{"line":6,"column":191}}],"line":6}},"s":{"0":0,"1":0,"2":0,"3":0,"4":0,"5":0,"6":0,"7":0,"8":0},"f":{"0":0},"b":{"0":[0,0],"1":[0,0]}}
}
