TN:
SF:C:\Projects\hsse-project\reactjs\src\App.js
FN:23,_interopRequireDefault
FN:26,(anonymous_1)
FN:30,(anonymous_2)
FNF:3
FNH:0
FNDA:0,_interopRequireDefault
FNDA:0,(anonymous_1)
FNDA:0,(anonymous_2)
DA:1,0
DA:22,0
DA:23,0
DA:26,0
DA:36,0
DA:38,0
DA:44,0
LF:7
LH:0
BRDA:23,0,0,0
BRDA:23,0,1,0
BRDA:23,1,0,0
BRDA:23,1,1,0
BRDA:36,2,0,0
BRDA:36,2,1,0
BRDA:36,3,0,0
BRDA:36,3,1,0
BRF:8
BRH:0
end_of_record
TN:
SF:C:\Projects\hsse-project\reactjs\src\Menu.js
FNF:0
FNH:0
DA:1,0
DA:378,0
LF:2
LH:0
BRF:0
BRH:0
end_of_record
TN:
SF:C:\Projects\hsse-project\reactjs\src\Root.js
FN:6,_interopRequireDefault
FN:8,(anonymous_1)
FNF:2
FNH:0
FNDA:0,_interopRequireDefault
FNDA:0,(anonymous_1)
DA:1,0
DA:2,0
DA:3,0
DA:4,0
DA:6,0
DA:10,0
DA:16,0
LF:7
LH:0
BRDA:6,0,0,0
BRDA:6,0,1,0
BRDA:6,1,0,0
BRDA:6,1,1,0
BRDA:8,2,0,0
BRF:5
BRH:0
end_of_record
TN:
SF:C:\Projects\hsse-project\reactjs\src\Routes.js
FN:96,_interopRequireDefault
FN:112,(anonymous_1)
FNF:2
FNH:0
FNDA:0,_interopRequireDefault
FNDA:0,(anonymous_1)
DA:1,0
DA:10,0
DA:11,0
DA:13,0
DA:15,0
DA:16,0
DA:17,0
DA:18,0
DA:19,0
DA:20,0
DA:21,0
DA:22,0
DA:23,0
DA:24,0
DA:25,0
DA:26,0
DA:27,0
DA:28,0
DA:29,0
DA:30,0
DA:32,0
DA:33,0
DA:34,0
DA:35,0
DA:36,0
DA:38,0
DA:39,0
DA:41,0
DA:42,0
DA:43,0
DA:44,0
DA:46,0
DA:47,0
DA:48,0
DA:49,0
DA:50,0
DA:51,0
DA:53,0
DA:54,0
DA:55,0
DA:56,0
DA:57,0
DA:58,0
DA:59,0
DA:61,0
DA:62,0
DA:63,0
DA:64,0
DA:65,0
DA:66,0
DA:67,0
DA:68,0
DA:69,0
DA:70,0
DA:71,0
DA:72,0
DA:73,0
DA:74,0
DA:75,0
DA:76,0
DA:77,0
DA:78,0
DA:79,0
DA:80,0
DA:81,0
DA:83,0
DA:84,0
DA:85,0
DA:86,0
DA:87,0
DA:89,0
DA:90,0
DA:91,0
DA:92,0
DA:94,0
DA:95,0
DA:96,0
DA:102,0
DA:112,0
DA:113,0
DA:114,0
DA:127,0
DA:129,0
DA:130,0
DA:146,0
DA:249,0
LF:86
LH:0
BRDA:96,0,0,0
BRDA:96,0,1,0
BRDA:96,1,0,0
BRDA:96,1,1,0
BRDA:113,2,0,0
BRDA:113,2,1,0
BRDA:129,3,0,0
BRDA:129,3,1,0
BRF:8
BRH:0
end_of_record
TN:
SF:C:\Projects\hsse-project\reactjs\src\Vendor.js
FNF:0
FNH:0
DA:2,0
DA:4,0
DA:6,0
DA:7,0
DA:8,0
DA:9,0
DA:11,0
DA:13,0
DA:15,0
DA:16,0
LF:10
LH:0
BRF:0
BRH:0
end_of_record
TN:
SF:C:\Projects\hsse-project\reactjs\src\i18n.js
FN:4,_interopRequireDefault
FNF:1
FNH:0
FNDA:0,_interopRequireDefault
DA:1,0
DA:2,0
DA:4,0
DA:6,0
DA:21,0
LF:5
LH:0
BRDA:4,0,0,0
BRDA:4,0,1,0
BRDA:4,1,0,0
BRDA:4,1,1,0
BRF:4
BRH:0
end_of_record
TN:
SF:C:\Projects\hsse-project\reactjs\src\index.js
FN:7,_interopRequireDefault
FNF:1
FNH:0
FNDA:0,_interopRequireDefault
DA:1,0
DA:2,0
DA:4,0
DA:5,0
DA:7,0
DA:9,0
LF:6
LH:0
BRDA:7,0,0,0
BRDA:7,0,1,0
BRDA:7,1,0,0
BRDA:7,1,1,0
BRF:4
BRH:0
end_of_record
TN:
SF:C:\Projects\hsse-project\reactjs\src\modernizr.js
FN:4,(anonymous_0)
FN:4,r
FN:4,s
FN:4,o
FN:4,i
FN:4,a
FN:4,l
FN:4,d
FN:4,u
FN:4,(anonymous_9)
FN:4,c
FN:4,f
FN:4,(anonymous_12)
FN:4,p
FN:4,(anonymous_14)
FN:4,g
FN:4,l
FN:4,m
FN:4,(anonymous_18)
FN:4,h
FN:4,v
FN:4,y
FN:4,w
FN:4,(anonymous_23)
FN:4,(anonymous_24)
FN:4,(anonymous_25)
FN:4,(anonymous_26)
FN:4,(anonymous_27)
FN:4,(anonymous_28)
FN:4,(anonymous_29)
FN:4,(anonymous_30)
FN:4,(anonymous_31)
FN:4,(anonymous_32)
FN:4,(anonymous_33)
FN:4,(anonymous_34)
FN:4,(anonymous_35)
FN:4,(anonymous_36)
FN:4,(anonymous_37)
FN:4,(anonymous_38)
FN:4,(anonymous_39)
FN:4,(anonymous_40)
FN:4,(anonymous_41)
FN:4,(anonymous_42)
FN:4,(anonymous_43)
FN:4,(anonymous_44)
FN:4,(anonymous_45)
FN:4,(anonymous_46)
FN:4,(anonymous_47)
FN:4,(anonymous_48)
FN:4,(anonymous_49)
FN:4,(anonymous_50)
FN:4,(anonymous_51)
FN:4,(anonymous_52)
FN:4,(anonymous_53)
FN:4,(anonymous_54)
FNF:55
FNH:0
FNDA:0,(anonymous_0)
FNDA:0,r
FNDA:0,s
FNDA:0,o
FNDA:0,i
FNDA:0,a
FNDA:0,l
FNDA:0,d
FNDA:0,u
FNDA:0,(anonymous_9)
FNDA:0,c
FNDA:0,f
FNDA:0,(anonymous_12)
FNDA:0,p
FNDA:0,(anonymous_14)
FNDA:0,g
FNDA:0,l
FNDA:0,m
FNDA:0,(anonymous_18)
FNDA:0,h
FNDA:0,v
FNDA:0,y
FNDA:0,w
FNDA:0,(anonymous_23)
FNDA:0,(anonymous_24)
FNDA:0,(anonymous_25)
FNDA:0,(anonymous_26)
FNDA:0,(anonymous_27)
FNDA:0,(anonymous_28)
FNDA:0,(anonymous_29)
FNDA:0,(anonymous_30)
FNDA:0,(anonymous_31)
FNDA:0,(anonymous_32)
FNDA:0,(anonymous_33)
FNDA:0,(anonymous_34)
FNDA:0,(anonymous_35)
FNDA:0,(anonymous_36)
FNDA:0,(anonymous_37)
FNDA:0,(anonymous_38)
FNDA:0,(anonymous_39)
FNDA:0,(anonymous_40)
FNDA:0,(anonymous_41)
FNDA:0,(anonymous_42)
FNDA:0,(anonymous_43)
FNDA:0,(anonymous_44)
FNDA:0,(anonymous_45)
FNDA:0,(anonymous_46)
FNDA:0,(anonymous_47)
FNDA:0,(anonymous_48)
FNDA:0,(anonymous_49)
FNDA:0,(anonymous_50)
FNDA:0,(anonymous_51)
FNDA:0,(anonymous_52)
FNDA:0,(anonymous_53)
FNDA:0,(anonymous_54)
DA:4,0
LF:1
LH:0
BRDA:4,0,0,0
BRDA:4,0,1,0
BRDA:4,1,0,0
BRDA:4,1,1,0
BRDA:4,2,0,0
BRDA:4,2,1,0
BRDA:4,3,0,0
BRDA:4,3,1,0
BRDA:4,3,2,0
BRDA:4,4,0,0
BRDA:4,4,1,0
BRDA:4,5,0,0
BRDA:4,5,1,0
BRDA:4,6,0,0
BRDA:4,6,1,0
BRDA:4,6,2,0
BRDA:4,7,0,0
BRDA:4,7,1,0
BRDA:4,8,0,0
BRDA:4,8,1,0
BRDA:4,9,0,0
BRDA:4,9,1,0
BRDA:4,10,0,0
BRDA:4,10,1,0
BRDA:4,11,0,0
BRDA:4,11,1,0
BRDA:4,12,0,0
BRDA:4,12,1,0
BRDA:4,13,0,0
BRDA:4,13,1,0
BRDA:4,14,0,0
BRDA:4,14,1,0
BRDA:4,15,0,0
BRDA:4,15,1,0
BRDA:4,16,0,0
BRDA:4,16,1,0
BRDA:4,17,0,0
BRDA:4,17,1,0
BRDA:4,18,0,0
BRDA:4,18,1,0
BRDA:4,19,0,0
BRDA:4,19,1,0
BRDA:4,20,0,0
BRDA:4,20,1,0
BRDA:4,21,0,0
BRDA:4,21,1,0
BRDA:4,22,0,0
BRDA:4,22,1,0
BRDA:4,23,0,0
BRDA:4,23,1,0
BRDA:4,24,0,0
BRDA:4,24,1,0
BRDA:4,25,0,0
BRDA:4,25,1,0
BRDA:4,26,0,0
BRDA:4,26,1,0
BRDA:4,27,0,0
BRDA:4,27,1,0
BRDA:4,28,0,0
BRDA:4,28,1,0
BRDA:4,28,2,0
BRDA:4,29,0,0
BRDA:4,29,1,0
BRDA:4,30,0,0
BRDA:4,30,1,0
BRDA:4,31,0,0
BRDA:4,31,1,0
BRDA:4,32,0,0
BRDA:4,32,1,0
BRDA:4,33,0,0
BRDA:4,33,1,0
BRDA:4,34,0,0
BRDA:4,34,1,0
BRDA:4,35,0,0
BRDA:4,35,1,0
BRDA:4,36,0,0
BRDA:4,36,1,0
BRDA:4,37,0,0
BRDA:4,37,1,0
BRDA:4,38,0,0
BRDA:4,38,1,0
BRDA:4,39,0,0
BRDA:4,39,1,0
BRDA:4,40,0,0
BRDA:4,40,1,0
BRDA:4,41,0,0
BRDA:4,41,1,0
BRDA:4,42,0,0
BRDA:4,42,1,0
BRDA:4,43,0,0
BRDA:4,43,1,0
BRDA:4,44,0,0
BRDA:4,44,1,0
BRDA:4,45,0,0
BRDA:4,45,1,0
BRDA:4,46,0,0
BRDA:4,46,1,0
BRDA:4,47,0,0
BRDA:4,47,1,0
BRDA:4,48,0,0
BRDA:4,48,1,0
BRDA:4,49,0,0
BRDA:4,49,1,0
BRDA:4,50,0,0
BRDA:4,50,1,0
BRDA:4,51,0,0
BRDA:4,51,1,0
BRDA:4,52,0,0
BRDA:4,52,1,0
BRDA:4,53,0,0
BRDA:4,53,1,0
BRDA:4,54,0,0
BRDA:4,54,1,0
BRDA:4,55,0,0
BRDA:4,55,1,0
BRDA:4,56,0,0
BRDA:4,56,1,0
BRDA:4,57,0,0
BRDA:4,57,1,0
BRDA:4,57,2,0
BRDA:4,58,0,0
BRDA:4,58,1,0
BRDA:4,59,0,0
BRDA:4,59,1,0
BRDA:4,60,0,0
BRDA:4,60,1,0
BRDA:4,61,0,0
BRDA:4,61,1,0
BRDA:4,62,0,0
BRDA:4,62,1,0
BRDA:4,63,0,0
BRDA:4,63,1,0
BRDA:4,64,0,0
BRDA:4,64,1,0
BRDA:4,65,0,0
BRDA:4,65,1,0
BRDA:4,66,0,0
BRDA:4,66,1,0
BRDA:4,67,0,0
BRDA:4,67,1,0
BRDA:4,68,0,0
BRDA:4,68,1,0
BRDA:4,68,2,0
BRDA:4,69,0,0
BRDA:4,69,1,0
BRDA:4,70,0,0
BRDA:4,70,1,0
BRDA:4,71,0,0
BRDA:4,71,1,0
BRDA:4,72,0,0
BRDA:4,72,1,0
BRDA:4,73,0,0
BRDA:4,73,1,0
BRDA:4,73,2,0
BRDA:4,74,0,0
BRDA:4,74,1,0
BRDA:4,75,0,0
BRDA:4,75,1,0
BRDA:4,75,2,0
BRDA:4,76,0,0
BRDA:4,76,1,0
BRDA:4,77,0,0
BRDA:4,77,1,0
BRDA:4,78,0,0
BRDA:4,78,1,0
BRDA:4,79,0,0
BRDA:4,79,1,0
BRDA:4,80,0,0
BRDA:4,80,1,0
BRDA:4,81,0,0
BRDA:4,81,1,0
BRDA:4,82,0,0
BRDA:4,82,1,0
BRDA:4,83,0,0
BRDA:4,83,1,0
BRDA:4,84,0,0
BRDA:4,84,1,0
BRDA:4,85,0,0
BRDA:4,85,1,0
BRDA:4,86,0,0
BRDA:4,86,1,0
BRDA:4,87,0,0
BRDA:4,87,1,0
BRDA:4,88,0,0
BRDA:4,88,1,0
BRDA:4,89,0,0
BRDA:4,89,1,0
BRDA:4,90,0,0
BRDA:4,90,1,0
BRDA:4,91,0,0
BRDA:4,91,1,0
BRDA:4,92,0,0
BRDA:4,92,1,0
BRDA:4,93,0,0
BRDA:4,93,1,0
BRDA:4,94,0,0
BRDA:4,94,1,0
BRDA:4,94,2,0
BRDA:4,95,0,0
BRDA:4,95,1,0
BRF:200
BRH:0
end_of_record
TN:
SF:C:\Projects\hsse-project\reactjs\src\actions\index.js
FN:8,(anonymous_0)
FN:8,(anonymous_1)
FN:27,(anonymous_2)
FN:27,(anonymous_3)
FN:48,(anonymous_4)
FN:48,(anonymous_5)
FN:63,(anonymous_6)
FN:63,(anonymous_7)
FN:79,(anonymous_8)
FN:92,(anonymous_9)
FN:92,(anonymous_10)
FNF:11
FNH:0
FNDA:0,(anonymous_0)
FNDA:0,(anonymous_1)
FNDA:0,(anonymous_2)
FNDA:0,(anonymous_3)
FNDA:0,(anonymous_4)
FNDA:0,(anonymous_5)
FNDA:0,(anonymous_6)
FNDA:0,(anonymous_7)
FNDA:0,(anonymous_8)
FNDA:0,(anonymous_9)
FNDA:0,(anonymous_10)
DA:6,1
DA:8,1
DA:10,0
DA:11,0
DA:16,0
DA:18,0
DA:22,0
DA:27,1
DA:29,0
DA:30,0
DA:35,0
DA:37,0
DA:39,0
DA:43,0
DA:48,1
DA:49,0
DA:50,0
DA:55,0
DA:57,0
DA:59,0
DA:63,1
DA:64,0
DA:65,0
DA:70,0
DA:72,0
DA:74,0
DA:79,1
DA:81,0
DA:83,0
DA:92,1
DA:94,0
DA:95,0
DA:100,0
DA:102,0
DA:106,0
LF:35
LH:7
BRF:0
BRH:0
end_of_record
TN:
SF:C:\Projects\hsse-project\reactjs\src\actions\types.js
FNF:0
FNH:0
DA:1,1
DA:2,1
DA:3,1
DA:4,1
DA:6,1
DA:8,1
DA:9,1
DA:10,1
DA:13,1
DA:15,1
DA:16,1
DA:17,1
LF:12
LH:12
BRF:0
BRH:0
end_of_record
TN:
SF:C:\Projects\hsse-project\reactjs\src\components\Blog\BlogArticleView.js
FN:10,_interopRequireDefault
FN:48,(anonymous_1)
FN:58,(anonymous_2)
FN:64,(anonymous_3)
FN:68,(anonymous_4)
FNF:5
FNH:0
FNDA:0,_interopRequireDefault
FNDA:0,(anonymous_1)
FNDA:0,(anonymous_2)
FNDA:0,(anonymous_3)
FNDA:0,(anonymous_4)
DA:1,0
DA:8,0
DA:9,0
DA:10,0
DA:13,0
DA:21,0
DA:29,0
DA:41,0
DA:42,0
DA:48,0
DA:59,0
DA:65,0
DA:69,0
DA:270,0
LF:14
LH:0
BRDA:10,0,0,0
BRDA:10,0,1,0
BRDA:10,1,0,0
BRDA:10,1,1,0
BRF:4
BRH:0
end_of_record
TN:
SF:C:\Projects\hsse-project\reactjs\src\components\Blog\BlogArticles.js
FN:5,_interopRequireDefault
FN:28,(anonymous_1)
FNF:2
FNH:0
FNDA:0,_interopRequireDefault
FNDA:0,(anonymous_1)
DA:1,0
DA:2,0
DA:3,0
DA:5,0
DA:7,0
DA:28,0
DA:29,0
DA:356,0
LF:8
LH:0
BRDA:5,0,0,0
BRDA:5,0,1,0
BRDA:5,1,0,0
BRDA:5,1,1,0
BRF:4
BRH:0
end_of_record
TN:
SF:C:\Projects\hsse-project\reactjs\src\components\Blog\BlogList.js
FN:7,_interopRequireDefault
FN:9,(anonymous_1)
FN:28,(anonymous_2)
FN:36,(anonymous_3)
FNF:4
FNH:0
FNDA:0,_interopRequireDefault
FNDA:0,(anonymous_1)
FNDA:0,(anonymous_2)
FNDA:0,(anonymous_3)
DA:1,0
DA:6,0
DA:7,0
DA:9,0
DA:29,0
DA:37,0
DA:326,0
LF:7
LH:0
BRDA:7,0,0,0
BRDA:7,0,1,0
BRDA:7,1,0,0
BRDA:7,1,1,0
BRF:4
BRH:0
end_of_record
TN:
SF:C:\Projects\hsse-project\reactjs\src\components\Blog\BlogPost.js
FN:7,_interopRequireDefault
FN:9,(anonymous_1)
FN:28,(anonymous_2)
FN:35,(anonymous_3)
FNF:4
FNH:0
FNDA:0,_interopRequireDefault
FNDA:0,(anonymous_1)
FNDA:0,(anonymous_2)
FNDA:0,(anonymous_3)
DA:1,0
DA:6,0
DA:7,0
DA:9,0
DA:29,0
DA:36,0
DA:252,0
LF:7
LH:0
BRDA:7,0,0,0
BRDA:7,0,1,0
BRDA:7,1,0,0
BRDA:7,1,1,0
BRF:4
BRH:0
end_of_record
TN:
SF:C:\Projects\hsse-project\reactjs\src\components\Charts\ChartChartJS.js
FN:6,_interopRequireDefault
FN:10,(anonymous_1)
FNF:2
FNH:0
FNDA:0,_interopRequireDefault
FNDA:0,(anonymous_1)
DA:1,0
DA:2,0
DA:3,0
DA:5,0
DA:6,0
DA:11,0
DA:70,0
LF:7
LH:0
BRDA:6,0,0,0
BRDA:6,0,1,0
BRDA:6,1,0,0
BRDA:6,1,1,0
BRF:4
BRH:0
end_of_record
TN:
SF:C:\Projects\hsse-project\reactjs\src\components\Charts\ChartChartJS.setup.js
FN:3,(anonymous_0)
FNF:1
FNH:0
FNDA:0,(anonymous_0)
DA:1,0
DA:3,0
DA:7,0
DA:33,0
DA:56,0
DA:86,0
DA:116,0
DA:149,0
LF:8
LH:0
BRF:0
BRH:0
end_of_record
TN:
SF:C:\Projects\hsse-project\reactjs\src\components\Charts\ChartChartist.js
FN:10,_interopRequireDefault
FN:12,(anonymous_1)
FN:19,(anonymous_2)
FNF:3
FNH:0
FNDA:0,_interopRequireDefault
FNDA:0,(anonymous_1)
FNDA:0,(anonymous_2)
DA:1,0
DA:6,0
DA:7,0
DA:8,0
DA:10,0
DA:12,0
DA:13,0
DA:20,0
DA:71,0
LF:9
LH:0
BRDA:10,0,0,0
BRDA:10,0,1,0
BRDA:10,1,0,0
BRDA:10,1,1,0
BRF:4
BRH:0
end_of_record
TN:
SF:C:\Projects\hsse-project\reactjs\src\components\Charts\ChartChartist.setup.js
FN:1,_interopRequireDefault
FN:18,(anonymous_1)
FN:87,(anonymous_2)
FN:127,(anonymous_3)
FN:131,(anonymous_4)
FNF:5
FNH:0
FNDA:0,_interopRequireDefault
FNDA:0,(anonymous_1)
FNDA:0,(anonymous_2)
FNDA:0,(anonymous_3)
FNDA:0,(anonymous_4)
DA:1,0
DA:5,0
DA:19,0
DA:27,0
DA:48,0
DA:69,0
DA:88,0
DA:89,0
DA:108,0
DA:109,0
DA:110,0
DA:111,0
DA:128,0
DA:132,0
DA:134,0
DA:136,0
DA:148,0
DA:149,0
DA:159,0
DA:160,0
DA:169,0
DA:170,0
DA:193,0
DA:195,0
DA:203,0
DA:211,0
DA:212,0
DA:213,0
DA:214,0
DA:222,0
LF:30
LH:0
BRDA:1,0,0,0
BRDA:1,0,1,0
BRDA:1,1,0,0
BRDA:1,1,1,0
BRDA:19,2,0,0
BRDA:19,2,1,0
BRDA:88,3,0,0
BRDA:88,3,1,0
BRDA:88,4,0,0
BRDA:88,4,1,0
BRDA:134,5,0,0
BRDA:134,5,1,0
BRDA:148,6,0,0
BRDA:148,6,1,0
BRDA:148,7,0,0
BRDA:148,7,1,0
BRDA:159,8,0,0
BRDA:159,8,1,0
BRDA:159,9,0,0
BRDA:159,9,1,0
BRDA:169,10,0,0
BRDA:169,10,1,0
BRDA:193,11,0,0
BRDA:193,11,1,0
BRF:24
BRH:0
end_of_record
TN:
SF:C:\Projects\hsse-project\reactjs\src\components\Charts\ChartFlot.js
FN:7,_interopRequireDefault
FN:9,(anonymous_1)
FN:21,(anonymous_2)
FNF:3
FNH:0
FNDA:0,_interopRequireDefault
FNDA:0,(anonymous_1)
FNDA:0,(anonymous_2)
DA:1,0
DA:2,0
DA:3,0
DA:5,0
DA:6,0
DA:7,0
DA:9,0
DA:22,0
DA:105,0
LF:9
LH:0
BRDA:7,0,0,0
BRDA:7,0,1,0
BRDA:7,1,0,0
BRDA:7,1,1,0
BRF:4
BRH:0
end_of_record
TN:
SF:C:\Projects\hsse-project\reactjs\src\components\Charts\ChartFlot.setup.js
FN:54,(anonymous_0)
FN:65,(anonymous_1)
FN:119,(anonymous_2)
FN:129,(anonymous_3)
FN:174,(anonymous_4)
FN:264,(anonymous_5)
FN:383,(anonymous_6)
FN:432,(anonymous_7)
FNF:8
FNH:0
FNDA:0,(anonymous_0)
FNDA:0,(anonymous_1)
FNDA:0,(anonymous_2)
FNDA:0,(anonymous_3)
FNDA:0,(anonymous_4)
FNDA:0,(anonymous_5)
FNDA:0,(anonymous_6)
FNDA:0,(anonymous_7)
DA:1,0
DA:3,0
DA:54,0
DA:65,0
DA:74,0
DA:119,0
DA:129,0
DA:137,0
DA:174,0
DA:190,0
DA:264,0
DA:281,0
DA:318,0
DA:383,0
DA:400,0
DA:433,0
LF:16
LH:0
BRF:0
BRH:0
end_of_record
TN:
SF:C:\Projects\hsse-project\reactjs\src\components\Charts\ChartMorris.js
FN:5,_interopRequireDefault
FN:7,(anonymous_1)
FN:61,(anonymous_2)
FNF:3
FNH:0
FNDA:0,_interopRequireDefault
FNDA:0,(anonymous_1)
FNDA:0,(anonymous_2)
DA:1,0
DA:2,0
DA:3,0
DA:5,0
DA:7,0
DA:62,0
DA:105,0
LF:7
LH:0
BRDA:5,0,0,0
BRDA:5,0,1,0
BRDA:5,1,0,0
BRDA:5,1,1,0
BRF:4
BRH:0
end_of_record
TN:
SF:C:\Projects\hsse-project\reactjs\src\components\Charts\ChartRadial.js
FN:9,_interopRequireWildcard
FN:9,_interopRequireDefault
FN:13,(anonymous_2)
FN:105,(anonymous_3)
FNF:4
FNH:0
FNDA:0,_interopRequireWildcard
FNDA:0,_interopRequireDefault
FNDA:0,(anonymous_2)
FNDA:0,(anonymous_3)
DA:1,0
DA:9,0
DA:16,0
DA:21,0
DA:23,0
DA:29,0
DA:31,0
DA:39,0
DA:41,0
DA:49,0
DA:52,0
DA:63,0
DA:65,0
DA:76,0
DA:78,0
DA:89,0
DA:91,0
DA:102,0
DA:106,0
DA:331,0
LF:20
LH:0
BRDA:9,0,0,0
BRDA:9,0,1,0
BRDA:9,1,0,0
BRDA:9,1,1,0
BRDA:9,2,0,0
BRDA:9,2,1,0
BRDA:9,3,0,0
BRDA:9,3,1,0
BRDA:9,4,0,0
BRDA:9,4,1,0
BRDA:9,5,0,0
BRDA:9,5,1,0
BRF:12
BRH:0
end_of_record
TN:
SF:C:\Projects\hsse-project\reactjs\src\components\Charts\Flot.js
FN:13,_interopRequireDefault
FN:18,(anonymous_1)
FN:60,(anonymous_2)
FN:62,(anonymous_3)
FN:62,(anonymous_4)
FN:62,(anonymous_5)
FN:62,(anonymous_6)
FN:62,(anonymous_7)
FN:64,(anonymous_8)
FNF:9
FNH:0
FNDA:0,_interopRequireDefault
FNDA:0,(anonymous_1)
FNDA:0,(anonymous_2)
FNDA:0,(anonymous_3)
FNDA:0,(anonymous_4)
FNDA:0,(anonymous_5)
FNDA:0,(anonymous_6)
FNDA:0,(anonymous_7)
FNDA:0,(anonymous_8)
DA:1,0
DA:7,0
DA:8,0
DA:9,0
DA:10,0
DA:11,0
DA:12,0
DA:13,0
DA:18,0
DA:61,0
DA:62,0
DA:65,0
DA:70,0
DA:73,0
LF:14
LH:0
BRDA:13,0,0,0
BRDA:13,0,1,0
BRDA:13,1,0,0
BRDA:13,1,1,0
BRDA:62,2,0,0
BRDA:62,2,1,0
BRDA:62,3,0,0
BRDA:62,3,1,0
BRDA:62,4,0,0
BRDA:62,4,1,0
BRDA:62,5,0,0
BRDA:62,5,1,0
BRDA:62,5,2,0
BRDA:62,6,0,0
BRDA:62,6,1,0
BRDA:62,6,2,0
BRF:16
BRH:0
end_of_record
TN:
SF:C:\Projects\hsse-project\reactjs\src\components\Charts\Morris.js
FN:6,_interopRequireDefault
FN:23,(anonymous_1)
FN:27,(anonymous_2)
FN:37,(anonymous_3)
FNF:4
FNH:0
FNDA:0,_interopRequireDefault
FNDA:0,(anonymous_1)
FNDA:0,(anonymous_2)
FNDA:0,(anonymous_3)
DA:1,0
DA:5,0
DA:6,0
DA:24,0
DA:28,0
DA:29,0
DA:30,0
DA:38,0
DA:41,0
LF:9
LH:0
BRDA:6,0,0,0
BRDA:6,0,1,0
BRDA:6,1,0,0
BRDA:6,1,1,0
BRF:4
BRH:0
end_of_record
TN:
SF:C:\Projects\hsse-project\reactjs\src\components\Common\CardTool.js
FN:6,_interopRequireDefault
FN:8,(anonymous_1)
FN:18,(anonymous_2)
FN:44,(anonymous_3)
FN:48,(anonymous_4)
FN:50,(anonymous_5)
FN:54,(anonymous_6)
FN:64,(anonymous_7)
FN:71,(anonymous_8)
FN:76,(anonymous_9)
FN:84,(anonymous_10)
FN:86,(anonymous_11)
FN:93,(anonymous_12)
FN:93,(anonymous_13)
FN:93,(anonymous_14)
FNF:15
FNH:0
FNDA:0,_interopRequireDefault
FNDA:0,(anonymous_1)
FNDA:0,(anonymous_2)
FNDA:0,(anonymous_3)
FNDA:0,(anonymous_4)
FNDA:0,(anonymous_5)
FNDA:0,(anonymous_6)
FNDA:0,(anonymous_7)
FNDA:0,(anonymous_8)
FNDA:0,(anonymous_9)
FNDA:0,(anonymous_10)
FNDA:0,(anonymous_11)
FNDA:0,(anonymous_12)
FNDA:0,(anonymous_13)
FNDA:0,(anonymous_14)
DA:1,0
DA:3,0
DA:4,0
DA:5,0
DA:6,0
DA:8,0
DA:9,0
DA:10,0
DA:18,0
DA:46,0
DA:48,0
DA:49,0
DA:50,0
DA:54,0
DA:55,0
DA:57,0
DA:59,0
DA:61,0
DA:64,0
DA:67,0
DA:72,0
DA:73,0
DA:76,0
DA:78,0
DA:81,0
DA:84,0
DA:87,0
DA:93,0
LF:28
LH:0
BRDA:6,0,0,0
BRDA:6,0,1,0
BRDA:6,1,0,0
BRDA:6,1,1,0
BRDA:9,2,0,0
BRDA:9,2,1,0
BRDA:9,3,0,0
BRDA:9,3,1,0
BRDA:50,4,0,0
BRDA:50,4,1,0
BRDA:89,5,0,0
BRDA:89,5,1,0
BRDA:90,6,0,0
BRDA:90,6,1,0
BRF:14
BRH:0
end_of_record
TN:
SF:C:\Projects\hsse-project\reactjs\src\components\Common\LoadTheme.js
FN:6,_interopRequireDefault
FN:23,(anonymous_1)
FN:34,(anonymous_2)
FN:34,(anonymous_3)
FN:39,createLink
FN:50,injectStylesheet
FNF:6
FNH:0
FNDA:0,_interopRequireDefault
FNDA:0,(anonymous_1)
FNDA:0,(anonymous_2)
FNDA:0,(anonymous_3)
FNDA:0,createLink
FNDA:0,injectStylesheet
DA:1,0
DA:4,0
DA:5,0
DA:6,0
DA:8,0
DA:10,0
DA:23,0
DA:25,0
DA:28,0
DA:29,0
DA:34,0
DA:35,0
DA:36,0
DA:40,0
DA:41,0
DA:42,0
DA:44,0
DA:51,0
DA:54,0
DA:62,0
DA:68,0
LF:21
LH:0
BRDA:6,0,0,0
BRDA:6,0,1,0
BRDA:6,1,0,0
BRDA:6,1,1,0
BRDA:28,2,0,0
BRDA:28,2,1,0
BRDA:35,3,0,0
BRDA:35,3,1,0
BRDA:41,4,0,0
BRDA:41,4,1,0
BRF:10
BRH:0
end_of_record
TN:
SF:C:\Projects\hsse-project\reactjs\src\components\Common\Now.js
FN:3,_interopRequireWildcard
FN:3,_interopRequireDefault
FN:9,(anonymous_2)
FN:31,(anonymous_3)
FN:35,(anonymous_4)
FN:35,(anonymous_5)
FN:37,(anonymous_6)
FNF:7
FNH:0
FNDA:0,_interopRequireWildcard
FNDA:0,_interopRequireDefault
FNDA:0,(anonymous_2)
FNDA:0,(anonymous_3)
FNDA:0,(anonymous_4)
FNDA:0,(anonymous_5)
FNDA:0,(anonymous_6)
DA:1,0
DA:2,0
DA:3,0
DA:9,0
DA:32,0
DA:35,0
DA:38,0
DA:43,0
LF:8
LH:0
BRDA:3,0,0,0
BRDA:3,0,1,0
BRDA:3,1,0,0
BRDA:3,1,1,0
BRDA:3,2,0,0
BRDA:3,2,1,0
BRDA:3,3,0,0
BRDA:3,3,1,0
BRDA:3,4,0,0
BRDA:3,4,1,0
BRDA:3,5,0,0
BRDA:3,5,1,0
BRDA:35,6,0,0
BRDA:35,6,1,0
BRF:14
BRH:0
end_of_record
TN:
SF:C:\Projects\hsse-project\reactjs\src\components\Common\Scrollable.js
FN:7,_interopRequireDefault
FN:12,(anonymous_1)
FN:14,(anonymous_2)
FNF:3
FNH:0
FNDA:0,_interopRequireDefault
FNDA:0,(anonymous_1)
FNDA:0,(anonymous_2)
DA:1,0
DA:7,0
DA:12,0
DA:14,0
DA:15,0
DA:19,0
DA:27,0
DA:32,0
DA:33,0
LF:9
LH:0
BRDA:7,0,0,0
BRDA:7,0,1,0
BRDA:7,1,0,0
BRDA:7,1,1,0
BRF:4
BRH:0
end_of_record
TN:
SF:C:\Projects\hsse-project\reactjs\src\components\Common\Sparklines.js
FN:7,_interopRequireDefault
FN:14,(anonymous_1)
FN:70,(anonymous_2)
FN:72,(anonymous_3)
FN:72,(anonymous_4)
FN:75,(anonymous_5)
FN:77,(anonymous_6)
FN:77,(anonymous_7)
FN:77,(anonymous_8)
FNF:9
FNH:0
FNDA:0,_interopRequireDefault
FNDA:0,(anonymous_1)
FNDA:0,(anonymous_2)
FNDA:0,(anonymous_3)
FNDA:0,(anonymous_4)
FNDA:0,(anonymous_5)
FNDA:0,(anonymous_6)
FNDA:0,(anonymous_7)
FNDA:0,(anonymous_8)
DA:1,0
DA:7,0
DA:9,0
DA:14,0
DA:71,0
DA:72,0
DA:73,0
DA:74,0
DA:75,0
DA:76,0
DA:77,0
DA:79,0
LF:12
LH:0
BRDA:7,0,0,0
BRDA:7,0,1,0
BRDA:7,1,0,0
BRDA:7,1,1,0
BRDA:73,2,0,0
BRDA:73,2,1,0
BRDA:74,3,0,0
BRDA:74,3,1,0
BRDA:77,4,0,0
BRDA:77,4,1,0
BRF:10
BRH:0
end_of_record
TN:
SF:C:\Projects\hsse-project\reactjs\src\components\Common\ToggleFullscreen.js
FN:6,_interopRequireDefault
FN:17,(anonymous_1)
FN:64,(anonymous_2)
FN:74,(anonymous_3)
FN:76,(anonymous_4)
FN:78,(anonymous_5)
FN:79,(anonymous_6)
FN:79,(anonymous_7)
FNF:8
FNH:0
FNDA:0,_interopRequireDefault
FNDA:0,(anonymous_1)
FNDA:0,(anonymous_2)
FNDA:0,(anonymous_3)
FNDA:0,(anonymous_4)
FNDA:0,(anonymous_5)
FNDA:0,(anonymous_6)
FNDA:0,(anonymous_7)
DA:1,0
DA:3,0
DA:4,0
DA:5,0
DA:6,0
DA:8,0
DA:9,0
DA:10,0
DA:17,0
DA:65,0
DA:75,0
DA:76,0
DA:77,0
DA:78,0
DA:79,0
DA:80,0
DA:85,0
LF:17
LH:0
BRDA:6,0,0,0
BRDA:6,0,1,0
BRDA:6,1,0,0
BRDA:6,1,1,0
BRDA:66,2,0,0
BRDA:66,2,1,0
BRDA:77,3,0,0
BRDA:77,3,1,0
BRDA:77,4,0,0
BRDA:77,4,1,0
BRDA:78,5,0,0
BRDA:78,5,1,0
BRDA:78,6,0,0
BRDA:78,6,1,0
BRDA:79,7,0,0
BRDA:79,7,1,0
BRDA:79,8,0,0
BRDA:79,8,1,0
BRF:18
BRH:0
end_of_record
TN:
SF:C:\Projects\hsse-project\reactjs\src\components\Common\ToggleState.js
FN:6,_interopRequireDefault
FN:12,(anonymous_1)
FN:19,(anonymous_2)
FN:28,(anonymous_3)
FN:39,(anonymous_4)
FN:53,(anonymous_5)
FNF:6
FNH:0
FNDA:0,_interopRequireDefault
FNDA:0,(anonymous_1)
FNDA:0,(anonymous_2)
FNDA:0,(anonymous_3)
FNDA:0,(anonymous_4)
FNDA:0,(anonymous_5)
DA:1,0
DA:3,0
DA:4,0
DA:5,0
DA:6,0
DA:13,0
DA:14,0
DA:15,0
DA:16,0
DA:20,0
DA:21,0
DA:22,0
DA:23,0
DA:24,0
DA:29,0
DA:30,0
DA:31,0
DA:38,0
DA:39,0
DA:40,0
DA:42,0
DA:44,0
DA:45,0
DA:46,0
DA:48,0
DA:51,0
DA:53,0
DA:55,0
DA:58,0
DA:60,0
DA:61,0
DA:62,0
DA:63,0
DA:64,0
DA:66,0
DA:67,0
DA:68,0
DA:73,0
DA:77,0
DA:84,0
DA:97,0
DA:98,0
LF:42
LH:0
BRDA:6,0,0,0
BRDA:6,0,1,0
BRDA:6,1,0,0
BRDA:6,1,1,0
BRDA:14,2,0,0
BRDA:14,2,1,0
BRDA:21,3,0,0
BRDA:21,3,1,0
BRDA:23,4,0,0
BRDA:23,4,1,0
BRDA:30,5,0,0
BRDA:30,5,1,0
BRDA:55,6,0,0
BRDA:55,6,1,0
BRDA:58,7,0,0
BRDA:58,7,1,0
BRDA:60,8,0,0
BRDA:60,8,1,0
BRDA:61,9,0,0
BRDA:61,9,1,0
BRDA:63,10,0,0
BRDA:63,10,1,0
BRDA:67,11,0,0
BRDA:67,11,1,0
BRF:24
BRH:0
end_of_record
TN:
SF:C:\Projects\hsse-project\reactjs\src\components\Common\TriggerResize.js
FN:6,_interopRequireDefault
FN:14,(anonymous_1)
FN:14,(anonymous_2)
FNF:3
FNH:0
FNDA:0,_interopRequireDefault
FNDA:0,(anonymous_1)
FNDA:0,(anonymous_2)
DA:1,0
DA:5,0
DA:6,0
DA:14,0
DA:16,0
DA:17,0
DA:18,0
DA:23,0
DA:30,0
DA:32,0
LF:10
LH:0
BRDA:6,0,0,0
BRDA:6,0,1,0
BRDA:6,1,0,0
BRDA:6,1,1,0
BRF:4
BRH:0
end_of_record
TN:
SF:C:\Projects\hsse-project\reactjs\src\components\Common\constants.js
FNF:0
FNH:0
DA:1,0
DA:4,0
DA:23,0
LF:3
LH:0
BRF:0
BRH:0
end_of_record
TN:
SF:C:\Projects\hsse-project\reactjs\src\components\Dashboard\DashboardV1.js
FN:11,_interopRequireDefault
FN:13,(anonymous_1)
FN:54,(anonymous_2)
FN:65,(anonymous_3)
FN:91,(anonymous_4)
FN:95,(anonymous_5)
FN:99,(anonymous_6)
FN:101,(anonymous_7)
FN:118,(anonymous_8)
FN:119,(anonymous_9)
FN:195,(anonymous_10)
FNF:11
FNH:0
FNDA:0,_interopRequireDefault
FNDA:0,(anonymous_1)
FNDA:0,(anonymous_2)
FNDA:0,(anonymous_3)
FNDA:0,(anonymous_4)
FNDA:0,(anonymous_5)
FNDA:0,(anonymous_6)
FNDA:0,(anonymous_7)
FNDA:0,(anonymous_8)
FNDA:0,(anonymous_9)
FNDA:0,(anonymous_10)
DA:1,0
DA:2,0
DA:3,0
DA:4,0
DA:5,0
DA:7,0
DA:8,0
DA:9,0
DA:10,0
DA:11,0
DA:13,0
DA:54,0
DA:65,0
DA:92,0
DA:96,0
DA:100,0
DA:105,0
DA:118,0
DA:119,0
DA:195,0
DA:590,0
LF:21
LH:0
BRDA:11,0,0,0
BRDA:11,0,1,0
BRDA:11,1,0,0
BRDA:11,1,1,0
BRF:4
BRH:0
end_of_record
TN:
SF:C:\Projects\hsse-project\reactjs\src\components\Dashboard\DashboardV2.js
FN:9,_interopRequireDefault
FN:17,(anonymous_1)
FN:23,(anonymous_2)
FN:26,(anonymous_3)
FN:40,(anonymous_4)
FN:102,(anonymous_5)
FN:113,(anonymous_6)
FN:193,(anonymous_7)
FN:211,(anonymous_8)
FN:217,(anonymous_9)
FN:223,(anonymous_10)
FN:272,(anonymous_11)
FN:274,(anonymous_12)
FN:276,(anonymous_13)
FN:291,(anonymous_14)
FN:292,(anonymous_15)
FNF:16
FNH:0
FNDA:0,_interopRequireDefault
FNDA:0,(anonymous_1)
FNDA:0,(anonymous_2)
FNDA:0,(anonymous_3)
FNDA:0,(anonymous_4)
FNDA:0,(anonymous_5)
FNDA:0,(anonymous_6)
FNDA:0,(anonymous_7)
FNDA:0,(anonymous_8)
FNDA:0,(anonymous_9)
FNDA:0,(anonymous_10)
FNDA:0,(anonymous_11)
FNDA:0,(anonymous_12)
FNDA:0,(anonymous_13)
FNDA:0,(anonymous_14)
FNDA:0,(anonymous_15)
DA:1,0
DA:6,0
DA:8,0
DA:9,0
DA:17,0
DA:24,0
DA:27,0
DA:40,0
DA:102,0
DA:113,0
DA:193,0
DA:212,0
DA:218,0
DA:224,0
DA:273,0
DA:274,0
DA:278,0
DA:291,0
DA:292,0
DA:616,0
LF:20
LH:0
BRDA:9,0,0,0
BRDA:9,0,1,0
BRDA:9,1,0,0
BRDA:9,1,1,0
BRF:4
BRH:0
end_of_record
TN:
SF:C:\Projects\hsse-project\reactjs\src\components\Dashboard\DashboardV3.js
FN:11,_interopRequireDefault
FN:35,(anonymous_1)
FN:103,(anonymous_2)
FN:114,(anonymous_3)
FN:177,(anonymous_4)
FN:188,(anonymous_5)
FN:194,(anonymous_6)
FN:217,(anonymous_7)
FN:219,(anonymous_8)
FN:221,(anonymous_9)
FN:235,(anonymous_10)
FN:236,(anonymous_11)
FN:377,(anonymous_12)
FN:384,(anonymous_13)
FNF:14
FNH:0
FNDA:0,_interopRequireDefault
FNDA:0,(anonymous_1)
FNDA:0,(anonymous_2)
FNDA:0,(anonymous_3)
FNDA:0,(anonymous_4)
FNDA:0,(anonymous_5)
FNDA:0,(anonymous_6)
FNDA:0,(anonymous_7)
FNDA:0,(anonymous_8)
FNDA:0,(anonymous_9)
FNDA:0,(anonymous_10)
FNDA:0,(anonymous_11)
FNDA:0,(anonymous_12)
FNDA:0,(anonymous_13)
DA:1,0
DA:6,0
DA:8,0
DA:9,0
DA:10,0
DA:11,0
DA:13,0
DA:20,0
DA:35,0
DA:103,0
DA:114,0
DA:178,0
DA:179,0
DA:189,0
DA:195,0
DA:196,0
DA:218,0
DA:220,0
DA:222,0
DA:235,0
DA:236,0
DA:377,0
DA:384,0
DA:781,0
LF:24
LH:0
BRDA:11,0,0,0
BRDA:11,0,1,0
BRDA:11,1,0,0
BRDA:11,1,1,0
BRDA:178,2,0,0
BRDA:178,2,1,0
BRDA:195,3,0,0
BRDA:195,3,1,0
BRDA:376,4,0,0
BRDA:376,4,1,0
BRDA:383,5,0,0
BRDA:383,5,1,0
BRF:12
BRH:0
end_of_record
TN:
SF:C:\Projects\hsse-project\reactjs\src\components\Ecommerce\EcommerceCheckout.js
FN:3,_interopRequireDefault
FN:5,(anonymous_1)
FN:13,(anonymous_2)
FN:14,(anonymous_3)
FN:22,(anonymous_4)
FN:80,(anonymous_5)
FN:95,(anonymous_6)
FN:98,(anonymous_7)
FN:121,(anonymous_8)
FN:205,(anonymous_9)
FN:213,(anonymous_10)
FN:292,(anonymous_11)
FN:300,(anonymous_12)
FN:374,(anonymous_13)
FN:382,(anonymous_14)
FN:480,(anonymous_15)
FN:488,(anonymous_16)
FN:562,(anonymous_17)
FNF:18
FNH:0
FNDA:0,_interopRequireDefault
FNDA:0,(anonymous_1)
FNDA:0,(anonymous_2)
FNDA:0,(anonymous_3)
FNDA:0,(anonymous_4)
FNDA:0,(anonymous_5)
FNDA:0,(anonymous_6)
FNDA:0,(anonymous_7)
FNDA:0,(anonymous_8)
FNDA:0,(anonymous_9)
FNDA:0,(anonymous_10)
FNDA:0,(anonymous_11)
FNDA:0,(anonymous_12)
FNDA:0,(anonymous_13)
FNDA:0,(anonymous_14)
FNDA:0,(anonymous_15)
FNDA:0,(anonymous_16)
FNDA:0,(anonymous_17)
DA:1,0
DA:2,0
DA:3,0
DA:5,0
DA:14,0
DA:15,0
DA:17,0
DA:23,0
DA:80,0
DA:95,0
DA:98,0
DA:121,0
DA:205,0
DA:213,0
DA:292,0
DA:300,0
DA:374,0
DA:382,0
DA:480,0
DA:488,0
DA:562,0
DA:574,0
LF:22
LH:0
BRDA:3,0,0,0
BRDA:3,0,1,0
BRDA:3,1,0,0
BRDA:3,1,1,0
BRDA:15,2,0,0
BRDA:15,2,1,0
BRDA:15,3,0,0
BRDA:15,3,1,0
BRF:8
BRH:0
end_of_record
TN:
SF:C:\Projects\hsse-project\reactjs\src\components\Ecommerce\EcommerceOrderView.js
FN:3,_interopRequireDefault
FN:7,(anonymous_1)
FNF:2
FNH:0
FNDA:0,_interopRequireDefault
FNDA:0,(anonymous_1)
DA:1,0
DA:2,0
DA:3,0
DA:8,0
DA:309,0
LF:5
LH:0
BRDA:3,0,0,0
BRDA:3,0,1,0
BRDA:3,1,0,0
BRDA:3,1,1,0
BRF:4
BRH:0
end_of_record
TN:
SF:C:\Projects\hsse-project\reactjs\src\components\Ecommerce\EcommerceOrders.js
FN:4,_interopRequireDefault
FN:6,(anonymous_1)
FN:31,(anonymous_2)
FNF:3
FNH:0
FNDA:0,_interopRequireDefault
FNDA:0,(anonymous_1)
FNDA:0,(anonymous_2)
DA:1,0
DA:2,0
DA:4,0
DA:6,0
DA:32,0
DA:375,0
LF:6
LH:0
BRDA:4,0,0,0
BRDA:4,0,1,0
BRDA:4,1,0,0
BRDA:4,1,1,0
BRF:4
BRH:0
end_of_record
TN:
SF:C:\Projects\hsse-project\reactjs\src\components\Ecommerce\EcommerceProductView.js
FN:3,_interopRequireDefault
FN:5,(anonymous_1)
FN:11,(anonymous_2)
FN:19,(anonymous_3)
FN:29,(anonymous_4)
FN:35,(anonymous_5)
FN:41,(anonymous_6)
FNF:7
FNH:0
FNDA:0,_interopRequireDefault
FNDA:0,(anonymous_1)
FNDA:0,(anonymous_2)
FNDA:0,(anonymous_3)
FNDA:0,(anonymous_4)
FNDA:0,(anonymous_5)
FNDA:0,(anonymous_6)
DA:1,0
DA:2,0
DA:3,0
DA:5,0
DA:12,0
DA:13,0
DA:20,0
DA:29,0
DA:35,0
DA:41,0
DA:255,0
LF:11
LH:0
BRDA:3,0,0,0
BRDA:3,0,1,0
BRDA:3,1,0,0
BRDA:3,1,1,0
BRDA:12,2,0,0
BRDA:12,2,1,0
BRDA:28,3,0,0
BRDA:28,3,1,0
BRDA:34,4,0,0
BRDA:34,4,1,0
BRDA:40,5,0,0
BRDA:40,5,1,0
BRF:12
BRH:0
end_of_record
TN:
SF:C:\Projects\hsse-project\reactjs\src\components\Ecommerce\EcommerceProducts.js
FN:4,_interopRequireDefault
FN:6,(anonymous_1)
FN:31,(anonymous_2)
FNF:3
FNH:0
FNDA:0,_interopRequireDefault
FNDA:0,(anonymous_1)
FNDA:0,(anonymous_2)
DA:1,0
DA:2,0
DA:4,0
DA:6,0
DA:32,0
DA:311,0
LF:6
LH:0
BRDA:4,0,0,0
BRDA:4,0,1,0
BRDA:4,1,0,0
BRDA:4,1,1,0
BRF:4
BRH:0
end_of_record
TN:
SF:C:\Projects\hsse-project\reactjs\src\components\Elements\Animation.js
FN:6,_interopRequireDefault
FN:10,(anonymous_1)
FN:23,(anonymous_2)
FN:25,(anonymous_3)
FN:25,(anonymous_4)
FN:27,(anonymous_5)
FNF:6
FNH:0
FNDA:0,_interopRequireDefault
FNDA:0,(anonymous_1)
FNDA:0,(anonymous_2)
FNDA:0,(anonymous_3)
FNDA:0,(anonymous_4)
FNDA:0,(anonymous_5)
DA:1,0
DA:2,0
DA:3,0
DA:5,0
DA:6,0
DA:11,0
DA:24,0
DA:25,0
DA:28,0
DA:899,0
LF:10
LH:0
BRDA:6,0,0,0
BRDA:6,0,1,0
BRDA:6,1,0,0
BRDA:6,1,1,0
BRF:4
BRH:0
end_of_record
TN:
SF:C:\Projects\hsse-project\reactjs\src\components\Elements\Buttons.js
FN:3,_interopRequireDefault
FN:6,(anonymous_1)
FN:15,(anonymous_2)
FN:28,(anonymous_3)
FN:34,(anonymous_4)
FN:36,(anonymous_5)
FN:51,(anonymous_6)
FN:53,(anonymous_7)
FN:65,(anonymous_8)
FN:67,(anonymous_9)
FNF:10
FNH:0
FNDA:0,_interopRequireDefault
FNDA:0,(anonymous_1)
FNDA:0,(anonymous_2)
FNDA:0,(anonymous_3)
FNDA:0,(anonymous_4)
FNDA:0,(anonymous_5)
FNDA:0,(anonymous_6)
FNDA:0,(anonymous_7)
FNDA:0,(anonymous_8)
FNDA:0,(anonymous_9)
DA:1,0
DA:2,0
DA:3,0
DA:6,0
DA:7,0
DA:16,0
DA:29,0
DA:32,0
DA:35,0
DA:36,0
DA:49,0
DA:52,0
DA:53,0
DA:65,0
DA:69,0
DA:70,0
DA:71,0
DA:379,0
LF:18
LH:0
BRDA:3,0,0,0
BRDA:3,0,1,0
BRDA:3,1,0,0
BRDA:3,1,1,0
BRF:4
BRH:0
end_of_record
TN:
SF:C:\Projects\hsse-project\reactjs\src\components\Elements\Cards.js
FN:22,_interopRequireDefault
FN:24,(anonymous_1)
FN:35,(anonymous_2)
FN:44,(anonymous_3)
FN:45,(anonymous_4)
FN:53,(anonymous_5)
FN:59,(anonymous_6)
FN:65,(anonymous_7)
FN:69,(anonymous_8)
FN:75,(anonymous_9)
FN:310,(anonymous_10)
FN:320,(anonymous_11)
FN:330,(anonymous_12)
FN:355,(anonymous_13)
FN:362,(anonymous_14)
FN:369,(anonymous_15)
FN:376,(anonymous_16)
FNF:17
FNH:0
FNDA:0,_interopRequireDefault
FNDA:0,(anonymous_1)
FNDA:0,(anonymous_2)
FNDA:0,(anonymous_3)
FNDA:0,(anonymous_4)
FNDA:0,(anonymous_5)
FNDA:0,(anonymous_6)
FNDA:0,(anonymous_7)
FNDA:0,(anonymous_8)
FNDA:0,(anonymous_9)
FNDA:0,(anonymous_10)
FNDA:0,(anonymous_11)
FNDA:0,(anonymous_12)
FNDA:0,(anonymous_13)
FNDA:0,(anonymous_14)
FNDA:0,(anonymous_15)
FNDA:0,(anonymous_16)
DA:1,0
DA:2,0
DA:3,0
DA:4,0
DA:22,0
DA:24,0
DA:36,0
DA:37,0
DA:45,0
DA:46,0
DA:48,0
DA:54,0
DA:60,0
DA:63,0
DA:66,0
DA:72,0
DA:76,0
DA:310,0
DA:320,0
DA:330,0
DA:355,0
DA:362,0
DA:369,0
DA:376,0
DA:406,0
LF:25
LH:0
BRDA:22,0,0,0
BRDA:22,0,1,0
BRDA:22,1,0,0
BRDA:22,1,1,0
BRDA:36,2,0,0
BRDA:36,2,1,0
BRDA:46,3,0,0
BRDA:46,3,1,0
BRDA:46,4,0,0
BRDA:46,4,1,0
BRF:10
BRH:0
end_of_record
TN:
SF:C:\Projects\hsse-project\reactjs\src\components\Elements\Carousel.js
FN:3,_interopRequireDefault
FN:31,(anonymous_1)
FN:41,(anonymous_2)
FN:45,(anonymous_3)
FN:49,(anonymous_4)
FN:55,(anonymous_5)
FN:61,(anonymous_6)
FN:66,(anonymous_7)
FN:69,(anonymous_8)
FNF:9
FNH:0
FNDA:0,_interopRequireDefault
FNDA:0,(anonymous_1)
FNDA:0,(anonymous_2)
FNDA:0,(anonymous_3)
FNDA:0,(anonymous_4)
FNDA:0,(anonymous_5)
FNDA:0,(anonymous_6)
FNDA:0,(anonymous_7)
FNDA:0,(anonymous_8)
DA:1,0
DA:2,0
DA:3,0
DA:11,0
DA:32,0
DA:33,0
DA:34,0
DA:35,0
DA:36,0
DA:37,0
DA:38,0
DA:42,0
DA:46,0
DA:50,0
DA:51,0
DA:52,0
DA:56,0
DA:57,0
DA:58,0
DA:62,0
DA:63,0
DA:67,0
DA:69,0
DA:70,0
DA:82,0
DA:96,0
LF:26
LH:0
BRDA:3,0,0,0
BRDA:3,0,1,0
BRDA:3,1,0,0
BRDA:3,1,1,0
BRDA:50,2,0,0
BRDA:50,2,1,0
BRDA:51,3,0,0
BRDA:51,3,1,0
BRDA:56,4,0,0
BRDA:56,4,1,0
BRDA:57,5,0,0
BRDA:57,5,1,0
BRDA:62,6,0,0
BRDA:62,6,1,0
BRF:14
BRH:0
end_of_record
TN:
SF:C:\Projects\hsse-project\reactjs\src\components\Elements\Colors.js
FN:3,_interopRequireDefault
FN:7,(anonymous_1)
FNF:2
FNH:0
FNDA:0,_interopRequireDefault
FNDA:0,(anonymous_1)
DA:1,0
DA:2,0
DA:3,0
DA:8,0
DA:148,0
LF:5
LH:0
BRDA:3,0,0,0
BRDA:3,0,1,0
BRDA:3,1,0,0
BRDA:3,1,1,0
BRF:4
BRH:0
end_of_record
TN:
SF:C:\Projects\hsse-project\reactjs\src\components\Elements\DropdownAnimation.js
FN:4,_interopRequireDefault
FN:7,(anonymous_1)
FN:9,(anonymous_2)
FN:12,(anonymous_3)
FN:33,(anonymous_4)
FN:43,(anonymous_5)
FNF:6
FNH:0
FNDA:0,_interopRequireDefault
FNDA:0,(anonymous_1)
FNDA:0,(anonymous_2)
FNDA:0,(anonymous_3)
FNDA:0,(anonymous_4)
FNDA:0,(anonymous_5)
DA:1,0
DA:2,0
DA:3,0
DA:4,0
DA:7,0
DA:9,0
DA:13,0
DA:14,0
DA:33,0
DA:34,0
DA:35,0
DA:44,0
DA:51,0
LF:13
LH:0
BRDA:4,0,0,0
BRDA:4,0,1,0
BRDA:4,1,0,0
BRDA:4,1,1,0
BRF:4
BRH:0
end_of_record
TN:
SF:C:\Projects\hsse-project\reactjs\src\components\Elements\FontIcons.js
FN:3,_interopRequireDefault
FN:5,(anonymous_1)
FN:21,(anonymous_2)
FNF:3
FNH:0
FNDA:0,_interopRequireDefault
FNDA:0,(anonymous_1)
FNDA:0,(anonymous_2)
DA:1,0
DA:2,0
DA:3,0
DA:5,0
DA:6,0
DA:7,0
DA:22,0
DA:2611,0
LF:8
LH:0
BRDA:3,0,0,0
BRDA:3,0,1,0
BRDA:3,1,0,0
BRDA:3,1,1,0
BRF:4
BRH:0
end_of_record
TN:
SF:C:\Projects\hsse-project\reactjs\src\components\Elements\Grid.js
FN:3,_interopRequireDefault
FN:7,(anonymous_1)
FNF:2
FNH:0
FNDA:0,_interopRequireDefault
FNDA:0,(anonymous_1)
DA:1,0
DA:2,0
DA:3,0
DA:9,0
DA:18,0
DA:235,0
LF:6
LH:0
BRDA:3,0,0,0
BRDA:3,0,1,0
BRDA:3,1,0,0
BRDA:3,1,1,0
BRF:4
BRH:0
end_of_record
TN:
SF:C:\Projects\hsse-project\reactjs\src\components\Elements\GridMasonry.js
FN:3,_interopRequireDefault
FN:7,(anonymous_1)
FNF:2
FNH:0
FNDA:0,_interopRequireDefault
FNDA:0,(anonymous_1)
DA:1,0
DA:2,0
DA:3,0
DA:8,0
DA:118,0
LF:5
LH:0
BRDA:3,0,0,0
BRDA:3,0,1,0
BRDA:3,1,0,0
BRDA:3,1,1,0
BRF:4
BRH:0
end_of_record
TN:
SF:C:\Projects\hsse-project\reactjs\src\components\Elements\Nestable.js
FN:4,_interopRequireDefault
FN:8,(anonymous_1)
FN:11,(anonymous_2)
FNF:3
FNH:0
FNDA:0,_interopRequireDefault
FNDA:0,(anonymous_1)
FNDA:0,(anonymous_2)
DA:1,0
DA:2,0
DA:3,0
DA:4,0
DA:9,0
DA:12,0
DA:111,0
LF:7
LH:0
BRDA:4,0,0,0
BRDA:4,0,1,0
BRDA:4,1,0,0
BRDA:4,1,1,0
BRF:4
BRH:0
end_of_record
TN:
SF:C:\Projects\hsse-project\reactjs\src\components\Elements\Nestable.run.js
FN:3,_interopRequireDefault
FN:5,(anonymous_1)
FN:8,(anonymous_2)
FN:37,(anonymous_3)
FNF:4
FNH:0
FNDA:0,_interopRequireDefault
FNDA:0,(anonymous_1)
FNDA:0,(anonymous_2)
FNDA:0,(anonymous_3)
DA:1,0
DA:3,0
DA:6,0
DA:8,0
DA:9,0
DA:10,0
DA:12,0
DA:14,0
DA:15,0
DA:17,0
DA:22,0
DA:28,0
DA:34,0
DA:35,0
DA:37,0
DA:38,0
DA:39,0
DA:40,0
DA:41,0
DA:43,0
DA:44,0
LF:21
LH:0
BRDA:3,0,0,0
BRDA:3,0,1,0
BRDA:3,1,0,0
BRDA:3,1,1,0
BRDA:6,2,0,0
BRDA:6,2,1,0
BRDA:9,3,0,0
BRDA:9,3,1,0
BRDA:12,4,0,0
BRDA:12,4,1,0
BRDA:14,5,0,0
BRDA:14,5,1,0
BRDA:40,6,0,0
BRDA:40,6,1,0
BRDA:43,7,0,0
BRDA:43,7,1,0
BRF:16
BRH:0
end_of_record
TN:
SF:C:\Projects\hsse-project\reactjs\src\components\Elements\Notifications.js
FN:5,_interopRequireDefault
FN:26,(anonymous_1)
FN:28,(anonymous_2)
FN:31,(anonymous_3)
FN:45,(anonymous_4)
FN:51,(anonymous_5)
FN:52,(anonymous_6)
FN:67,(anonymous_7)
FN:80,(anonymous_8)
FN:86,(anonymous_9)
FN:91,(anonymous_10)
FN:96,(anonymous_11)
FN:100,(anonymous_12)
FN:102,(anonymous_13)
FN:162,(anonymous_14)
FN:173,(anonymous_15)
FN:248,(anonymous_16)
FN:258,(anonymous_17)
FNF:18
FNH:0
FNDA:0,_interopRequireDefault
FNDA:0,(anonymous_1)
FNDA:0,(anonymous_2)
FNDA:0,(anonymous_3)
FNDA:0,(anonymous_4)
FNDA:0,(anonymous_5)
FNDA:0,(anonymous_6)
FNDA:0,(anonymous_7)
FNDA:0,(anonymous_8)
FNDA:0,(anonymous_9)
FNDA:0,(anonymous_10)
FNDA:0,(anonymous_11)
FNDA:0,(anonymous_12)
FNDA:0,(anonymous_13)
FNDA:0,(anonymous_14)
FNDA:0,(anonymous_15)
FNDA:0,(anonymous_16)
FNDA:0,(anonymous_17)
DA:1,0
DA:2,0
DA:3,0
DA:4,0
DA:5,0
DA:26,0
DA:28,0
DA:32,0
DA:45,0
DA:51,0
DA:53,0
DA:68,0
DA:81,0
DA:84,0
DA:86,0
DA:88,0
DA:92,0
DA:95,0
DA:97,0
DA:100,0
DA:104,0
DA:105,0
DA:107,0
DA:114,0
DA:163,0
DA:174,0
DA:249,0
DA:259,0
DA:319,0
LF:29
LH:0
BRDA:5,0,0,0
BRDA:5,0,1,0
BRDA:5,1,0,0
BRDA:5,1,1,0
BRF:4
BRH:0
end_of_record
TN:
SF:C:\Projects\hsse-project\reactjs\src\components\Elements\Sortable.js
FN:5,_interopRequireDefault
FN:9,(anonymous_1)
FN:16,(anonymous_2)
FNF:3
FNH:0
FNDA:0,_interopRequireDefault
FNDA:0,(anonymous_1)
FNDA:0,(anonymous_2)
DA:1,0
DA:5,0
DA:10,0
DA:17,0
DA:40,0
LF:5
LH:0
BRDA:5,0,0,0
BRDA:5,0,1,0
BRDA:5,1,0,0
BRDA:5,1,1,0
BRF:4
BRH:0
end_of_record
TN:
SF:C:\Projects\hsse-project\reactjs\src\components\Elements\Spinner.js
FN:6,_interopRequireDefault
FN:10,(anonymous_1)
FNF:2
FNH:0
FNDA:0,_interopRequireDefault
FNDA:0,(anonymous_1)
DA:1,0
DA:5,0
DA:6,0
DA:11,0
DA:726,0
LF:5
LH:0
BRDA:6,0,0,0
BRDA:6,0,1,0
BRDA:6,1,0,0
BRDA:6,1,1,0
BRF:4
BRH:0
end_of_record
TN:
SF:C:\Projects\hsse-project\reactjs\src\components\Elements\Swal.js
FN:5,_interopRequireDefault
FN:5,_objectWithoutProperties
FN:10,(anonymous_2)
FN:12,(anonymous_3)
FN:15,(anonymous_4)
FN:34,(anonymous_5)
FNF:6
FNH:0
FNDA:0,_interopRequireDefault
FNDA:0,_objectWithoutProperties
FNDA:0,(anonymous_2)
FNDA:0,(anonymous_3)
FNDA:0,(anonymous_4)
FNDA:0,(anonymous_5)
DA:1,0
DA:2,0
DA:4,0
DA:5,0
DA:10,0
DA:12,0
DA:13,0
DA:15,0
DA:18,0
DA:19,0
DA:26,0
DA:33,0
DA:34,0
LF:13
LH:0
BRDA:5,0,0,0
BRDA:5,0,1,0
BRDA:5,1,0,0
BRDA:5,1,1,0
BRDA:5,2,0,0
BRDA:5,2,1,0
BRDA:5,3,0,0
BRDA:5,3,1,0
BRF:8
BRH:0
end_of_record
TN:
SF:C:\Projects\hsse-project\reactjs\src\components\Elements\SweetAlert.js
FN:5,_interopRequireDefault
FN:7,(anonymous_1)
FN:44,(anonymous_2)
FN:48,(anonymous_3)
FN:56,(anonymous_4)
FNF:5
FNH:0
FNDA:0,_interopRequireDefault
FNDA:0,(anonymous_1)
FNDA:0,(anonymous_2)
FNDA:0,(anonymous_3)
FNDA:0,(anonymous_4)
DA:1,0
DA:2,0
DA:3,0
DA:5,0
DA:7,0
DA:45,0
DA:49,0
DA:50,0
DA:52,0
DA:57,0
DA:109,0
LF:11
LH:0
BRDA:5,0,0,0
BRDA:5,0,1,0
BRDA:5,1,0,0
BRDA:5,1,1,0
BRDA:49,2,0,0
BRDA:49,2,1,0
BRF:6
BRH:0
end_of_record
TN:
SF:C:\Projects\hsse-project\reactjs\src\components\Elements\Typography.js
FN:2,_interopRequireDefault
FN:4,(anonymous_1)
FNF:2
FNH:0
FNDA:0,_interopRequireDefault
FNDA:0,(anonymous_1)
DA:1,0
DA:2,0
DA:4,0
DA:5,0
DA:213,0
LF:5
LH:0
BRDA:2,0,0,0
BRDA:2,0,1,0
BRDA:2,1,0,0
BRDA:2,1,1,0
BRF:4
BRH:0
end_of_record
TN:
SF:C:\Projects\hsse-project\reactjs\src\components\Elements\WeatherIcons.js
FN:2,_interopRequireDefault
FN:4,(anonymous_1)
FNF:2
FNH:0
FNDA:0,_interopRequireDefault
FNDA:0,(anonymous_1)
DA:1,0
DA:2,0
DA:4,0
DA:5,0
DA:1833,0
LF:5
LH:0
BRDA:2,0,0,0
BRDA:2,0,1,0
BRDA:2,1,0,0
BRDA:2,1,1,0
BRF:4
BRH:0
end_of_record
TN:
SF:C:\Projects\hsse-project\reactjs\src\components\Extras\BugTracker.js
FN:7,_interopRequireDefault
FN:11,(anonymous_1)
FNF:2
FNH:0
FNDA:0,_interopRequireDefault
FNDA:0,(anonymous_1)
DA:1,0
DA:2,0
DA:3,0
DA:5,0
DA:6,0
DA:7,0
DA:12,0
DA:875,0
LF:8
LH:0
BRDA:7,0,0,0
BRDA:7,0,1,0
BRDA:7,1,0,0
BRDA:7,1,1,0
BRF:4
BRH:0
end_of_record
TN:
SF:C:\Projects\hsse-project\reactjs\src\components\Extras\Calendar.events.js
FNF:0
FNH:0
DA:1,0
DA:2,0
DA:3,0
DA:4,0
LF:4
LH:0
BRF:0
BRH:0
end_of_record
TN:
SF:C:\Projects\hsse-project\reactjs\src\components\Extras\Calendar.js
FN:12,_interopRequireDefault
FN:22,(anonymous_1)
FN:47,(anonymous_2)
FN:52,(anonymous_3)
FN:54,(anonymous_4)
FN:57,(anonymous_5)
FN:68,(anonymous_6)
FN:70,(anonymous_7)
FNF:8
FNH:0
FNDA:0,_interopRequireDefault
FNDA:0,(anonymous_1)
FNDA:0,(anonymous_2)
FNDA:0,(anonymous_3)
FNDA:0,(anonymous_4)
FNDA:0,(anonymous_5)
FNDA:0,(anonymous_6)
FNDA:0,(anonymous_7)
DA:1,0
DA:5,0
DA:6,0
DA:7,0
DA:8,0
DA:9,0
DA:10,0
DA:11,0
DA:12,0
DA:15,0
DA:17,0
DA:23,0
DA:48,0
DA:49,0
DA:50,0
DA:52,0
DA:55,0
DA:57,0
DA:58,0
DA:63,0
DA:67,0
DA:68,0
DA:71,0
DA:103,0
LF:24
LH:0
BRDA:12,0,0,0
BRDA:12,0,1,0
BRDA:12,1,0,0
BRDA:12,1,1,0
BRDA:48,2,0,0
BRDA:48,2,1,0
BRDA:52,3,0,0
BRDA:52,3,1,0
BRDA:58,4,0,0
BRDA:58,4,1,0
BRF:10
BRH:0
end_of_record
TN:
SF:C:\Projects\hsse-project\reactjs\src\components\Extras\ContactDetails.js
FN:3,_interopRequireDefault
FN:5,(anonymous_1)
FN:11,(anonymous_2)
FN:17,(anonymous_3)
FNF:4
FNH:0
FNDA:0,_interopRequireDefault
FNDA:0,(anonymous_1)
FNDA:0,(anonymous_2)
FNDA:0,(anonymous_3)
DA:1,0
DA:2,0
DA:3,0
DA:5,0
DA:12,0
DA:18,0
DA:182,0
LF:7
LH:0
BRDA:3,0,0,0
BRDA:3,0,1,0
BRDA:3,1,0,0
BRDA:3,1,1,0
BRF:4
BRH:0
end_of_record
TN:
SF:C:\Projects\hsse-project\reactjs\src\components\Extras\Contacts.js
FN:3,_interopRequireDefault
FN:5,(anonymous_1)
FN:24,(anonymous_2)
FN:30,(anonymous_3)
FN:36,(anonymous_4)
FNF:5
FNH:0
FNDA:0,_interopRequireDefault
FNDA:0,(anonymous_1)
FNDA:0,(anonymous_2)
FNDA:0,(anonymous_3)
FNDA:0,(anonymous_4)
DA:1,0
DA:2,0
DA:3,0
DA:5,0
DA:6,0
DA:24,0
DA:31,0
DA:37,0
DA:93,0
LF:9
LH:0
BRDA:3,0,0,0
BRDA:3,0,1,0
BRDA:3,1,0,0
BRDA:3,1,1,0
BRF:4
BRH:0
end_of_record
TN:
SF:C:\Projects\hsse-project\reactjs\src\components\Extras\Faq.js
FN:3,_interopRequireDefault
FN:5,(anonymous_1)
FN:17,(anonymous_2)
FN:18,(anonymous_3)
FN:26,(anonymous_4)
FN:47,(anonymous_5)
FN:74,(anonymous_6)
FN:101,(anonymous_7)
FN:128,(anonymous_8)
FN:155,(anonymous_9)
FN:185,(anonymous_10)
FN:212,(anonymous_11)
FN:239,(anonymous_12)
FN:266,(anonymous_13)
FN:296,(anonymous_14)
FN:323,(anonymous_15)
FN:350,(anonymous_16)
FN:377,(anonymous_17)
FNF:18
FNH:0
FNDA:0,_interopRequireDefault
FNDA:0,(anonymous_1)
FNDA:0,(anonymous_2)
FNDA:0,(anonymous_3)
FNDA:0,(anonymous_4)
FNDA:0,(anonymous_5)
FNDA:0,(anonymous_6)
FNDA:0,(anonymous_7)
FNDA:0,(anonymous_8)
FNDA:0,(anonymous_9)
FNDA:0,(anonymous_10)
FNDA:0,(anonymous_11)
FNDA:0,(anonymous_12)
FNDA:0,(anonymous_13)
FNDA:0,(anonymous_14)
FNDA:0,(anonymous_15)
FNDA:0,(anonymous_16)
FNDA:0,(anonymous_17)
DA:1,0
DA:2,0
DA:3,0
DA:5,0
DA:18,0
DA:19,0
DA:21,0
DA:27,0
DA:47,0
DA:74,0
DA:101,0
DA:128,0
DA:155,0
DA:185,0
DA:212,0
DA:239,0
DA:266,0
DA:296,0
DA:323,0
DA:350,0
DA:377,0
DA:407,0
LF:22
LH:0
BRDA:3,0,0,0
BRDA:3,0,1,0
BRDA:3,1,0,0
BRDA:3,1,1,0
BRDA:19,2,0,0
BRDA:19,2,1,0
BRDA:19,3,0,0
BRDA:19,3,1,0
BRF:8
BRH:0
end_of_record
TN:
SF:C:\Projects\hsse-project\reactjs\src\components\Extras\FileManager.js
FN:5,_interopRequireDefault
FN:7,(anonymous_1)
FN:13,(anonymous_2)
FN:19,(anonymous_3)
FNF:4
FNH:0
FNDA:0,_interopRequireDefault
FNDA:0,(anonymous_1)
FNDA:0,(anonymous_2)
FNDA:0,(anonymous_3)
DA:1,0
DA:5,0
DA:7,0
DA:14,0
DA:20,0
DA:742,0
LF:6
LH:0
BRDA:5,0,0,0
BRDA:5,0,1,0
BRDA:5,1,0,0
BRDA:5,1,1,0
BRF:4
BRH:0
end_of_record
TN:
SF:C:\Projects\hsse-project\reactjs\src\components\Extras\Followers.js
FN:3,_interopRequireDefault
FN:5,(anonymous_1)
FN:46,(anonymous_2)
FN:48,(anonymous_3)
FNF:4
FNH:0
FNDA:0,_interopRequireDefault
FNDA:0,(anonymous_1)
FNDA:0,(anonymous_2)
FNDA:0,(anonymous_3)
DA:1,0
DA:2,0
DA:3,0
DA:5,0
DA:6,0
DA:49,0
DA:141,0
LF:7
LH:0
BRDA:3,0,0,0
BRDA:3,0,1,0
BRDA:3,1,0,0
BRDA:3,1,1,0
BRDA:7,2,0,0
BRDA:7,2,1,0
BRDA:17,3,0,0
BRDA:17,3,1,0
BRDA:20,4,0,0
BRDA:20,4,1,0
BRF:10
BRH:0
end_of_record
TN:
SF:C:\Projects\hsse-project\reactjs\src\components\Extras\HelpCenter.js
FN:3,_interopRequireDefault
FN:6,(anonymous_1)
FN:8,(anonymous_2)
FNF:3
FNH:0
FNDA:0,_interopRequireDefault
FNDA:0,(anonymous_1)
FNDA:0,(anonymous_2)
DA:1,0
DA:2,0
DA:3,0
DA:9,0
DA:158,0
LF:5
LH:0
BRDA:3,0,0,0
BRDA:3,0,1,0
BRDA:3,1,0,0
BRDA:3,1,1,0
BRF:4
BRH:0
end_of_record
TN:
SF:C:\Projects\hsse-project\reactjs\src\components\Extras\Invoice.js
FN:2,_interopRequireDefault
FN:6,(anonymous_1)
FNF:2
FNH:0
FNDA:0,_interopRequireDefault
FNDA:0,(anonymous_1)
DA:1,0
DA:2,0
DA:7,0
DA:139,0
LF:4
LH:0
BRDA:2,0,0,0
BRDA:2,0,1,0
BRDA:2,1,0,0
BRDA:2,1,1,0
BRF:4
BRH:0
end_of_record
TN:
SF:C:\Projects\hsse-project\reactjs\src\components\Extras\Mailbox.js
FN:3,_interopRequireDefault
FN:5,(anonymous_1)
FN:11,(anonymous_2)
FN:17,(anonymous_3)
FNF:4
FNH:0
FNDA:0,_interopRequireDefault
FNDA:0,(anonymous_1)
FNDA:0,(anonymous_2)
FNDA:0,(anonymous_3)
DA:1,0
DA:2,0
DA:3,0
DA:5,0
DA:12,0
DA:18,0
DA:385,0
LF:7
LH:0
BRDA:3,0,0,0
BRDA:3,0,1,0
BRDA:3,1,0,0
BRDA:3,1,1,0
BRF:4
BRH:0
end_of_record
TN:
SF:C:\Projects\hsse-project\reactjs\src\components\Extras\Plans.js
FN:3,_interopRequireDefault
FN:7,(anonymous_1)
FNF:2
FNH:0
FNDA:0,_interopRequireDefault
FNDA:0,(anonymous_1)
DA:1,0
DA:2,0
DA:3,0
DA:8,0
DA:278,0
LF:5
LH:0
BRDA:3,0,0,0
BRDA:3,0,1,0
BRDA:3,1,0,0
BRDA:3,1,1,0
BRF:4
BRH:0
end_of_record
TN:
SF:C:\Projects\hsse-project\reactjs\src\components\Extras\Profile.js
FN:5,_interopRequireDefault
FN:20,(anonymous_1)
FN:26,(anonymous_2)
FN:33,(anonymous_3)
FNF:4
FNH:0
FNDA:0,_interopRequireDefault
FNDA:0,(anonymous_1)
FNDA:0,(anonymous_2)
FNDA:0,(anonymous_3)
DA:1,0
DA:2,0
DA:3,0
DA:4,0
DA:5,0
DA:8,0
DA:16,0
DA:21,0
DA:26,0
DA:34,0
DA:448,0
LF:11
LH:0
BRDA:5,0,0,0
BRDA:5,0,1,0
BRDA:5,1,0,0
BRDA:5,1,1,0
BRF:4
BRH:0
end_of_record
TN:
SF:C:\Projects\hsse-project\reactjs\src\components\Extras\ProjectDetails.js
FN:6,_interopRequireDefault
FN:10,(anonymous_1)
FNF:2
FNH:0
FNDA:0,_interopRequireDefault
FNDA:0,(anonymous_1)
DA:1,0
DA:2,0
DA:3,0
DA:5,0
DA:6,0
DA:11,0
DA:421,0
LF:7
LH:0
BRDA:6,0,0,0
BRDA:6,0,1,0
BRDA:6,1,0,0
BRDA:6,1,1,0
BRF:4
BRH:0
end_of_record
TN:
SF:C:\Projects\hsse-project\reactjs\src\components\Extras\Projects.js
FN:5,_interopRequireDefault
FN:9,(anonymous_1)
FNF:2
FNH:0
FNDA:0,_interopRequireDefault
FNDA:0,(anonymous_1)
DA:1,0
DA:2,0
DA:3,0
DA:5,0
DA:10,0
DA:860,0
LF:6
LH:0
BRDA:5,0,0,0
BRDA:5,0,1,0
BRDA:5,1,0,0
BRDA:5,1,1,0
BRF:4
BRH:0
end_of_record
TN:
SF:C:\Projects\hsse-project\reactjs\src\components\Extras\Search.js
FN:14,_interopRequireDefault
FN:29,(anonymous_1)
FN:35,(anonymous_2)
FN:39,(anonymous_3)
FN:50,(anonymous_4)
FN:83,(anonymous_5)
FNF:6
FNH:0
FNDA:0,_interopRequireDefault
FNDA:0,(anonymous_1)
FNDA:0,(anonymous_2)
FNDA:0,(anonymous_3)
FNDA:0,(anonymous_4)
FNDA:0,(anonymous_5)
DA:1,0
DA:11,0
DA:12,0
DA:14,0
DA:18,0
DA:29,0
DA:36,0
DA:40,0
DA:52,0
DA:54,0
DA:83,0
DA:293,0
LF:12
LH:0
BRDA:14,0,0,0
BRDA:14,0,1,0
BRDA:14,1,0,0
BRDA:14,1,1,0
BRF:4
BRH:0
end_of_record
TN:
SF:C:\Projects\hsse-project\reactjs\src\components\Extras\Settings.js
FN:5,_interopRequireDefault
FN:7,(anonymous_1)
FN:13,(anonymous_2)
FN:21,(anonymous_3)
FN:32,(anonymous_4)
FN:37,(anonymous_5)
FN:42,(anonymous_6)
FN:47,(anonymous_7)
FN:52,(anonymous_8)
FNF:9
FNH:0
FNDA:0,_interopRequireDefault
FNDA:0,(anonymous_1)
FNDA:0,(anonymous_2)
FNDA:0,(anonymous_3)
FNDA:0,(anonymous_4)
FNDA:0,(anonymous_5)
FNDA:0,(anonymous_6)
FNDA:0,(anonymous_7)
FNDA:0,(anonymous_8)
DA:1,0
DA:5,0
DA:7,0
DA:14,0
DA:15,0
DA:22,0
DA:32,0
DA:37,0
DA:42,0
DA:47,0
DA:52,0
DA:276,0
LF:12
LH:0
BRDA:5,0,0,0
BRDA:5,0,1,0
BRDA:5,1,0,0
BRDA:5,1,1,0
BRDA:14,2,0,0
BRDA:14,2,1,0
BRDA:31,3,0,0
BRDA:31,3,1,0
BRDA:36,4,0,0
BRDA:36,4,1,0
BRDA:41,5,0,0
BRDA:41,5,1,0
BRDA:46,6,0,0
BRDA:46,6,1,0
BRDA:51,7,0,0
BRDA:51,7,1,0
BRF:16
BRH:0
end_of_record
TN:
SF:C:\Projects\hsse-project\reactjs\src\components\Extras\SocialBoard.js
FN:3,_interopRequireDefault
FN:5,(anonymous_1)
FN:12,(anonymous_2)
FN:16,(anonymous_3)
FN:20,(anonymous_4)
FNF:5
FNH:0
FNDA:0,_interopRequireDefault
FNDA:0,(anonymous_1)
FNDA:0,(anonymous_2)
FNDA:0,(anonymous_3)
FNDA:0,(anonymous_4)
DA:1,0
DA:2,0
DA:3,0
DA:5,0
DA:12,0
DA:16,0
DA:21,0
DA:402,0
LF:8
LH:0
BRDA:3,0,0,0
BRDA:3,0,1,0
BRDA:3,1,0,0
BRDA:3,1,1,0
BRF:4
BRH:0
end_of_record
TN:
SF:C:\Projects\hsse-project\reactjs\src\components\Extras\TeamViewer.js
FN:5,_interopRequireDefault
FN:14,(anonymous_1)
FN:20,(anonymous_2)
FN:21,(anonymous_3)
FN:36,(anonymous_4)
FNF:5
FNH:0
FNDA:0,_interopRequireDefault
FNDA:0,(anonymous_1)
FNDA:0,(anonymous_2)
FNDA:0,(anonymous_3)
FNDA:0,(anonymous_4)
DA:1,0
DA:2,0
DA:3,0
DA:5,0
DA:14,0
DA:20,0
DA:22,0
DA:37,0
DA:585,0
LF:9
LH:0
BRDA:5,0,0,0
BRDA:5,0,1,0
BRDA:5,1,0,0
BRDA:5,1,1,0
BRF:4
BRH:0
end_of_record
TN:
SF:C:\Projects\hsse-project\reactjs\src\components\Extras\Timeline.js
FN:3,_interopRequireDefault
FN:5,(anonymous_1)
FN:11,(anonymous_2)
FN:15,(anonymous_3)
FNF:4
FNH:0
FNDA:0,_interopRequireDefault
FNDA:0,(anonymous_1)
FNDA:0,(anonymous_2)
FNDA:0,(anonymous_3)
DA:1,0
DA:2,0
DA:3,0
DA:5,0
DA:11,0
DA:16,0
DA:173,0
LF:7
LH:0
BRDA:3,0,0,0
BRDA:3,0,1,0
BRDA:3,1,0,0
BRDA:3,1,1,0
BRF:4
BRH:0
end_of_record
TN:
SF:C:\Projects\hsse-project\reactjs\src\components\Extras\Todo.js
FN:2,_interopRequireDefault
FN:5,(anonymous_1)
FNF:2
FNH:0
FNDA:0,_interopRequireDefault
FNDA:0,(anonymous_1)
DA:1,0
DA:2,0
DA:6,0
DA:111,0
LF:4
LH:0
BRDA:2,0,0,0
BRDA:2,0,1,0
BRDA:2,1,0,0
BRDA:2,1,1,0
BRF:4
BRH:0
end_of_record
TN:
SF:C:\Projects\hsse-project\reactjs\src\components\Extras\VoteLinks.js
FN:4,_interopRequireDefault
FN:11,(anonymous_1)
FN:25,(anonymous_2)
FN:26,(anonymous_3)
FN:27,(anonymous_4)
FN:76,(anonymous_5)
FNF:6
FNH:0
FNDA:0,_interopRequireDefault
FNDA:0,(anonymous_1)
FNDA:0,(anonymous_2)
FNDA:0,(anonymous_3)
FNDA:0,(anonymous_4)
FNDA:0,(anonymous_5)
DA:1,0
DA:2,0
DA:3,0
DA:4,0
DA:11,0
DA:25,0
DA:26,0
DA:28,0
DA:63,0
DA:77,0
DA:139,0
LF:11
LH:0
BRDA:4,0,0,0
BRDA:4,0,1,0
BRDA:4,1,0,0
BRDA:4,1,1,0
BRF:4
BRH:0
end_of_record
TN:
SF:C:\Projects\hsse-project\reactjs\src\components\Forms\FormCropper.js
FN:7,_interopRequireDefault
FN:11,(anonymous_1)
FN:20,(anonymous_2)
FN:38,(anonymous_3)
FN:44,(anonymous_4)
FN:57,(anonymous_5)
FN:71,(anonymous_6)
FN:75,(anonymous_7)
FNF:8
FNH:0
FNDA:0,_interopRequireDefault
FNDA:0,(anonymous_1)
FNDA:0,(anonymous_2)
FNDA:0,(anonymous_3)
FNDA:0,(anonymous_4)
FNDA:0,(anonymous_5)
FNDA:0,(anonymous_6)
FNDA:0,(anonymous_7)
DA:1,0
DA:6,0
DA:7,0
DA:14,0
DA:15,0
DA:17,0
DA:22,0
DA:23,0
DA:24,0
DA:25,0
DA:26,0
DA:31,0
DA:34,0
DA:39,0
DA:40,0
DA:43,0
DA:44,0
DA:45,0
DA:48,0
DA:49,0
DA:52,0
DA:53,0
DA:55,0
DA:56,0
DA:57,0
DA:58,0
DA:60,0
DA:62,0
DA:67,0
DA:72,0
DA:76,0
DA:112,0
LF:32
LH:0
BRDA:7,0,0,0
BRDA:7,0,1,0
BRDA:7,1,0,0
BRDA:7,1,1,0
BRDA:40,2,0,0
BRDA:40,2,1,0
BRDA:43,3,0,0
BRDA:43,3,1,0
BRDA:48,4,0,0
BRDA:48,4,1,0
BRDA:52,5,0,0
BRDA:52,5,1,0
BRDA:52,6,0,0
BRDA:52,6,1,0
BRDA:55,7,0,0
BRDA:55,7,1,0
BRF:16
BRH:0
end_of_record
TN:
SF:C:\Projects\hsse-project\reactjs\src\components\Forms\FormExtended.js
FN:22,_interopRequireDefault
FN:57,(anonymous_1)
FN:73,(anonymous_2)
FN:77,(anonymous_3)
FN:81,(anonymous_4)
FN:85,(anonymous_5)
FN:93,(anonymous_6)
FN:97,(anonymous_7)
FN:102,(anonymous_8)
FN:106,(anonymous_9)
FN:108,(anonymous_10)
FN:110,(anonymous_11)
FN:247,(anonymous_12)
FN:254,(anonymous_13)
FNF:14
FNH:0
FNDA:0,_interopRequireDefault
FNDA:0,(anonymous_1)
FNDA:0,(anonymous_2)
FNDA:0,(anonymous_3)
FNDA:0,(anonymous_4)
FNDA:0,(anonymous_5)
FNDA:0,(anonymous_6)
FNDA:0,(anonymous_7)
FNDA:0,(anonymous_8)
FNDA:0,(anonymous_9)
FNDA:0,(anonymous_10)
FNDA:0,(anonymous_11)
FNDA:0,(anonymous_12)
FNDA:0,(anonymous_13)
DA:1,0
DA:20,0
DA:21,0
DA:22,0
DA:25,0
DA:40,0
DA:51,0
DA:52,0
DA:57,0
DA:74,0
DA:78,0
DA:82,0
DA:86,0
DA:94,0
DA:95,0
DA:98,0
DA:99,0
DA:103,0
DA:107,0
DA:108,0
DA:113,0
DA:117,0
DA:125,0
DA:126,0
DA:127,0
DA:129,0
DA:131,0
DA:254,0
DA:382,0
LF:29
LH:0
BRDA:22,0,0,0
BRDA:22,0,1,0
BRDA:22,1,0,0
BRDA:22,1,1,0
BRDA:126,2,0,0
BRDA:126,2,1,0
BRDA:239,3,0,0
BRDA:239,3,1,0
BRDA:252,4,0,0
BRDA:252,4,1,0
BRF:10
BRH:0
end_of_record
TN:
SF:C:\Projects\hsse-project\reactjs\src\components\Forms\FormStandard.js
FN:3,_interopRequireDefault
FN:23,(anonymous_1)
FN:30,(anonymous_2)
FN:36,(anonymous_3)
FN:42,(anonymous_4)
FN:47,(anonymous_5)
FNF:6
FNH:0
FNDA:0,_interopRequireDefault
FNDA:0,(anonymous_1)
FNDA:0,(anonymous_2)
FNDA:0,(anonymous_3)
FNDA:0,(anonymous_4)
FNDA:0,(anonymous_5)
DA:1,0
DA:2,0
DA:3,0
DA:23,0
DA:31,0
DA:37,0
DA:43,0
DA:44,0
DA:49,0
DA:583,0
LF:10
LH:0
BRDA:3,0,0,0
BRDA:3,0,1,0
BRDA:3,1,0,0
BRDA:3,1,1,0
BRF:4
BRH:0
end_of_record
TN:
SF:C:\Projects\hsse-project\reactjs\src\components\Forms\FormUpload.js
FN:4,_interopRequireDefault
FN:6,(anonymous_1)
FN:12,(anonymous_2)
FN:14,(anonymous_3)
FN:20,(anonymous_4)
FNF:5
FNH:0
FNDA:0,_interopRequireDefault
FNDA:0,(anonymous_1)
FNDA:0,(anonymous_2)
FNDA:0,(anonymous_3)
FNDA:0,(anonymous_4)
DA:1,0
DA:2,0
DA:3,0
DA:4,0
DA:6,0
DA:12,0
DA:15,0
DA:21,0
DA:22,0
DA:39,0
LF:10
LH:0
BRDA:4,0,0,0
BRDA:4,0,1,0
BRDA:4,1,0,0
BRDA:4,1,1,0
BRDA:29,2,0,0
BRDA:29,2,1,0
BRF:6
BRH:0
end_of_record
TN:
SF:C:\Projects\hsse-project\reactjs\src\components\Forms\FormValidation.js
FN:5,_interopRequireDefault
FN:20,(anonymous_1)
FN:58,(anonymous_2)
FN:78,(anonymous_3)
FN:80,(anonymous_4)
FN:97,(anonymous_5)
FN:104,(anonymous_6)
FNF:7
FNH:0
FNDA:0,_interopRequireDefault
FNDA:0,(anonymous_1)
FNDA:0,(anonymous_2)
FNDA:0,(anonymous_3)
FNDA:0,(anonymous_4)
FNDA:0,(anonymous_5)
FNDA:0,(anonymous_6)
DA:1,0
DA:2,0
DA:3,0
DA:5,0
DA:20,0
DA:59,0
DA:60,0
DA:61,0
DA:63,0
DA:65,0
DA:79,0
DA:80,0
DA:82,0
DA:84,0
DA:91,0
DA:93,0
DA:98,0
DA:105,0
DA:483,0
LF:19
LH:0
BRDA:5,0,0,0
BRDA:5,0,1,0
BRDA:5,1,0,0
BRDA:5,1,1,0
BRDA:61,2,0,0
BRDA:61,2,1,0
BRDA:91,3,0,0
BRDA:91,3,1,0
BRDA:98,4,0,0
BRDA:98,4,1,0
BRDA:98,4,2,0
BRDA:98,4,3,0
BRDA:126,5,0,0
BRDA:126,5,1,0
BRDA:130,6,0,0
BRDA:130,6,1,0
BRDA:131,7,0,0
BRDA:131,7,1,0
BRDA:190,8,0,0
BRDA:190,8,1,0
BRDA:194,9,0,0
BRDA:194,9,1,0
BRDA:195,10,0,0
BRDA:195,10,1,0
BRDA:254,11,0,0
BRDA:254,11,1,0
BRDA:258,12,0,0
BRDA:258,12,1,0
BRDA:259,13,0,0
BRDA:259,13,1,0
BRF:30
BRH:0
end_of_record
TN:
SF:C:\Projects\hsse-project\reactjs\src\components\Forms\FormValidator.js
FN:1,(anonymous_0)
FN:1,sliceIterator
FN:1,(anonymous_2)
FN:2,_interopRequireDefault
FN:32,(anonymous_4)
FN:98,(anonymous_5)
FN:101,(anonymous_6)
FNF:7
FNH:0
FNDA:0,(anonymous_0)
FNDA:0,sliceIterator
FNDA:0,(anonymous_2)
FNDA:0,_interopRequireDefault
FNDA:0,(anonymous_4)
FNDA:0,(anonymous_5)
FNDA:0,(anonymous_6)
DA:1,0
DA:2,0
DA:8,0
DA:18,0
DA:19,0
DA:20,0
DA:22,0
DA:25,0
DA:26,0
DA:28,0
DA:29,0
DA:32,0
DA:33,0
DA:35,0
DA:36,0
DA:38,0
DA:39,0
DA:41,0
DA:42,0
DA:44,0
DA:45,0
DA:47,0
DA:48,0
DA:50,0
DA:51,0
DA:54,0
DA:55,0
DA:56,0
DA:58,0
DA:59,0
DA:61,0
DA:62,0
DA:64,0
DA:65,0
DA:66,0
DA:68,0
DA:69,0
DA:71,0
DA:72,0
DA:74,0
DA:75,0
DA:76,0
DA:78,0
DA:84,0
DA:95,0
DA:96,0
DA:98,0
DA:99,0
DA:100,0
DA:101,0
DA:104,0
DA:108,0
LF:52
LH:0
BRDA:1,0,0,0
BRDA:1,0,1,0
BRDA:1,1,0,0
BRDA:1,1,1,0
BRDA:1,2,0,0
BRDA:1,2,1,0
BRDA:1,3,0,0
BRDA:1,3,1,0
BRDA:1,4,0,0
BRDA:1,4,1,0
BRDA:1,5,0,0
BRDA:1,5,1,0
BRDA:1,6,0,0
BRDA:1,6,1,0
BRDA:2,7,0,0
BRDA:2,7,1,0
BRDA:2,8,0,0
BRDA:2,8,1,0
BRDA:19,9,0,0
BRDA:19,9,1,0
BRDA:22,10,0,0
BRDA:22,10,1,0
BRDA:29,11,0,0
BRDA:29,11,1,0
BRDA:29,12,0,0
BRDA:29,12,1,0
BRDA:33,13,0,0
BRDA:33,13,1,0
BRDA:33,13,2,0
BRDA:33,13,3,0
BRDA:33,13,4,0
BRDA:33,13,5,0
BRDA:33,13,6,0
BRDA:33,13,7,0
BRDA:33,13,8,0
BRDA:33,13,9,0
BRDA:33,13,10,0
BRDA:33,13,11,0
BRDA:33,13,12,0
BRDA:33,13,13,0
BRDA:35,14,0,0
BRDA:35,14,1,0
BRDA:101,15,0,0
BRDA:101,15,1,0
BRF:44
BRH:0
end_of_record
TN:
SF:C:\Projects\hsse-project\reactjs\src\components\Forms\FormWizard.js
FN:7,_interopRequireDefault
FN:10,(anonymous_1)
FN:70,(anonymous_2)
FN:77,(anonymous_3)
FN:79,(anonymous_4)
FN:79,(anonymous_5)
FN:79,(anonymous_6)
FN:79,(anonymous_7)
FN:83,(anonymous_8)
FNF:9
FNH:0
FNDA:0,_interopRequireDefault
FNDA:0,(anonymous_1)
FNDA:0,(anonymous_2)
FNDA:0,(anonymous_3)
FNDA:0,(anonymous_4)
FNDA:0,(anonymous_5)
FNDA:0,(anonymous_6)
FNDA:0,(anonymous_7)
FNDA:0,(anonymous_8)
DA:1,0
DA:6,0
DA:7,0
DA:10,0
DA:71,0
DA:72,0
DA:73,0
DA:74,0
DA:79,0
DA:80,0
DA:83,0
DA:162,0
LF:12
LH:0
BRDA:7,0,0,0
BRDA:7,0,1,0
BRDA:7,1,0,0
BRDA:7,1,1,0
BRDA:72,2,0,0
BRDA:72,2,1,0
BRDA:79,3,0,0
BRDA:79,3,1,0
BRF:8
BRH:0
end_of_record
TN:
SF:C:\Projects\hsse-project\reactjs\src\components\Forum\ForumCategories.js
FN:3,_interopRequireDefault
FN:7,(anonymous_1)
FNF:2
FNH:0
FNDA:0,_interopRequireDefault
FNDA:0,(anonymous_1)
DA:1,0
DA:2,0
DA:3,0
DA:8,0
DA:310,0
LF:5
LH:0
BRDA:3,0,0,0
BRDA:3,0,1,0
BRDA:3,1,0,0
BRDA:3,1,1,0
BRF:4
BRH:0
end_of_record
TN:
SF:C:\Projects\hsse-project\reactjs\src\components\Forum\ForumDiscussion.js
FN:3,_interopRequireDefault
FN:5,(anonymous_1)
FN:11,(anonymous_2)
FN:13,(anonymous_3)
FNF:4
FNH:0
FNDA:0,_interopRequireDefault
FNDA:0,(anonymous_1)
FNDA:0,(anonymous_2)
FNDA:0,(anonymous_3)
DA:1,0
DA:2,0
DA:3,0
DA:5,0
DA:11,0
DA:14,0
DA:208,0
LF:7
LH:0
BRDA:3,0,0,0
BRDA:3,0,1,0
BRDA:3,1,0,0
BRDA:3,1,1,0
BRF:4
BRH:0
end_of_record
TN:
SF:C:\Projects\hsse-project\reactjs\src\components\Forum\ForumTopics.js
FN:3,_interopRequireDefault
FN:7,(anonymous_1)
FNF:2
FNH:0
FNDA:0,_interopRequireDefault
FNDA:0,(anonymous_1)
DA:1,0
DA:2,0
DA:3,0
DA:8,0
DA:192,0
LF:5
LH:0
BRDA:3,0,0,0
BRDA:3,0,1,0
BRDA:3,1,0,0
BRDA:3,1,1,0
BRF:4
BRH:0
end_of_record
TN:
SF:C:\Projects\hsse-project\reactjs\src\components\Layout\Base.js
FN:6,_interopRequireDefault
FN:8,(anonymous_1)
FNF:2
FNH:0
FNDA:0,_interopRequireDefault
FNDA:0,(anonymous_1)
DA:1,0
DA:3,0
DA:4,0
DA:5,0
DA:6,0
DA:8,0
DA:9,0
DA:20,0
LF:8
LH:0
BRDA:6,0,0,0
BRDA:6,0,1,0
BRDA:6,1,0,0
BRDA:6,1,1,0
BRF:4
BRH:0
end_of_record
TN:
SF:C:\Projects\hsse-project\reactjs\src\components\Layout\BaseHorizontal.js
FN:6,_interopRequireDefault
FN:10,(anonymous_1)
FN:14,(anonymous_2)
FN:19,(anonymous_3)
FNF:4
FNH:0
FNDA:0,_interopRequireDefault
FNDA:0,(anonymous_1)
FNDA:0,(anonymous_2)
FNDA:0,(anonymous_3)
DA:1,0
DA:2,0
DA:4,0
DA:5,0
DA:6,0
DA:11,0
DA:16,0
DA:21,0
DA:34,0
LF:9
LH:0
BRDA:6,0,0,0
BRDA:6,0,1,0
BRDA:6,1,0,0
BRDA:6,1,1,0
BRF:4
BRH:0
end_of_record
TN:
SF:C:\Projects\hsse-project\reactjs\src\components\Layout\BasePage.js
FN:1,_interopRequireDefault
FN:3,(anonymous_1)
FNF:2
FNH:0
FNDA:0,_interopRequireDefault
FNDA:0,(anonymous_1)
DA:1,0
DA:3,0
DA:4,0
DA:5,0
LF:4
LH:0
BRDA:1,0,0,0
BRDA:1,0,1,0
BRDA:1,1,0,0
BRDA:1,1,1,0
BRF:4
BRH:0
end_of_record
TN:
SF:C:\Projects\hsse-project\reactjs\src\components\Layout\ContentWrapper.js
FN:2,_interopRequireDefault
FN:7,(anonymous_1)
FNF:2
FNH:0
FNDA:0,_interopRequireDefault
FNDA:0,(anonymous_1)
DA:1,0
DA:2,0
DA:7,0
DA:8,0
DA:17,0
DA:21,0
DA:22,0
LF:7
LH:0
BRDA:2,0,0,0
BRDA:2,0,1,0
BRDA:2,1,0,0
BRDA:2,1,1,0
BRDA:9,2,0,0
BRDA:9,2,1,0
BRF:6
BRH:0
end_of_record
TN:
SF:C:\Projects\hsse-project\reactjs\src\components\Layout\Footer.js
FN:1,_interopRequireDefault
FN:5,(anonymous_1)
FNF:2
FNH:0
FNDA:0,_interopRequireDefault
FNDA:0,(anonymous_1)
DA:1,0
DA:6,0
DA:7,0
DA:12,0
LF:4
LH:0
BRDA:1,0,0,0
BRDA:1,0,1,0
BRDA:1,1,0,0
BRDA:1,1,1,0
BRF:4
BRH:0
end_of_record
TN:
SF:C:\Projects\hsse-project\reactjs\src\components\Layout\Header.js
FN:9,_interopRequireDefault
FN:13,(anonymous_1)
FN:19,(anonymous_2)
FN:24,(anonymous_3)
FN:100,(anonymous_4)
FN:111,(anonymous_5)
FN:122,(anonymous_6)
FN:133,(anonymous_7)
FNF:8
FNH:0
FNDA:0,_interopRequireDefault
FNDA:0,(anonymous_1)
FNDA:0,(anonymous_2)
FNDA:0,(anonymous_3)
FNDA:0,(anonymous_4)
FNDA:0,(anonymous_5)
FNDA:0,(anonymous_6)
FNDA:0,(anonymous_7)
DA:1,0
DA:2,0
DA:3,0
DA:4,0
DA:6,0
DA:7,0
DA:8,0
DA:9,0
DA:15,0
DA:20,0
DA:21,0
DA:25,0
DA:100,0
DA:111,0
DA:122,0
DA:133,0
DA:171,0
LF:17
LH:0
BRDA:9,0,0,0
BRDA:9,0,1,0
BRDA:9,1,0,0
BRDA:9,1,1,0
BRF:4
BRH:0
end_of_record
TN:
SF:C:\Projects\hsse-project\reactjs\src\components\Layout\Header.run.js
FN:1,_interopRequireDefault
FN:3,(anonymous_1)
FN:13,(anonymous_2)
FN:24,(anonymous_3)
FN:28,(anonymous_4)
FN:37,(anonymous_5)
FN:42,navbarSearchInput
FN:45,(anonymous_7)
FN:57,(anonymous_8)
FNF:9
FNH:0
FNDA:0,_interopRequireDefault
FNDA:0,(anonymous_1)
FNDA:0,(anonymous_2)
FNDA:0,(anonymous_3)
FNDA:0,(anonymous_4)
FNDA:0,(anonymous_5)
FNDA:0,navbarSearchInput
FNDA:0,(anonymous_7)
FNDA:0,(anonymous_8)
DA:1,0
DA:7,0
DA:10,0
DA:12,0
DA:14,0
DA:15,0
DA:20,0
DA:21,0
DA:23,0
DA:25,0
DA:26,0
DA:29,0
DA:30,0
DA:34,0
DA:36,0
DA:38,0
DA:43,0
DA:44,0
DA:47,0
DA:49,0
DA:51,0
DA:53,0
DA:58,0
LF:23
LH:0
BRDA:1,0,0,0
BRDA:1,0,1,0
BRDA:1,1,0,0
BRDA:1,1,1,0
BRDA:29,2,0,0
BRDA:29,2,1,0
BRDA:53,3,0,0
BRDA:53,3,1,0
BRF:8
BRH:0
end_of_record
TN:
SF:C:\Projects\hsse-project\reactjs\src\components\Layout\HeaderHorizontal.js
FN:17,_interopRequireDefault
FN:19,(anonymous_1)
FN:29,(anonymous_2)
FN:33,(anonymous_3)
FN:35,(anonymous_4)
FN:91,(anonymous_5)
FN:102,(anonymous_6)
FN:113,(anonymous_7)
FN:124,(anonymous_8)
FNF:9
FNH:0
FNDA:0,_interopRequireDefault
FNDA:0,(anonymous_1)
FNDA:0,(anonymous_2)
FNDA:0,(anonymous_3)
FNDA:0,(anonymous_4)
FNDA:0,(anonymous_5)
FNDA:0,(anonymous_6)
FNDA:0,(anonymous_7)
FNDA:0,(anonymous_8)
DA:1,0
DA:2,0
DA:13,0
DA:15,0
DA:16,0
DA:17,0
DA:19,0
DA:30,0
DA:33,0
DA:36,0
DA:91,0
DA:102,0
DA:113,0
DA:124,0
DA:162,0
LF:15
LH:0
BRDA:17,0,0,0
BRDA:17,0,1,0
BRDA:17,1,0,0
BRDA:17,1,1,0
BRF:4
BRH:0
end_of_record
TN:
SF:C:\Projects\hsse-project\reactjs\src\components\Layout\Offsidebar.js
FN:5,_interopRequireDefault
FN:7,(anonymous_1)
FN:19,(anonymous_2)
FN:27,(anonymous_3)
FN:32,(anonymous_4)
FN:34,(anonymous_5)
FN:46,(anonymous_6)
FN:53,(anonymous_7)
FNF:8
FNH:0
FNDA:0,_interopRequireDefault
FNDA:0,(anonymous_1)
FNDA:0,(anonymous_2)
FNDA:0,(anonymous_3)
FNDA:0,(anonymous_4)
FNDA:0,(anonymous_5)
FNDA:0,(anonymous_6)
FNDA:0,(anonymous_7)
DA:1,0
DA:2,0
DA:4,0
DA:5,0
DA:7,0
DA:20,0
DA:21,0
DA:28,0
DA:31,0
DA:33,0
DA:36,0
DA:46,0
DA:53,0
DA:412,0
LF:14
LH:0
BRDA:5,0,0,0
BRDA:5,0,1,0
BRDA:5,1,0,0
BRDA:5,1,1,0
BRDA:20,2,0,0
BRDA:20,2,1,0
BRDA:28,3,0,0
BRDA:28,3,1,0
BRDA:37,4,0,0
BRDA:37,4,1,0
BRDA:45,5,0,0
BRDA:45,5,1,0
BRDA:52,6,0,0
BRDA:52,6,1,0
BRF:14
BRH:0
end_of_record
TN:
SF:C:\Projects\hsse-project\reactjs\src\components\Layout\Sidebar.js
FN:8,_interopRequireDefault
FN:11,(anonymous_1)
FN:18,(anonymous_2)
FN:29,(anonymous_3)
FN:45,(anonymous_4)
FN:49,(anonymous_5)
FN:63,(anonymous_6)
FN:66,(anonymous_7)
FN:67,(anonymous_8)
FN:68,(anonymous_9)
FN:100,(anonymous_10)
FN:100,(anonymous_11)
FN:103,(anonymous_12)
FN:107,(anonymous_13)
FN:109,(anonymous_14)
FN:109,(anonymous_15)
FN:109,(anonymous_16)
FN:109,(anonymous_17)
FN:125,(anonymous_18)
FN:141,(anonymous_19)
FNF:20
FNH:0
FNDA:0,_interopRequireDefault
FNDA:0,(anonymous_1)
FNDA:0,(anonymous_2)
FNDA:0,(anonymous_3)
FNDA:0,(anonymous_4)
FNDA:0,(anonymous_5)
FNDA:0,(anonymous_6)
FNDA:0,(anonymous_7)
FNDA:0,(anonymous_8)
FNDA:0,(anonymous_9)
FNDA:0,(anonymous_10)
FNDA:0,(anonymous_11)
FNDA:0,(anonymous_12)
FNDA:0,(anonymous_13)
FNDA:0,(anonymous_14)
FNDA:0,(anonymous_15)
FNDA:0,(anonymous_16)
FNDA:0,(anonymous_17)
FNDA:0,(anonymous_18)
FNDA:0,(anonymous_19)
DA:1,0
DA:2,0
DA:3,0
DA:4,0
DA:5,0
DA:6,0
DA:8,0
DA:11,0
DA:12,0
DA:18,0
DA:19,0
DA:29,0
DA:30,0
DA:45,0
DA:46,0
DA:49,0
DA:64,0
DA:65,0
DA:66,0
DA:68,0
DA:70,0
DA:100,0
DA:104,0
DA:105,0
DA:106,0
DA:108,0
DA:109,0
DA:110,0
DA:127,0
DA:128,0
DA:132,0
DA:133,0
DA:136,0
DA:137,0
DA:142,0
DA:148,0
DA:158,0
LF:37
LH:0
BRDA:8,0,0,0
BRDA:8,0,1,0
BRDA:8,1,0,0
BRDA:8,1,1,0
BRDA:19,2,0,0
BRDA:19,2,1,0
BRDA:21,3,0,0
BRDA:21,3,1,0
BRDA:22,4,0,0
BRDA:22,4,1,0
BRDA:30,5,0,0
BRDA:30,5,1,0
BRDA:32,6,0,0
BRDA:32,6,1,0
BRDA:33,7,0,0
BRDA:33,7,1,0
BRDA:68,8,0,0
BRDA:68,8,1,0
BRDA:104,9,0,0
BRDA:104,9,1,0
BRDA:105,10,0,0
BRDA:105,10,1,0
BRDA:106,11,0,0
BRDA:106,11,1,0
BRDA:109,12,0,0
BRDA:109,12,1,0
BRDA:109,13,0,0
BRDA:109,13,1,0
BRDA:109,14,0,0
BRDA:109,14,1,0
BRDA:109,15,0,0
BRDA:109,15,1,0
BRDA:127,16,0,0
BRDA:127,16,1,0
BRDA:132,17,0,0
BRDA:132,17,1,0
BRDA:136,18,0,0
BRDA:136,18,1,0
BRF:38
BRH:0
end_of_record
TN:
SF:C:\Projects\hsse-project\reactjs\src\components\Layout\Sidebar.run.js
FN:1,_interopRequireDefault
FN:3,(anonymous_1)
FN:14,(anonymous_2)
FN:28,(anonymous_3)
FN:46,(anonymous_4)
FN:64,sidebarAddBackdrop
FN:66,(anonymous_6)
FN:73,toggleTouchItem
FN:83,toggleMenuItem
FN:108,(anonymous_9)
FN:120,(anonymous_10)
FN:128,reactClone
FN:136,removeFloatingNav
FN:142,isTouch
FN:146,isSidebarCollapsed
FN:155,isFixed
FN:159,useAsideHover
FNF:17
FNH:0
FNDA:0,_interopRequireDefault
FNDA:0,(anonymous_1)
FNDA:0,(anonymous_2)
FNDA:0,(anonymous_3)
FNDA:0,(anonymous_4)
FNDA:0,sidebarAddBackdrop
FNDA:0,(anonymous_6)
FNDA:0,toggleTouchItem
FNDA:0,toggleMenuItem
FNDA:0,(anonymous_9)
FNDA:0,(anonymous_10)
FNDA:0,reactClone
FNDA:0,removeFloatingNav
FNDA:0,isTouch
FNDA:0,isSidebarCollapsed
FNDA:0,isFixed
FNDA:0,useAsideHover
DA:1,0
DA:5,0
DA:6,0
DA:7,0
DA:8,0
DA:13,0
DA:14,0
DA:16,0
DA:17,0
DA:18,0
DA:26,0
DA:27,0
DA:28,0
DA:30,0
DA:32,0
DA:33,0
DA:36,0
DA:41,0
DA:44,0
DA:46,0
DA:48,0
DA:50,0
DA:51,0
DA:56,0
DA:65,0
DA:66,0
DA:67,0
DA:74,0
DA:85,0
DA:87,0
DA:89,0
DA:90,0
DA:91,0
DA:92,0
DA:95,0
DA:96,0
DA:98,0
DA:100,0
DA:102,0
DA:104,0
DA:105,0
DA:107,0
DA:109,0
DA:110,0
DA:111,0
DA:120,0
DA:121,0
DA:122,0
DA:125,0
DA:133,0
DA:137,0
DA:138,0
DA:139,0
DA:143,0
DA:147,0
DA:156,0
DA:160,0
LF:57
LH:0
BRDA:1,0,0,0
BRDA:1,0,1,0
BRDA:1,1,0,0
BRDA:1,1,1,0
BRDA:17,2,0,0
BRDA:17,2,1,0
BRDA:26,3,0,0
BRDA:26,3,1,0
BRDA:30,4,0,0
BRDA:30,4,1,0
BRDA:30,5,0,0
BRDA:30,5,1,0
BRDA:44,6,0,0
BRDA:44,6,1,0
BRDA:48,7,0,0
BRDA:48,7,1,0
BRDA:51,8,0,0
BRDA:51,8,1,0
BRDA:51,9,0,0
BRDA:51,9,1,0
BRDA:51,9,2,0
BRDA:51,9,3,0
BRDA:89,10,0,0
BRDA:89,10,1,0
BRDA:90,11,0,0
BRDA:90,11,1,0
BRDA:115,12,0,0
BRDA:115,12,1,0
BRDA:117,13,0,0
BRDA:117,13,1,0
BRDA:147,14,0,0
BRDA:147,14,1,0
BRF:32
BRH:0
end_of_record
TN:
SF:C:\Projects\hsse-project\reactjs\src\components\Layout\SidebarUserBlock.js
FN:3,_interopRequireDefault
FN:5,(anonymous_1)
FN:11,(anonymous_2)
FN:12,(anonymous_3)
FN:19,(anonymous_4)
FN:23,(anonymous_5)
FNF:6
FNH:0
FNDA:0,_interopRequireDefault
FNDA:0,(anonymous_1)
FNDA:0,(anonymous_2)
FNDA:0,(anonymous_3)
FNDA:0,(anonymous_4)
FNDA:0,(anonymous_5)
DA:1,0
DA:2,0
DA:3,0
DA:5,0
DA:12,0
DA:13,0
DA:20,0
DA:24,0
DA:44,0
LF:9
LH:0
BRDA:3,0,0,0
BRDA:3,0,1,0
BRDA:3,1,0,0
BRDA:3,1,1,0
BRF:4
BRH:0
end_of_record
TN:
SF:C:\Projects\hsse-project\reactjs\src\components\Maps\MapsGoogle.js
FN:5,_interopRequireDefault
FN:20,(anonymous_1)
FN:30,(anonymous_2)
FN:40,(anonymous_3)
FN:51,(anonymous_4)
FN:54,(anonymous_5)
FN:67,(anonymous_6)
FN:73,(anonymous_7)
FN:85,(anonymous_8)
FNF:9
FNH:0
FNDA:0,_interopRequireDefault
FNDA:0,(anonymous_1)
FNDA:0,(anonymous_2)
FNDA:0,(anonymous_3)
FNDA:0,(anonymous_4)
FNDA:0,(anonymous_5)
FNDA:0,(anonymous_6)
FNDA:0,(anonymous_7)
FNDA:0,(anonymous_8)
DA:1,0
DA:2,0
DA:3,0
DA:4,0
DA:5,0
DA:8,0
DA:16,0
DA:21,0
DA:26,0
DA:31,0
DA:36,0
DA:41,0
DA:47,0
DA:52,0
DA:55,0
DA:63,0
DA:68,0
DA:73,0
DA:86,0
DA:141,0
LF:20
LH:0
BRDA:5,0,0,0
BRDA:5,0,1,0
BRDA:5,1,0,0
BRDA:5,1,1,0
BRDA:52,2,0,0
BRDA:52,2,1,0
BRF:6
BRH:0
end_of_record
TN:
SF:C:\Projects\hsse-project\reactjs\src\components\Maps\MapsVector.js
FN:4,_interopRequireDefault
FN:27,(anonymous_1)
FN:87,(anonymous_2)
FN:94,(anonymous_3)
FNF:4
FNH:0
FNDA:0,_interopRequireDefault
FNDA:0,(anonymous_1)
FNDA:0,(anonymous_2)
FNDA:0,(anonymous_3)
DA:1,0
DA:2,0
DA:4,0
DA:6,0
DA:13,0
DA:27,0
DA:88,0
DA:89,0
DA:95,0
DA:105,0
LF:10
LH:0
BRDA:4,0,0,0
BRDA:4,0,1,0
BRDA:4,1,0,0
BRDA:4,1,1,0
BRDA:88,2,0,0
BRDA:88,2,1,0
BRF:6
BRH:0
end_of_record
TN:
SF:C:\Projects\hsse-project\reactjs\src\components\Maps\VectorMap.js
FN:8,_interopRequireDefault
FN:11,(anonymous_1)
FN:34,(anonymous_2)
FN:34,(anonymous_3)
FN:36,(anonymous_4)
FNF:5
FNH:0
FNDA:0,_interopRequireDefault
FNDA:0,(anonymous_1)
FNDA:0,(anonymous_2)
FNDA:0,(anonymous_3)
FNDA:0,(anonymous_4)
DA:1,0
DA:5,0
DA:6,0
DA:7,0
DA:8,0
DA:11,0
DA:34,0
DA:37,0
DA:40,0
LF:9
LH:0
BRDA:8,0,0,0
BRDA:8,0,1,0
BRDA:8,1,0,0
BRDA:8,1,1,0
BRF:4
BRH:0
end_of_record
TN:
SF:C:\Projects\hsse-project\reactjs\src\components\Pages\Error500.js
FN:2,_interopRequireDefault
FN:4,(anonymous_1)
FNF:2
FNH:0
FNDA:0,_interopRequireDefault
FNDA:0,(anonymous_1)
DA:1,0
DA:2,0
DA:4,0
DA:5,0
DA:34,0
LF:5
LH:0
BRDA:2,0,0,0
BRDA:2,0,1,0
BRDA:2,1,0,0
BRDA:2,1,1,0
BRF:4
BRH:0
end_of_record
TN:
SF:C:\Projects\hsse-project\reactjs\src\components\Pages\Lock.js
FN:2,_interopRequireDefault
FN:6,(anonymous_1)
FNF:2
FNH:0
FNDA:0,_interopRequireDefault
FNDA:0,(anonymous_1)
DA:1,0
DA:2,0
DA:7,0
DA:51,0
LF:4
LH:0
BRDA:2,0,0,0
BRDA:2,0,1,0
BRDA:2,1,0,0
BRDA:2,1,1,0
BRF:4
BRH:0
end_of_record
TN:
SF:C:\Projects\hsse-project\reactjs\src\components\Pages\Login.js
FN:10,_interopRequireWildcard
FN:10,_interopRequireDefault
FN:12,(anonymous_2)
FN:26,(anonymous_3)
FN:46,(anonymous_4)
FN:48,(anonymous_5)
FN:68,(anonymous_6)
FN:70,(anonymous_7)
FN:75,(anonymous_8)
FN:83,(anonymous_9)
FN:96,(anonymous_10)
FN:110,(anonymous_11)
FN:190,mapStateToProps
FNF:13
FNH:0
FNDA:0,_interopRequireWildcard
FNDA:0,_interopRequireDefault
FNDA:0,(anonymous_2)
FNDA:0,(anonymous_3)
FNDA:0,(anonymous_4)
FNDA:0,(anonymous_5)
FNDA:0,(anonymous_6)
FNDA:0,(anonymous_7)
FNDA:0,(anonymous_8)
FNDA:0,(anonymous_9)
FNDA:0,(anonymous_10)
FNDA:0,(anonymous_11)
FNDA:0,mapStateToProps
DA:1,0
DA:2,0
DA:3,0
DA:4,0
DA:5,0
DA:6,0
DA:8,0
DA:10,0
DA:12,0
DA:27,0
DA:28,0
DA:29,0
DA:31,0
DA:33,0
DA:47,0
DA:48,0
DA:50,0
DA:52,0
DA:61,0
DA:65,0
DA:68,0
DA:71,0
DA:76,0
DA:84,0
DA:97,0
DA:112,0
DA:114,0
DA:191,0
DA:192,0
LF:29
LH:0
BRDA:10,0,0,0
BRDA:10,0,1,0
BRDA:10,1,0,0
BRDA:10,1,1,0
BRDA:10,2,0,0
BRDA:10,2,1,0
BRDA:10,3,0,0
BRDA:10,3,1,0
BRDA:10,4,0,0
BRDA:10,4,1,0
BRDA:10,5,0,0
BRDA:10,5,1,0
BRDA:29,6,0,0
BRDA:29,6,1,0
BRDA:61,7,0,0
BRDA:61,7,1,0
BRDA:76,8,0,0
BRDA:76,8,1,0
BRDA:76,8,2,0
BRDA:76,8,3,0
BRDA:88,9,0,0
BRDA:88,9,1,0
BRDA:141,10,0,0
BRDA:141,10,1,0
BRDA:142,11,0,0
BRDA:142,11,1,0
BRF:26
BRH:0
end_of_record
TN:
SF:C:\Projects\hsse-project\reactjs\src\components\Pages\Maintenance.js
FN:1,_interopRequireDefault
FN:3,(anonymous_1)
FNF:2
FNH:0
FNDA:0,_interopRequireDefault
FNDA:0,(anonymous_1)
DA:1,0
DA:3,0
DA:4,0
DA:14,0
LF:4
LH:0
BRDA:1,0,0,0
BRDA:1,0,1,0
BRDA:1,1,0,0
BRDA:1,1,1,0
BRF:4
BRH:0
end_of_record
TN:
SF:C:\Projects\hsse-project\reactjs\src\components\Pages\NotFound.js
FN:2,_interopRequireDefault
FN:4,(anonymous_1)
FNF:2
FNH:0
FNDA:0,_interopRequireDefault
FNDA:0,(anonymous_1)
DA:1,0
DA:2,0
DA:4,0
DA:5,0
DA:38,0
LF:5
LH:0
BRDA:2,0,0,0
BRDA:2,0,1,0
BRDA:2,1,0,0
BRDA:2,1,1,0
BRF:4
BRH:0
end_of_record
TN:
SF:C:\Projects\hsse-project\reactjs\src\components\Pages\Recover.js
FN:1,_interopRequireDefault
FN:5,(anonymous_1)
FNF:2
FNH:0
FNDA:0,_interopRequireDefault
FNDA:0,(anonymous_1)
DA:1,0
DA:6,0
DA:45,0
LF:3
LH:0
BRDA:1,0,0,0
BRDA:1,0,1,0
BRDA:1,1,0,0
BRDA:1,1,1,0
BRF:4
BRH:0
end_of_record
TN:
SF:C:\Projects\hsse-project\reactjs\src\components\Pages\Register.js
FN:5,_interopRequireDefault
FN:7,(anonymous_1)
FN:23,(anonymous_2)
FN:43,(anonymous_3)
FN:45,(anonymous_4)
FN:62,(anonymous_5)
FN:69,(anonymous_6)
FNF:7
FNH:0
FNDA:0,_interopRequireDefault
FNDA:0,(anonymous_1)
FNDA:0,(anonymous_2)
FNDA:0,(anonymous_3)
FNDA:0,(anonymous_4)
FNDA:0,(anonymous_5)
FNDA:0,(anonymous_6)
DA:1,0
DA:2,0
DA:3,0
DA:5,0
DA:7,0
DA:24,0
DA:25,0
DA:26,0
DA:28,0
DA:30,0
DA:44,0
DA:45,0
DA:47,0
DA:49,0
DA:56,0
DA:58,0
DA:63,0
DA:70,0
DA:170,0
LF:19
LH:0
BRDA:5,0,0,0
BRDA:5,0,1,0
BRDA:5,1,0,0
BRDA:5,1,1,0
BRDA:26,2,0,0
BRDA:26,2,1,0
BRDA:56,3,0,0
BRDA:56,3,1,0
BRDA:63,4,0,0
BRDA:63,4,1,0
BRDA:63,4,2,0
BRDA:63,4,3,0
BRDA:91,5,0,0
BRDA:91,5,1,0
BRDA:100,6,0,0
BRDA:100,6,1,0
BRDA:101,7,0,0
BRDA:101,7,1,0
BRF:18
BRH:0
end_of_record
TN:
SF:C:\Projects\hsse-project\reactjs\src\components\Tables\DataGrid.js
FN:4,_interopRequireDefault
FN:7,(anonymous_1)
FN:13,(anonymous_2)
FN:20,(anonymous_3)
FN:111,(anonymous_4)
FN:129,(anonymous_5)
FN:129,(anonymous_6)
FN:129,(anonymous_7)
FN:129,(anonymous_8)
FN:129,(anonymous_9)
FN:129,(anonymous_10)
FNF:11
FNH:0
FNDA:0,_interopRequireDefault
FNDA:0,(anonymous_1)
FNDA:0,(anonymous_2)
FNDA:0,(anonymous_3)
FNDA:0,(anonymous_4)
FNDA:0,(anonymous_5)
FNDA:0,(anonymous_6)
FNDA:0,(anonymous_7)
FNDA:0,(anonymous_8)
FNDA:0,(anonymous_9)
FNDA:0,(anonymous_10)
DA:1,0
DA:2,0
DA:3,0
DA:4,0
DA:7,0
DA:8,0
DA:13,0
DA:14,0
DA:21,0
DA:23,0
DA:68,0
DA:69,0
DA:70,0
DA:112,0
DA:129,0
LF:15
LH:0
BRDA:4,0,0,0
BRDA:4,0,1,0
BRDA:4,1,0,0
BRDA:4,1,1,0
BRDA:8,2,0,0
BRDA:8,2,1,0
BRDA:8,3,0,0
BRDA:8,3,1,0
BRDA:129,4,0,0
BRDA:129,4,1,0
BRDA:129,5,0,0
BRDA:129,5,1,0
BRDA:129,6,0,0
BRDA:129,6,1,0
BRDA:129,7,0,0
BRDA:129,7,1,0
BRDA:129,8,0,0
BRDA:129,8,1,0
BRF:18
BRH:0
end_of_record
TN:
SF:C:\Projects\hsse-project\reactjs\src\components\Tables\Datatable.js
FN:3,_interopRequireDefault
FN:28,(anonymous_1)
FN:54,(anonymous_2)
FN:54,(anonymous_3)
FN:54,(anonymous_4)
FN:56,(anonymous_5)
FNF:6
FNH:0
FNDA:0,_interopRequireDefault
FNDA:0,(anonymous_1)
FNDA:0,(anonymous_2)
FNDA:0,(anonymous_3)
FNDA:0,(anonymous_4)
FNDA:0,(anonymous_5)
DA:1,0
DA:2,0
DA:3,0
DA:6,0
DA:7,0
DA:8,0
DA:9,0
DA:10,0
DA:11,0
DA:12,0
DA:13,0
DA:14,0
DA:15,0
DA:16,0
DA:17,0
DA:18,0
DA:19,0
DA:20,0
DA:21,0
DA:22,0
DA:28,0
DA:54,0
DA:57,0
DA:62,0
LF:24
LH:0
BRDA:3,0,0,0
BRDA:3,0,1,0
BRDA:3,1,0,0
BRDA:3,1,1,0
BRDA:54,2,0,0
BRDA:54,2,1,0
BRF:6
BRH:0
end_of_record
TN:
SF:C:\Projects\hsse-project\reactjs\src\components\Tables\DatatableView.js
FN:6,_interopRequireDefault
FN:8,(anonymous_1)
FN:85,(anonymous_2)
FN:90,(anonymous_3)
FN:95,(anonymous_4)
FNF:5
FNH:0
FNDA:0,_interopRequireDefault
FNDA:0,(anonymous_1)
FNDA:0,(anonymous_2)
FNDA:0,(anonymous_3)
FNDA:0,(anonymous_4)
DA:1,0
DA:2,0
DA:3,0
DA:4,0
DA:6,0
DA:8,0
DA:86,0
DA:87,0
DA:89,0
DA:91,0
DA:96,0
DA:1382,0
LF:12
LH:0
BRDA:6,0,0,0
BRDA:6,0,1,0
BRDA:6,1,0,0
BRDA:6,1,1,0
BRF:4
BRH:0
end_of_record
TN:
SF:C:\Projects\hsse-project\reactjs\src\components\Tables\TableExtended.js
FN:5,_interopRequireDefault
FN:7,(anonymous_1)
FN:20,(anonymous_2)
FN:21,(anonymous_3)
FN:24,(anonymous_4)
FN:26,(anonymous_5)
FN:28,(anonymous_6)
FN:28,(anonymous_7)
FN:30,(anonymous_8)
FN:82,(anonymous_9)
FN:106,(anonymous_10)
FN:130,(anonymous_11)
FN:189,(anonymous_12)
FN:216,(anonymous_13)
FN:243,(anonymous_14)
FNF:15
FNH:0
FNDA:0,_interopRequireDefault
FNDA:0,(anonymous_1)
FNDA:0,(anonymous_2)
FNDA:0,(anonymous_3)
FNDA:0,(anonymous_4)
FNDA:0,(anonymous_5)
FNDA:0,(anonymous_6)
FNDA:0,(anonymous_7)
FNDA:0,(anonymous_8)
FNDA:0,(anonymous_9)
FNDA:0,(anonymous_10)
FNDA:0,(anonymous_11)
FNDA:0,(anonymous_12)
FNDA:0,(anonymous_13)
FNDA:0,(anonymous_14)
DA:1,0
DA:2,0
DA:3,0
DA:5,0
DA:7,0
DA:20,0
DA:21,0
DA:25,0
DA:26,0
DA:28,0
DA:31,0
DA:82,0
DA:106,0
DA:130,0
DA:189,0
DA:216,0
DA:243,0
DA:443,0
LF:18
LH:0
BRDA:5,0,0,0
BRDA:5,0,1,0
BRDA:5,1,0,0
BRDA:5,1,1,0
BRDA:26,2,0,0
BRDA:26,2,1,0
BRF:6
BRH:0
end_of_record
TN:
SF:C:\Projects\hsse-project\reactjs\src\components\Tables\TableStandard.js
FN:3,_interopRequireDefault
FN:6,(anonymous_1)
FNF:2
FNH:0
FNDA:0,_interopRequireDefault
FNDA:0,(anonymous_1)
DA:1,0
DA:2,0
DA:3,0
DA:7,0
DA:299,0
LF:5
LH:0
BRDA:3,0,0,0
BRDA:3,0,1,0
BRDA:3,1,0,0
BRDA:3,1,1,0
BRF:4
BRH:0
end_of_record
TN:
SF:C:\Projects\hsse-project\reactjs\src\components\Widgets\Widgets.js
FN:7,_interopRequireDefault
FN:22,(anonymous_1)
FN:28,(anonymous_2)
FN:36,(anonymous_3)
FN:44,(anonymous_4)
FN:903,(anonymous_5)
FN:910,(anonymous_6)
FNF:7
FNH:0
FNDA:0,_interopRequireDefault
FNDA:0,(anonymous_1)
FNDA:0,(anonymous_2)
FNDA:0,(anonymous_3)
FNDA:0,(anonymous_4)
FNDA:0,(anonymous_5)
FNDA:0,(anonymous_6)
DA:1,0
DA:2,0
DA:3,0
DA:4,0
DA:5,0
DA:7,0
DA:10,0
DA:18,0
DA:23,0
DA:28,0
DA:37,0
DA:38,0
DA:45,0
DA:903,0
DA:910,0
DA:1036,0
LF:16
LH:0
BRDA:7,0,0,0
BRDA:7,0,1,0
BRDA:7,1,0,0
BRDA:7,1,1,0
BRDA:37,2,0,0
BRDA:37,2,1,0
BRDA:902,3,0,0
BRDA:902,3,1,0
BRDA:909,4,0,0
BRDA:909,4,1,0
BRF:10
BRH:0
end_of_record
TN:
SF:C:\Projects\hsse-project\reactjs\src\reducers\HSEArticleReducer.js
FN:5,(anonymous_0)
FNF:1
FNH:0
FNDA:0,(anonymous_0)
DA:1,0
DA:7,0
DA:10,0
DA:12,0
DA:14,0
DA:16,0
DA:20,0
LF:7
LH:0
BRDA:5,0,0,0
BRDA:7,1,0,0
BRDA:7,1,1,0
BRDA:7,1,2,0
BRDA:7,1,3,0
BRF:5
BRH:0
end_of_record
TN:
SF:C:\Projects\hsse-project\reactjs\src\reducers\authReducer.js
FN:8,(anonymous_0)
FNF:1
FNH:0
FNDA:0,(anonymous_0)
DA:1,0
DA:10,0
DA:13,0
DA:15,0
DA:17,0
DA:19,0
DA:21,0
DA:25,0
LF:8
LH:0
BRDA:8,0,0,0
BRDA:10,1,0,0
BRDA:10,1,1,0
BRDA:10,1,2,0
BRDA:10,1,3,0
BRDA:10,1,4,0
BRF:6
BRH:0
end_of_record
TN:
SF:C:\Projects\hsse-project\reactjs\src\reducers\index.js
FN:6,_interopRequireDefault
FNF:1
FNH:0
FNDA:0,_interopRequireDefault
DA:1,0
DA:2,0
DA:4,0
DA:6,0
LF:4
LH:0
BRDA:6,0,0,0
BRDA:6,0,1,0
BRDA:6,1,0,0
BRDA:6,1,1,0
BRF:4
BRH:0
end_of_record
